[0.098s] DEBUG:colcon:Command line arguments: ['/usr/bin/colcon', 'build']
[0.099s] DEBUG:colcon:Parsed command line arguments: Namespace(log_base=None, log_level=None, verb_name='build', build_base='build', install_base='install', merge_install=False, symlink_install=False, test_result_base=None, continue_on_error=False, executor='parallel', parallel_workers=4, event_handlers=None, ignore_user_meta=False, metas=['./colcon.meta'], base_paths=['.'], packages_ignore=None, packages_ignore_regex=None, paths=None, packages_up_to=None, packages_up_to_regex=None, packages_above=None, packages_above_and_dependencies=None, packages_above_depth=None, packages_select_by_dep=None, packages_skip_by_dep=None, packages_skip_up_to=None, packages_select_build_failed=False, packages_skip_build_finished=False, packages_select_test_failures=False, packages_skip_test_passed=False, packages_select=None, packages_skip=None, packages_select_regex=None, packages_skip_regex=None, packages_start=None, packages_end=None, allow_overriding=[], cmake_args=None, cmake_target=None, cmake_target_skip_unavailable=False, cmake_clean_cache=False, cmake_clean_first=False, cmake_force_configure=False, ament_cmake_args=None, catkin_cmake_args=None, catkin_skip_building_tests=False, verb_parser=<colcon_defaults.argument_parser.defaults.DefaultArgumentsDecorator object at 0x7f84630aeaa0>, verb_extension=<colcon_core.verb.build.BuildVerb object at 0x7f84630ae590>, main=<bound method BuildVerb.main of <colcon_core.verb.build.BuildVerb object at 0x7f84630ae590>>)
[0.270s] Level 1:colcon.colcon_core.package_discovery:discover_packages(colcon_meta) check parameters
[0.270s] Level 1:colcon.colcon_core.package_discovery:discover_packages(recursive) check parameters
[0.270s] Level 1:colcon.colcon_core.package_discovery:discover_packages(ignore) check parameters
[0.270s] Level 1:colcon.colcon_core.package_discovery:discover_packages(path) check parameters
[0.271s] Level 1:colcon.colcon_core.package_discovery:discover_packages(colcon_meta) discover
[0.271s] Level 1:colcon.colcon_core.package_discovery:discover_packages(recursive) discover
[0.271s] INFO:colcon.colcon_core.package_discovery:Crawling recursively for packages in '/home/cain/ros2_ws'
[0.271s] Level 1:colcon.colcon_core.package_identification:_identify(.) by extensions ['ignore', 'ignore_ament_install']
[0.271s] Level 1:colcon.colcon_core.package_identification:_identify(.) by extension 'ignore'
[0.271s] Level 1:colcon.colcon_core.package_identification:_identify(.) by extension 'ignore_ament_install'
[0.271s] Level 1:colcon.colcon_core.package_identification:_identify(.) by extensions ['colcon_pkg']
[0.271s] Level 1:colcon.colcon_core.package_identification:_identify(.) by extension 'colcon_pkg'
[0.271s] Level 1:colcon.colcon_core.package_identification:_identify(.) by extensions ['colcon_meta']
[0.271s] Level 1:colcon.colcon_core.package_identification:_identify(.) by extension 'colcon_meta'
[0.271s] Level 1:colcon.colcon_core.package_identification:_identify(.) by extensions ['ros']
[0.271s] Level 1:colcon.colcon_core.package_identification:_identify(.) by extension 'ros'
[0.282s] Level 1:colcon.colcon_core.package_identification:_identify(.) by extensions ['cmake', 'python']
[0.282s] Level 1:colcon.colcon_core.package_identification:_identify(.) by extension 'cmake'
[0.282s] Level 1:colcon.colcon_core.package_identification:_identify(.) by extension 'python'
[0.282s] Level 1:colcon.colcon_core.package_identification:_identify(.) by extensions ['python_setup_py']
[0.282s] Level 1:colcon.colcon_core.package_identification:_identify(.) by extension 'python_setup_py'
[0.282s] Level 1:colcon.colcon_core.package_identification:_identify(build) by extensions ['ignore', 'ignore_ament_install']
[0.282s] Level 1:colcon.colcon_core.package_identification:_identify(build) by extension 'ignore'
[0.283s] Level 1:colcon.colcon_core.package_identification:_identify(build) ignored
[0.283s] Level 1:colcon.colcon_core.package_identification:_identify(install) by extensions ['ignore', 'ignore_ament_install']
[0.283s] Level 1:colcon.colcon_core.package_identification:_identify(install) by extension 'ignore'
[0.283s] Level 1:colcon.colcon_core.package_identification:_identify(install) ignored
[0.283s] Level 1:colcon.colcon_core.package_identification:_identify(log) by extensions ['ignore', 'ignore_ament_install']
[0.283s] Level 1:colcon.colcon_core.package_identification:_identify(log) by extension 'ignore'
[0.283s] Level 1:colcon.colcon_core.package_identification:_identify(log) ignored
[0.283s] Level 1:colcon.colcon_core.package_identification:_identify(src) by extensions ['ignore', 'ignore_ament_install']
[0.283s] Level 1:colcon.colcon_core.package_identification:_identify(src) by extension 'ignore'
[0.283s] Level 1:colcon.colcon_core.package_identification:_identify(src) by extension 'ignore_ament_install'
[0.283s] Level 1:colcon.colcon_core.package_identification:_identify(src) by extensions ['colcon_pkg']
[0.283s] Level 1:colcon.colcon_core.package_identification:_identify(src) by extension 'colcon_pkg'
[0.283s] Level 1:colcon.colcon_core.package_identification:_identify(src) by extensions ['colcon_meta']
[0.283s] Level 1:colcon.colcon_core.package_identification:_identify(src) by extension 'colcon_meta'
[0.283s] Level 1:colcon.colcon_core.package_identification:_identify(src) by extensions ['ros']
[0.283s] Level 1:colcon.colcon_core.package_identification:_identify(src) by extension 'ros'
[0.283s] Level 1:colcon.colcon_core.package_identification:_identify(src) by extensions ['cmake', 'python']
[0.284s] Level 1:colcon.colcon_core.package_identification:_identify(src) by extension 'cmake'
[0.284s] Level 1:colcon.colcon_core.package_identification:_identify(src) by extension 'python'
[0.284s] Level 1:colcon.colcon_core.package_identification:_identify(src) by extensions ['python_setup_py']
[0.284s] Level 1:colcon.colcon_core.package_identification:_identify(src) by extension 'python_setup_py'
[0.284s] Level 1:colcon.colcon_core.package_identification:_identify(src/my_robot_controller) by extensions ['ignore', 'ignore_ament_install']
[0.284s] Level 1:colcon.colcon_core.package_identification:_identify(src/my_robot_controller) by extension 'ignore'
[0.284s] Level 1:colcon.colcon_core.package_identification:_identify(src/my_robot_controller) by extension 'ignore_ament_install'
[0.284s] Level 1:colcon.colcon_core.package_identification:_identify(src/my_robot_controller) by extensions ['colcon_pkg']
[0.284s] Level 1:colcon.colcon_core.package_identification:_identify(src/my_robot_controller) by extension 'colcon_pkg'
[0.284s] Level 1:colcon.colcon_core.package_identification:_identify(src/my_robot_controller) by extensions ['colcon_meta']
[0.284s] Level 1:colcon.colcon_core.package_identification:_identify(src/my_robot_controller) by extension 'colcon_meta'
[0.284s] Level 1:colcon.colcon_core.package_identification:_identify(src/my_robot_controller) by extensions ['ros']
[0.284s] Level 1:colcon.colcon_core.package_identification:_identify(src/my_robot_controller) by extension 'ros'
[0.288s] DEBUG:colcon.colcon_core.package_identification:Package 'src/my_robot_controller' with type 'ros.ament_python' and name 'my_robot_controller'
[0.288s] Level 1:colcon.colcon_core.package_identification:_identify(src/turtlebot3_simulations) by extensions ['ignore', 'ignore_ament_install']
[0.288s] Level 1:colcon.colcon_core.package_identification:_identify(src/turtlebot3_simulations) by extension 'ignore'
[0.288s] Level 1:colcon.colcon_core.package_identification:_identify(src/turtlebot3_simulations) by extension 'ignore_ament_install'
[0.288s] Level 1:colcon.colcon_core.package_identification:_identify(src/turtlebot3_simulations) by extensions ['colcon_pkg']
[0.288s] Level 1:colcon.colcon_core.package_identification:_identify(src/turtlebot3_simulations) by extension 'colcon_pkg'
[0.288s] Level 1:colcon.colcon_core.package_identification:_identify(src/turtlebot3_simulations) by extensions ['colcon_meta']
[0.288s] Level 1:colcon.colcon_core.package_identification:_identify(src/turtlebot3_simulations) by extension 'colcon_meta'
[0.288s] Level 1:colcon.colcon_core.package_identification:_identify(src/turtlebot3_simulations) by extensions ['ros']
[0.288s] Level 1:colcon.colcon_core.package_identification:_identify(src/turtlebot3_simulations) by extension 'ros'
[0.289s] Level 1:colcon.colcon_core.package_identification:_identify(src/turtlebot3_simulations) by extensions ['cmake', 'python']
[0.289s] Level 1:colcon.colcon_core.package_identification:_identify(src/turtlebot3_simulations) by extension 'cmake'
[0.289s] Level 1:colcon.colcon_core.package_identification:_identify(src/turtlebot3_simulations) by extension 'python'
[0.289s] Level 1:colcon.colcon_core.package_identification:_identify(src/turtlebot3_simulations) by extensions ['python_setup_py']
[0.289s] Level 1:colcon.colcon_core.package_identification:_identify(src/turtlebot3_simulations) by extension 'python_setup_py'
[0.289s] Level 1:colcon.colcon_core.package_identification:_identify(src/turtlebot3_simulations/turtlebot3_fake_node) by extensions ['ignore', 'ignore_ament_install']
[0.289s] Level 1:colcon.colcon_core.package_identification:_identify(src/turtlebot3_simulations/turtlebot3_fake_node) by extension 'ignore'
[0.289s] Level 1:colcon.colcon_core.package_identification:_identify(src/turtlebot3_simulations/turtlebot3_fake_node) by extension 'ignore_ament_install'
[0.289s] Level 1:colcon.colcon_core.package_identification:_identify(src/turtlebot3_simulations/turtlebot3_fake_node) by extensions ['colcon_pkg']
[0.289s] Level 1:colcon.colcon_core.package_identification:_identify(src/turtlebot3_simulations/turtlebot3_fake_node) by extension 'colcon_pkg'
[0.289s] Level 1:colcon.colcon_core.package_identification:_identify(src/turtlebot3_simulations/turtlebot3_fake_node) by extensions ['colcon_meta']
[0.289s] Level 1:colcon.colcon_core.package_identification:_identify(src/turtlebot3_simulations/turtlebot3_fake_node) by extension 'colcon_meta'
[0.290s] Level 1:colcon.colcon_core.package_identification:_identify(src/turtlebot3_simulations/turtlebot3_fake_node) by extensions ['ros']
[0.290s] Level 1:colcon.colcon_core.package_identification:_identify(src/turtlebot3_simulations/turtlebot3_fake_node) by extension 'ros'
[0.291s] DEBUG:colcon.colcon_core.package_identification:Package 'src/turtlebot3_simulations/turtlebot3_fake_node' with type 'ros.ament_cmake' and name 'turtlebot3_fake_node'
[0.291s] Level 1:colcon.colcon_core.package_identification:_identify(src/turtlebot3_simulations/turtlebot3_gazebo) by extensions ['ignore', 'ignore_ament_install']
[0.291s] Level 1:colcon.colcon_core.package_identification:_identify(src/turtlebot3_simulations/turtlebot3_gazebo) by extension 'ignore'
[0.291s] Level 1:colcon.colcon_core.package_identification:_identify(src/turtlebot3_simulations/turtlebot3_gazebo) by extension 'ignore_ament_install'
[0.291s] Level 1:colcon.colcon_core.package_identification:_identify(src/turtlebot3_simulations/turtlebot3_gazebo) by extensions ['colcon_pkg']
[0.292s] Level 1:colcon.colcon_core.package_identification:_identify(src/turtlebot3_simulations/turtlebot3_gazebo) by extension 'colcon_pkg'
[0.292s] Level 1:colcon.colcon_core.package_identification:_identify(src/turtlebot3_simulations/turtlebot3_gazebo) by extensions ['colcon_meta']
[0.292s] Level 1:colcon.colcon_core.package_identification:_identify(src/turtlebot3_simulations/turtlebot3_gazebo) by extension 'colcon_meta'
[0.292s] Level 1:colcon.colcon_core.package_identification:_identify(src/turtlebot3_simulations/turtlebot3_gazebo) by extensions ['ros']
[0.292s] Level 1:colcon.colcon_core.package_identification:_identify(src/turtlebot3_simulations/turtlebot3_gazebo) by extension 'ros'
[0.293s] DEBUG:colcon.colcon_core.package_identification:Package 'src/turtlebot3_simulations/turtlebot3_gazebo' with type 'ros.ament_cmake' and name 'turtlebot3_gazebo'
[0.293s] Level 1:colcon.colcon_core.package_identification:_identify(src/turtlebot3_simulations/turtlebot3_simulations) by extensions ['ignore', 'ignore_ament_install']
[0.293s] Level 1:colcon.colcon_core.package_identification:_identify(src/turtlebot3_simulations/turtlebot3_simulations) by extension 'ignore'
[0.293s] Level 1:colcon.colcon_core.package_identification:_identify(src/turtlebot3_simulations/turtlebot3_simulations) by extension 'ignore_ament_install'
[0.294s] Level 1:colcon.colcon_core.package_identification:_identify(src/turtlebot3_simulations/turtlebot3_simulations) by extensions ['colcon_pkg']
[0.294s] Level 1:colcon.colcon_core.package_identification:_identify(src/turtlebot3_simulations/turtlebot3_simulations) by extension 'colcon_pkg'
[0.294s] Level 1:colcon.colcon_core.package_identification:_identify(src/turtlebot3_simulations/turtlebot3_simulations) by extensions ['colcon_meta']
[0.294s] Level 1:colcon.colcon_core.package_identification:_identify(src/turtlebot3_simulations/turtlebot3_simulations) by extension 'colcon_meta'
[0.294s] Level 1:colcon.colcon_core.package_identification:_identify(src/turtlebot3_simulations/turtlebot3_simulations) by extensions ['ros']
[0.294s] Level 1:colcon.colcon_core.package_identification:_identify(src/turtlebot3_simulations/turtlebot3_simulations) by extension 'ros'
[0.294s] DEBUG:colcon.colcon_core.package_identification:Package 'src/turtlebot3_simulations/turtlebot3_simulations' with type 'ros.ament_cmake' and name 'turtlebot3_simulations'
[0.294s] Level 1:colcon.colcon_core.package_discovery:discover_packages(recursive) using defaults
[0.295s] Level 1:colcon.colcon_core.package_discovery:discover_packages(ignore) discover
[0.295s] Level 1:colcon.colcon_core.package_discovery:discover_packages(ignore) using defaults
[0.295s] Level 1:colcon.colcon_core.package_discovery:discover_packages(path) discover
[0.295s] Level 1:colcon.colcon_core.package_discovery:discover_packages(path) using defaults
[0.326s] Level 1:colcon.colcon_core.package_discovery:discover_packages(prefix_path) check parameters
[0.327s] Level 1:colcon.colcon_core.package_discovery:discover_packages(prefix_path) discover
[0.327s] WARNING:colcon.colcon_core.prefix_path.colcon:The path '/home/cain/turtlebot3_ws/install' in the environment variable COLCON_PREFIX_PATH doesn't exist
[0.328s] WARNING:colcon.colcon_ros.prefix_path.ament:The path '/home/cain/turtlebot3_ws/install/turtlebot3' in the environment variable AMENT_PREFIX_PATH doesn't exist
[0.328s] WARNING:colcon.colcon_ros.prefix_path.ament:The path '/home/cain/turtlebot3_ws/install/turtlebot3_teleop' in the environment variable AMENT_PREFIX_PATH doesn't exist
[0.328s] WARNING:colcon.colcon_ros.prefix_path.ament:The path '/home/cain/turtlebot3_ws/install/turtlebot3_bringup' in the environment variable AMENT_PREFIX_PATH doesn't exist
[0.328s] WARNING:colcon.colcon_ros.prefix_path.ament:The path '/home/cain/turtlebot3_ws/install/turtlebot3_node' in the environment variable AMENT_PREFIX_PATH doesn't exist
[0.328s] WARNING:colcon.colcon_ros.prefix_path.ament:The path '/home/cain/turtlebot3_ws/install/turtlebot3_navigation2' in the environment variable AMENT_PREFIX_PATH doesn't exist
[0.328s] WARNING:colcon.colcon_ros.prefix_path.ament:The path '/home/cain/turtlebot3_ws/install/turtlebot3_example' in the environment variable AMENT_PREFIX_PATH doesn't exist
[0.328s] WARNING:colcon.colcon_ros.prefix_path.ament:The path '/home/cain/turtlebot3_ws/install/turtlebot3_msgs' in the environment variable AMENT_PREFIX_PATH doesn't exist
[0.329s] WARNING:colcon.colcon_ros.prefix_path.ament:The path '/home/cain/turtlebot3_ws/install/turtlebot3_description' in the environment variable AMENT_PREFIX_PATH doesn't exist
[0.329s] WARNING:colcon.colcon_ros.prefix_path.ament:The path '/home/cain/turtlebot3_ws/install/turtlebot3_cartographer' in the environment variable AMENT_PREFIX_PATH doesn't exist
[0.329s] WARNING:colcon.colcon_ros.prefix_path.ament:The path '/home/cain/turtlebot3_ws/install/dynamixel_sdk_examples' in the environment variable AMENT_PREFIX_PATH doesn't exist
[0.329s] WARNING:colcon.colcon_ros.prefix_path.ament:The path '/home/cain/turtlebot3_ws/install/dynamixel_sdk_custom_interfaces' in the environment variable AMENT_PREFIX_PATH doesn't exist
[0.329s] WARNING:colcon.colcon_ros.prefix_path.ament:The path '/home/cain/turtlebot3_ws/install/dynamixel_sdk' in the environment variable AMENT_PREFIX_PATH doesn't exist
[0.329s] WARNING:colcon.colcon_ros.prefix_path.ament:The path '/home/cain/turtlebot3_ws/install/turtlebot3_simulations' in the environment variable AMENT_PREFIX_PATH doesn't exist
[0.329s] WARNING:colcon.colcon_ros.prefix_path.ament:The path '/home/cain/turtlebot3_ws/install/turtlebot3_gazebo' in the environment variable AMENT_PREFIX_PATH doesn't exist
[0.329s] WARNING:colcon.colcon_ros.prefix_path.ament:The path '/home/cain/turtlebot3_ws/install/turtlebot3_fake_node' in the environment variable AMENT_PREFIX_PATH doesn't exist
[0.329s] WARNING:colcon.colcon_ros.prefix_path.catkin:The path '/home/cain/turtlebot3_ws/install/turtlebot3' in the environment variable CMAKE_PREFIX_PATH doesn't exist
[0.330s] WARNING:colcon.colcon_ros.prefix_path.catkin:The path '/home/cain/turtlebot3_ws/install/turtlebot3_bringup' in the environment variable CMAKE_PREFIX_PATH doesn't exist
[0.330s] WARNING:colcon.colcon_ros.prefix_path.catkin:The path '/home/cain/turtlebot3_ws/install/turtlebot3_node' in the environment variable CMAKE_PREFIX_PATH doesn't exist
[0.330s] WARNING:colcon.colcon_ros.prefix_path.catkin:The path '/home/cain/turtlebot3_ws/install/turtlebot3_navigation2' in the environment variable CMAKE_PREFIX_PATH doesn't exist
[0.330s] WARNING:colcon.colcon_ros.prefix_path.catkin:The path '/home/cain/turtlebot3_ws/install/turtlebot3_msgs' in the environment variable CMAKE_PREFIX_PATH doesn't exist
[0.330s] WARNING:colcon.colcon_ros.prefix_path.catkin:The path '/home/cain/turtlebot3_ws/install/turtlebot3_description' in the environment variable CMAKE_PREFIX_PATH doesn't exist
[0.330s] WARNING:colcon.colcon_ros.prefix_path.catkin:The path '/home/cain/turtlebot3_ws/install/turtlebot3_cartographer' in the environment variable CMAKE_PREFIX_PATH doesn't exist
[0.330s] WARNING:colcon.colcon_ros.prefix_path.catkin:The path '/home/cain/turtlebot3_ws/install/dynamixel_sdk_examples' in the environment variable CMAKE_PREFIX_PATH doesn't exist
[0.330s] WARNING:colcon.colcon_ros.prefix_path.catkin:The path '/home/cain/turtlebot3_ws/install/dynamixel_sdk_custom_interfaces' in the environment variable CMAKE_PREFIX_PATH doesn't exist
[0.330s] WARNING:colcon.colcon_ros.prefix_path.catkin:The path '/home/cain/turtlebot3_ws/install/dynamixel_sdk' in the environment variable CMAKE_PREFIX_PATH doesn't exist
[0.330s] WARNING:colcon.colcon_ros.prefix_path.catkin:The path '/home/cain/turtlebot3_ws/install/turtlebot3_simulations' in the environment variable CMAKE_PREFIX_PATH doesn't exist
[0.331s] WARNING:colcon.colcon_ros.prefix_path.catkin:The path '/home/cain/turtlebot3_ws/install/turtlebot3_gazebo' in the environment variable CMAKE_PREFIX_PATH doesn't exist
[0.331s] WARNING:colcon.colcon_ros.prefix_path.catkin:The path '/home/cain/turtlebot3_ws/install/turtlebot3_fake_node' in the environment variable CMAKE_PREFIX_PATH doesn't exist
[0.331s] DEBUG:colcon.colcon_installed_package_information.package_discovery:Found 4 installed packages in /home/cain/ros2_ws/install
[0.333s] DEBUG:colcon.colcon_installed_package_information.package_discovery:Found 382 installed packages in /opt/ros/humble
[0.335s] Level 1:colcon.colcon_core.package_discovery:discover_packages(prefix_path) using defaults
[0.375s] Level 5:colcon.colcon_core.verb:set package 'my_robot_controller' build argument 'cmake_args' from command line to 'None'
[0.375s] Level 5:colcon.colcon_core.verb:set package 'my_robot_controller' build argument 'cmake_target' from command line to 'None'
[0.375s] Level 5:colcon.colcon_core.verb:set package 'my_robot_controller' build argument 'cmake_target_skip_unavailable' from command line to 'False'
[0.375s] Level 5:colcon.colcon_core.verb:set package 'my_robot_controller' build argument 'cmake_clean_cache' from command line to 'False'
[0.375s] Level 5:colcon.colcon_core.verb:set package 'my_robot_controller' build argument 'cmake_clean_first' from command line to 'False'
[0.375s] Level 5:colcon.colcon_core.verb:set package 'my_robot_controller' build argument 'cmake_force_configure' from command line to 'False'
[0.375s] Level 5:colcon.colcon_core.verb:set package 'my_robot_controller' build argument 'ament_cmake_args' from command line to 'None'
[0.375s] Level 5:colcon.colcon_core.verb:set package 'my_robot_controller' build argument 'catkin_cmake_args' from command line to 'None'
[0.375s] Level 5:colcon.colcon_core.verb:set package 'my_robot_controller' build argument 'catkin_skip_building_tests' from command line to 'False'
[0.375s] DEBUG:colcon.colcon_core.verb:Building package 'my_robot_controller' with the following arguments: {'ament_cmake_args': None, 'build_base': '/home/cain/ros2_ws/build/my_robot_controller', 'catkin_cmake_args': None, 'catkin_skip_building_tests': False, 'cmake_args': None, 'cmake_clean_cache': False, 'cmake_clean_first': False, 'cmake_force_configure': False, 'cmake_target': None, 'cmake_target_skip_unavailable': False, 'install_base': '/home/cain/ros2_ws/install/my_robot_controller', 'merge_install': False, 'path': '/home/cain/ros2_ws/src/my_robot_controller', 'symlink_install': False, 'test_result_base': None}
[0.375s] Level 5:colcon.colcon_core.verb:set package 'turtlebot3_fake_node' build argument 'cmake_args' from command line to 'None'
[0.376s] Level 5:colcon.colcon_core.verb:set package 'turtlebot3_fake_node' build argument 'cmake_target' from command line to 'None'
[0.376s] Level 5:colcon.colcon_core.verb:set package 'turtlebot3_fake_node' build argument 'cmake_target_skip_unavailable' from command line to 'False'
[0.376s] Level 5:colcon.colcon_core.verb:set package 'turtlebot3_fake_node' build argument 'cmake_clean_cache' from command line to 'False'
[0.376s] Level 5:colcon.colcon_core.verb:set package 'turtlebot3_fake_node' build argument 'cmake_clean_first' from command line to 'False'
[0.376s] Level 5:colcon.colcon_core.verb:set package 'turtlebot3_fake_node' build argument 'cmake_force_configure' from command line to 'False'
[0.376s] Level 5:colcon.colcon_core.verb:set package 'turtlebot3_fake_node' build argument 'ament_cmake_args' from command line to 'None'
[0.376s] Level 5:colcon.colcon_core.verb:set package 'turtlebot3_fake_node' build argument 'catkin_cmake_args' from command line to 'None'
[0.376s] Level 5:colcon.colcon_core.verb:set package 'turtlebot3_fake_node' build argument 'catkin_skip_building_tests' from command line to 'False'
[0.376s] DEBUG:colcon.colcon_core.verb:Building package 'turtlebot3_fake_node' with the following arguments: {'ament_cmake_args': None, 'build_base': '/home/cain/ros2_ws/build/turtlebot3_fake_node', 'catkin_cmake_args': None, 'catkin_skip_building_tests': False, 'cmake_args': None, 'cmake_clean_cache': False, 'cmake_clean_first': False, 'cmake_force_configure': False, 'cmake_target': None, 'cmake_target_skip_unavailable': False, 'install_base': '/home/cain/ros2_ws/install/turtlebot3_fake_node', 'merge_install': False, 'path': '/home/cain/ros2_ws/src/turtlebot3_simulations/turtlebot3_fake_node', 'symlink_install': False, 'test_result_base': None}
[0.376s] Level 5:colcon.colcon_core.verb:set package 'turtlebot3_gazebo' build argument 'cmake_args' from command line to 'None'
[0.376s] Level 5:colcon.colcon_core.verb:set package 'turtlebot3_gazebo' build argument 'cmake_target' from command line to 'None'
[0.376s] Level 5:colcon.colcon_core.verb:set package 'turtlebot3_gazebo' build argument 'cmake_target_skip_unavailable' from command line to 'False'
[0.376s] Level 5:colcon.colcon_core.verb:set package 'turtlebot3_gazebo' build argument 'cmake_clean_cache' from command line to 'False'
[0.376s] Level 5:colcon.colcon_core.verb:set package 'turtlebot3_gazebo' build argument 'cmake_clean_first' from command line to 'False'
[0.376s] Level 5:colcon.colcon_core.verb:set package 'turtlebot3_gazebo' build argument 'cmake_force_configure' from command line to 'False'
[0.376s] Level 5:colcon.colcon_core.verb:set package 'turtlebot3_gazebo' build argument 'ament_cmake_args' from command line to 'None'
[0.376s] Level 5:colcon.colcon_core.verb:set package 'turtlebot3_gazebo' build argument 'catkin_cmake_args' from command line to 'None'
[0.376s] Level 5:colcon.colcon_core.verb:set package 'turtlebot3_gazebo' build argument 'catkin_skip_building_tests' from command line to 'False'
[0.376s] DEBUG:colcon.colcon_core.verb:Building package 'turtlebot3_gazebo' with the following arguments: {'ament_cmake_args': None, 'build_base': '/home/cain/ros2_ws/build/turtlebot3_gazebo', 'catkin_cmake_args': None, 'catkin_skip_building_tests': False, 'cmake_args': None, 'cmake_clean_cache': False, 'cmake_clean_first': False, 'cmake_force_configure': False, 'cmake_target': None, 'cmake_target_skip_unavailable': False, 'install_base': '/home/cain/ros2_ws/install/turtlebot3_gazebo', 'merge_install': False, 'path': '/home/cain/ros2_ws/src/turtlebot3_simulations/turtlebot3_gazebo', 'symlink_install': False, 'test_result_base': None}
[0.376s] Level 5:colcon.colcon_core.verb:set package 'turtlebot3_simulations' build argument 'cmake_args' from command line to 'None'
[0.376s] Level 5:colcon.colcon_core.verb:set package 'turtlebot3_simulations' build argument 'cmake_target' from command line to 'None'
[0.376s] Level 5:colcon.colcon_core.verb:set package 'turtlebot3_simulations' build argument 'cmake_target_skip_unavailable' from command line to 'False'
[0.376s] Level 5:colcon.colcon_core.verb:set package 'turtlebot3_simulations' build argument 'cmake_clean_cache' from command line to 'False'
[0.376s] Level 5:colcon.colcon_core.verb:set package 'turtlebot3_simulations' build argument 'cmake_clean_first' from command line to 'False'
[0.377s] Level 5:colcon.colcon_core.verb:set package 'turtlebot3_simulations' build argument 'cmake_force_configure' from command line to 'False'
[0.377s] Level 5:colcon.colcon_core.verb:set package 'turtlebot3_simulations' build argument 'ament_cmake_args' from command line to 'None'
[0.377s] Level 5:colcon.colcon_core.verb:set package 'turtlebot3_simulations' build argument 'catkin_cmake_args' from command line to 'None'
[0.377s] Level 5:colcon.colcon_core.verb:set package 'turtlebot3_simulations' build argument 'catkin_skip_building_tests' from command line to 'False'
[0.377s] DEBUG:colcon.colcon_core.verb:Building package 'turtlebot3_simulations' with the following arguments: {'ament_cmake_args': None, 'build_base': '/home/cain/ros2_ws/build/turtlebot3_simulations', 'catkin_cmake_args': None, 'catkin_skip_building_tests': False, 'cmake_args': None, 'cmake_clean_cache': False, 'cmake_clean_first': False, 'cmake_force_configure': False, 'cmake_target': None, 'cmake_target_skip_unavailable': False, 'install_base': '/home/cain/ros2_ws/install/turtlebot3_simulations', 'merge_install': False, 'path': '/home/cain/ros2_ws/src/turtlebot3_simulations/turtlebot3_simulations', 'symlink_install': False, 'test_result_base': None}
[0.377s] INFO:colcon.colcon_core.executor:Executing jobs using 'parallel' executor
[0.378s] DEBUG:colcon.colcon_parallel_executor.executor.parallel:run_until_complete
[0.379s] INFO:colcon.colcon_ros.task.ament_cmake.build:Building ROS package in '/home/cain/ros2_ws/src/turtlebot3_simulations/turtlebot3_fake_node' with build type 'ament_cmake'
[0.379s] INFO:colcon.colcon_cmake.task.cmake.build:Building CMake package in '/home/cain/ros2_ws/src/turtlebot3_simulations/turtlebot3_fake_node'
[0.382s] INFO:colcon.colcon_core.plugin_system:Skipping extension 'colcon_core.shell.bat': Not used on non-Windows systems
[0.382s] INFO:colcon.colcon_core.shell:Skip shell extension 'powershell' for command environment: Not usable outside of PowerShell
[0.382s] DEBUG:colcon.colcon_core.shell:Skip shell extension 'dsv' for command environment
[0.388s] INFO:colcon.colcon_ros.task.ament_cmake.build:Building ROS package in '/home/cain/ros2_ws/src/turtlebot3_simulations/turtlebot3_gazebo' with build type 'ament_cmake'
[0.388s] INFO:colcon.colcon_cmake.task.cmake.build:Building CMake package in '/home/cain/ros2_ws/src/turtlebot3_simulations/turtlebot3_gazebo'
[0.388s] INFO:colcon.colcon_core.shell:Skip shell extension 'powershell' for command environment: Not usable outside of PowerShell
[0.388s] DEBUG:colcon.colcon_core.shell:Skip shell extension 'dsv' for command environment
[0.406s] INFO:colcon.colcon_ros.task.ament_python.build:Building ROS package in '/home/cain/ros2_ws/src/my_robot_controller' with build type 'ament_python'
[0.407s] Level 1:colcon.colcon_core.shell:create_environment_hook('my_robot_controller', 'ament_prefix_path')
[0.408s] INFO:colcon.colcon_core.shell:Creating environment hook '/home/cain/ros2_ws/install/my_robot_controller/share/my_robot_controller/hook/ament_prefix_path.ps1'
[0.409s] INFO:colcon.colcon_core.shell:Creating environment descriptor '/home/cain/ros2_ws/install/my_robot_controller/share/my_robot_controller/hook/ament_prefix_path.dsv'
[0.410s] INFO:colcon.colcon_core.shell:Creating environment hook '/home/cain/ros2_ws/install/my_robot_controller/share/my_robot_controller/hook/ament_prefix_path.sh'
[0.411s] INFO:colcon.colcon_core.shell:Skip shell extension 'powershell' for command environment: Not usable outside of PowerShell
[0.411s] DEBUG:colcon.colcon_core.shell:Skip shell extension 'dsv' for command environment
[0.432s] DEBUG:colcon.colcon_core.event_handler.log_command:Invoking command in '/home/cain/ros2_ws/build/turtlebot3_fake_node': CMAKE_PREFIX_PATH=${CMAKE_PREFIX_PATH}:/home/cain/turtlebot3_ws/install/turtlebot3_teleop:/home/cain/turtlebot3_ws/install/turtlebot3_example:/home/cain/ros2_ws/install/my_robot_controller:/opt/ros/humble /usr/bin/cmake --build /home/cain/ros2_ws/build/turtlebot3_fake_node -- -j4 -l4
[0.436s] DEBUG:colcon.colcon_core.event_handler.log_command:Invoking command in '/home/cain/ros2_ws/build/turtlebot3_gazebo': CMAKE_PREFIX_PATH=${CMAKE_PREFIX_PATH}:/home/cain/turtlebot3_ws/install/turtlebot3_teleop:/home/cain/turtlebot3_ws/install/turtlebot3_example:/home/cain/ros2_ws/install/my_robot_controller:/opt/ros/humble /usr/bin/cmake --build /home/cain/ros2_ws/build/turtlebot3_gazebo -- -j4 -l4
[0.737s] INFO:colcon.colcon_core.task.python.build:Building Python package in '/home/cain/ros2_ws/src/my_robot_controller'
[0.737s] INFO:colcon.colcon_core.shell:Skip shell extension 'powershell' for command environment: Not usable outside of PowerShell
[0.737s] DEBUG:colcon.colcon_core.shell:Skip shell extension 'dsv' for command environment
[0.747s] DEBUG:colcon.colcon_core.event_handler.log_command:Invoked command in '/home/cain/ros2_ws/build/turtlebot3_fake_node' returned '0': CMAKE_PREFIX_PATH=${CMAKE_PREFIX_PATH}:/home/cain/turtlebot3_ws/install/turtlebot3_teleop:/home/cain/turtlebot3_ws/install/turtlebot3_example:/home/cain/ros2_ws/install/my_robot_controller:/opt/ros/humble /usr/bin/cmake --build /home/cain/ros2_ws/build/turtlebot3_fake_node -- -j4 -l4
[0.749s] DEBUG:colcon.colcon_core.event_handler.log_command:Invoked command in '/home/cain/ros2_ws/build/turtlebot3_gazebo' returned '0': CMAKE_PREFIX_PATH=${CMAKE_PREFIX_PATH}:/home/cain/turtlebot3_ws/install/turtlebot3_teleop:/home/cain/turtlebot3_ws/install/turtlebot3_example:/home/cain/ros2_ws/install/my_robot_controller:/opt/ros/humble /usr/bin/cmake --build /home/cain/ros2_ws/build/turtlebot3_gazebo -- -j4 -l4
[0.810s] DEBUG:colcon.colcon_core.event_handler.log_command:Invoking command in '/home/cain/ros2_ws/build/turtlebot3_fake_node': CMAKE_PREFIX_PATH=${CMAKE_PREFIX_PATH}:/home/cain/turtlebot3_ws/install/turtlebot3_teleop:/home/cain/turtlebot3_ws/install/turtlebot3_example:/home/cain/ros2_ws/install/my_robot_controller:/opt/ros/humble /usr/bin/cmake --install /home/cain/ros2_ws/build/turtlebot3_fake_node
[0.828s] Level 1:colcon.colcon_core.environment:create_environment_scripts_only(turtlebot3_fake_node)
[0.831s] Level 1:colcon.colcon_core.environment:checking '/home/cain/ros2_ws/install/turtlebot3_fake_node' for CMake module files
[0.831s] Level 1:colcon.colcon_core.environment:checking '/home/cain/ros2_ws/install/turtlebot3_fake_node' for CMake config files
[0.831s] Level 1:colcon.colcon_core.shell:create_environment_hook('turtlebot3_fake_node', 'cmake_prefix_path')
[0.832s] INFO:colcon.colcon_core.shell:Creating environment hook '/home/cain/ros2_ws/install/turtlebot3_fake_node/share/turtlebot3_fake_node/hook/cmake_prefix_path.ps1'
[0.832s] INFO:colcon.colcon_core.shell:Creating environment descriptor '/home/cain/ros2_ws/install/turtlebot3_fake_node/share/turtlebot3_fake_node/hook/cmake_prefix_path.dsv'
[0.833s] INFO:colcon.colcon_core.shell:Creating environment hook '/home/cain/ros2_ws/install/turtlebot3_fake_node/share/turtlebot3_fake_node/hook/cmake_prefix_path.sh'
[0.834s] Level 1:colcon.colcon_core.environment:checking '/home/cain/ros2_ws/install/turtlebot3_fake_node/lib'
[0.834s] Level 1:colcon.colcon_core.environment:checking '/home/cain/ros2_ws/install/turtlebot3_fake_node/bin'
[0.834s] Level 1:colcon.colcon_core.environment:checking '/home/cain/ros2_ws/install/turtlebot3_fake_node/lib/pkgconfig/turtlebot3_fake_node.pc'
[0.834s] Level 1:colcon.colcon_core.environment:checking '/home/cain/ros2_ws/install/turtlebot3_fake_node/lib/python3.10/site-packages'
[0.834s] Level 1:colcon.colcon_core.environment:checking '/home/cain/ros2_ws/install/turtlebot3_fake_node/bin'
[0.834s] INFO:colcon.colcon_core.shell:Creating package script '/home/cain/ros2_ws/install/turtlebot3_fake_node/share/turtlebot3_fake_node/package.ps1'
[0.835s] INFO:colcon.colcon_core.shell:Creating package descriptor '/home/cain/ros2_ws/install/turtlebot3_fake_node/share/turtlebot3_fake_node/package.dsv'
[0.838s] DEBUG:colcon.colcon_core.event_handler.log_command:Invoked command in '/home/cain/ros2_ws/build/turtlebot3_fake_node' returned '0': CMAKE_PREFIX_PATH=${CMAKE_PREFIX_PATH}:/home/cain/turtlebot3_ws/install/turtlebot3_teleop:/home/cain/turtlebot3_ws/install/turtlebot3_example:/home/cain/ros2_ws/install/my_robot_controller:/opt/ros/humble /usr/bin/cmake --install /home/cain/ros2_ws/build/turtlebot3_fake_node
[0.839s] INFO:colcon.colcon_core.shell:Creating package script '/home/cain/ros2_ws/install/turtlebot3_fake_node/share/turtlebot3_fake_node/package.sh'
[0.840s] INFO:colcon.colcon_core.shell:Creating package script '/home/cain/ros2_ws/install/turtlebot3_fake_node/share/turtlebot3_fake_node/package.bash'
[0.841s] INFO:colcon.colcon_core.shell:Creating package script '/home/cain/ros2_ws/install/turtlebot3_fake_node/share/turtlebot3_fake_node/package.zsh'
[0.842s] Level 1:colcon.colcon_core.environment:create_file_with_runtime_dependencies(/home/cain/ros2_ws/install/turtlebot3_fake_node/share/colcon-core/packages/turtlebot3_fake_node)
[0.846s] DEBUG:colcon.colcon_core.event_handler.log_command:Invoking command in '/home/cain/ros2_ws/build/turtlebot3_gazebo': CMAKE_PREFIX_PATH=${CMAKE_PREFIX_PATH}:/home/cain/turtlebot3_ws/install/turtlebot3_teleop:/home/cain/turtlebot3_ws/install/turtlebot3_example:/home/cain/ros2_ws/install/my_robot_controller:/opt/ros/humble /usr/bin/cmake --install /home/cain/ros2_ws/build/turtlebot3_gazebo
[0.863s] Level 1:colcon.colcon_core.environment:create_environment_scripts_only(turtlebot3_gazebo)
[0.864s] Level 1:colcon.colcon_core.environment:checking '/home/cain/ros2_ws/install/turtlebot3_gazebo' for CMake module files
[0.864s] Level 1:colcon.colcon_core.environment:checking '/home/cain/ros2_ws/install/turtlebot3_gazebo' for CMake config files
[0.865s] Level 1:colcon.colcon_core.shell:create_environment_hook('turtlebot3_gazebo', 'cmake_prefix_path')
[0.865s] INFO:colcon.colcon_core.shell:Creating environment hook '/home/cain/ros2_ws/install/turtlebot3_gazebo/share/turtlebot3_gazebo/hook/cmake_prefix_path.ps1'
[0.866s] INFO:colcon.colcon_core.shell:Creating environment descriptor '/home/cain/ros2_ws/install/turtlebot3_gazebo/share/turtlebot3_gazebo/hook/cmake_prefix_path.dsv'
[0.867s] INFO:colcon.colcon_core.shell:Creating environment hook '/home/cain/ros2_ws/install/turtlebot3_gazebo/share/turtlebot3_gazebo/hook/cmake_prefix_path.sh'
[0.868s] Level 1:colcon.colcon_core.environment:checking '/home/cain/ros2_ws/install/turtlebot3_gazebo/lib'
[0.868s] Level 1:colcon.colcon_core.environment:checking '/home/cain/ros2_ws/install/turtlebot3_gazebo/bin'
[0.868s] Level 1:colcon.colcon_core.environment:checking '/home/cain/ros2_ws/install/turtlebot3_gazebo/lib/pkgconfig/turtlebot3_gazebo.pc'
[0.869s] Level 1:colcon.colcon_core.environment:checking '/home/cain/ros2_ws/install/turtlebot3_gazebo/lib/python3.10/site-packages'
[0.869s] Level 1:colcon.colcon_core.environment:checking '/home/cain/ros2_ws/install/turtlebot3_gazebo/bin'
[0.869s] INFO:colcon.colcon_core.shell:Creating package script '/home/cain/ros2_ws/install/turtlebot3_gazebo/share/turtlebot3_gazebo/package.ps1'
[0.870s] INFO:colcon.colcon_core.shell:Creating package descriptor '/home/cain/ros2_ws/install/turtlebot3_gazebo/share/turtlebot3_gazebo/package.dsv'
[0.871s] INFO:colcon.colcon_core.shell:Creating package script '/home/cain/ros2_ws/install/turtlebot3_gazebo/share/turtlebot3_gazebo/package.sh'
[0.871s] INFO:colcon.colcon_core.shell:Creating package script '/home/cain/ros2_ws/install/turtlebot3_gazebo/share/turtlebot3_gazebo/package.bash'
[0.872s] INFO:colcon.colcon_core.shell:Creating package script '/home/cain/ros2_ws/install/turtlebot3_gazebo/share/turtlebot3_gazebo/package.zsh'
[0.874s] Level 1:colcon.colcon_core.environment:create_file_with_runtime_dependencies(/home/cain/ros2_ws/install/turtlebot3_gazebo/share/colcon-core/packages/turtlebot3_gazebo)
[0.875s] DEBUG:colcon.colcon_core.event_handler.log_command:Invoked command in '/home/cain/ros2_ws/build/turtlebot3_gazebo' returned '0': CMAKE_PREFIX_PATH=${CMAKE_PREFIX_PATH}:/home/cain/turtlebot3_ws/install/turtlebot3_teleop:/home/cain/turtlebot3_ws/install/turtlebot3_example:/home/cain/ros2_ws/install/my_robot_controller:/opt/ros/humble /usr/bin/cmake --install /home/cain/ros2_ws/build/turtlebot3_gazebo
[0.899s] Level 1:colcon.colcon_core.environment:create_environment_scripts_only(turtlebot3_fake_node)
[0.899s] Level 1:colcon.colcon_core.environment:checking '/home/cain/ros2_ws/install/turtlebot3_fake_node' for CMake module files
[0.899s] Level 1:colcon.colcon_core.environment:checking '/home/cain/ros2_ws/install/turtlebot3_fake_node' for CMake config files
[0.900s] Level 1:colcon.colcon_core.shell:create_environment_hook('turtlebot3_fake_node', 'cmake_prefix_path')
[0.900s] INFO:colcon.colcon_core.shell:Creating environment hook '/home/cain/ros2_ws/install/turtlebot3_fake_node/share/turtlebot3_fake_node/hook/cmake_prefix_path.ps1'
[0.900s] INFO:colcon.colcon_core.shell:Creating environment descriptor '/home/cain/ros2_ws/install/turtlebot3_fake_node/share/turtlebot3_fake_node/hook/cmake_prefix_path.dsv'
[0.902s] INFO:colcon.colcon_core.shell:Creating environment hook '/home/cain/ros2_ws/install/turtlebot3_fake_node/share/turtlebot3_fake_node/hook/cmake_prefix_path.sh'
[0.902s] Level 1:colcon.colcon_core.environment:checking '/home/cain/ros2_ws/install/turtlebot3_fake_node/lib'
[0.902s] Level 1:colcon.colcon_core.environment:checking '/home/cain/ros2_ws/install/turtlebot3_fake_node/bin'
[0.902s] Level 1:colcon.colcon_core.environment:checking '/home/cain/ros2_ws/install/turtlebot3_fake_node/lib/pkgconfig/turtlebot3_fake_node.pc'
[0.902s] Level 1:colcon.colcon_core.environment:checking '/home/cain/ros2_ws/install/turtlebot3_fake_node/lib/python3.10/site-packages'
[0.903s] Level 1:colcon.colcon_core.environment:checking '/home/cain/ros2_ws/install/turtlebot3_fake_node/bin'
[0.903s] INFO:colcon.colcon_core.shell:Creating package script '/home/cain/ros2_ws/install/turtlebot3_fake_node/share/turtlebot3_fake_node/package.ps1'
[0.903s] INFO:colcon.colcon_core.shell:Creating package descriptor '/home/cain/ros2_ws/install/turtlebot3_fake_node/share/turtlebot3_fake_node/package.dsv'
[0.904s] INFO:colcon.colcon_core.shell:Creating package script '/home/cain/ros2_ws/install/turtlebot3_fake_node/share/turtlebot3_fake_node/package.sh'
[0.905s] INFO:colcon.colcon_core.shell:Creating package script '/home/cain/ros2_ws/install/turtlebot3_fake_node/share/turtlebot3_fake_node/package.bash'
[0.905s] INFO:colcon.colcon_core.shell:Creating package script '/home/cain/ros2_ws/install/turtlebot3_fake_node/share/turtlebot3_fake_node/package.zsh'
[0.906s] Level 1:colcon.colcon_core.environment:create_file_with_runtime_dependencies(/home/cain/ros2_ws/install/turtlebot3_fake_node/share/colcon-core/packages/turtlebot3_fake_node)
[0.955s] Level 1:colcon.colcon_core.environment:create_environment_scripts_only(turtlebot3_gazebo)
[0.955s] Level 1:colcon.colcon_core.environment:checking '/home/cain/ros2_ws/install/turtlebot3_gazebo' for CMake module files
[0.956s] Level 1:colcon.colcon_core.environment:checking '/home/cain/ros2_ws/install/turtlebot3_gazebo' for CMake config files
[0.957s] Level 1:colcon.colcon_core.shell:create_environment_hook('turtlebot3_gazebo', 'cmake_prefix_path')
[0.957s] INFO:colcon.colcon_core.shell:Creating environment hook '/home/cain/ros2_ws/install/turtlebot3_gazebo/share/turtlebot3_gazebo/hook/cmake_prefix_path.ps1'
[0.957s] INFO:colcon.colcon_core.shell:Creating environment descriptor '/home/cain/ros2_ws/install/turtlebot3_gazebo/share/turtlebot3_gazebo/hook/cmake_prefix_path.dsv'
[0.958s] INFO:colcon.colcon_core.shell:Creating environment hook '/home/cain/ros2_ws/install/turtlebot3_gazebo/share/turtlebot3_gazebo/hook/cmake_prefix_path.sh'
[0.958s] Level 1:colcon.colcon_core.environment:checking '/home/cain/ros2_ws/install/turtlebot3_gazebo/lib'
[0.959s] Level 1:colcon.colcon_core.environment:checking '/home/cain/ros2_ws/install/turtlebot3_gazebo/bin'
[0.959s] Level 1:colcon.colcon_core.environment:checking '/home/cain/ros2_ws/install/turtlebot3_gazebo/lib/pkgconfig/turtlebot3_gazebo.pc'
[0.959s] Level 1:colcon.colcon_core.environment:checking '/home/cain/ros2_ws/install/turtlebot3_gazebo/lib/python3.10/site-packages'
[0.959s] Level 1:colcon.colcon_core.environment:checking '/home/cain/ros2_ws/install/turtlebot3_gazebo/bin'
[0.959s] INFO:colcon.colcon_core.shell:Creating package script '/home/cain/ros2_ws/install/turtlebot3_gazebo/share/turtlebot3_gazebo/package.ps1'
[0.960s] INFO:colcon.colcon_core.shell:Creating package descriptor '/home/cain/ros2_ws/install/turtlebot3_gazebo/share/turtlebot3_gazebo/package.dsv'
[0.960s] INFO:colcon.colcon_core.shell:Creating package script '/home/cain/ros2_ws/install/turtlebot3_gazebo/share/turtlebot3_gazebo/package.sh'
[0.960s] INFO:colcon.colcon_core.shell:Creating package script '/home/cain/ros2_ws/install/turtlebot3_gazebo/share/turtlebot3_gazebo/package.bash'
[0.961s] INFO:colcon.colcon_core.shell:Creating package script '/home/cain/ros2_ws/install/turtlebot3_gazebo/share/turtlebot3_gazebo/package.zsh'
[0.961s] Level 1:colcon.colcon_core.environment:create_file_with_runtime_dependencies(/home/cain/ros2_ws/install/turtlebot3_gazebo/share/colcon-core/packages/turtlebot3_gazebo)
[0.963s] INFO:colcon.colcon_ros.task.ament_cmake.build:Building ROS package in '/home/cain/ros2_ws/src/turtlebot3_simulations/turtlebot3_simulations' with build type 'ament_cmake'
[0.963s] INFO:colcon.colcon_cmake.task.cmake.build:Building CMake package in '/home/cain/ros2_ws/src/turtlebot3_simulations/turtlebot3_simulations'
[0.963s] INFO:colcon.colcon_core.shell:Skip shell extension 'powershell' for command environment: Not usable outside of PowerShell
[0.963s] DEBUG:colcon.colcon_core.shell:Skip shell extension 'dsv' for command environment
[0.978s] DEBUG:colcon.colcon_core.event_handler.log_command:Invoking command in '/home/cain/ros2_ws/build/turtlebot3_simulations': CMAKE_PREFIX_PATH=/home/cain/ros2_ws/install/turtlebot3_gazebo:/home/cain/ros2_ws/install/turtlebot3_fake_node:/home/cain/ros2_ws/install/turtlebot3_simulations:/home/cain/turtlebot3_ws/install/turtlebot3:/home/cain/turtlebot3_ws/install/turtlebot3_bringup:/home/cain/turtlebot3_ws/install/turtlebot3_node:/home/cain/turtlebot3_ws/install/turtlebot3_navigation2:/home/cain/turtlebot3_ws/install/turtlebot3_msgs:/home/cain/turtlebot3_ws/install/turtlebot3_description:/home/cain/turtlebot3_ws/install/turtlebot3_cartographer:/home/cain/turtlebot3_ws/install/dynamixel_sdk_examples:/home/cain/turtlebot3_ws/install/dynamixel_sdk_custom_interfaces:/home/cain/turtlebot3_ws/install/dynamixel_sdk:/home/cain/turtlebot3_ws/install/turtlebot3_simulations:/home/cain/turtlebot3_ws/install/turtlebot3_gazebo:/home/cain/turtlebot3_ws/install/turtlebot3_fake_node:/home/cain/turtlebot3_ws/install/turtlebot3_teleop:/home/cain/turtlebot3_ws/install/turtlebot3_example:/home/cain/ros2_ws/install/my_robot_controller:/opt/ros/humble /usr/bin/cmake --build /home/cain/ros2_ws/build/turtlebot3_simulations -- -j4 -l4
[1.075s] DEBUG:colcon.colcon_core.event_handler.log_command:Invoked command in '/home/cain/ros2_ws/build/turtlebot3_simulations' returned '0': CMAKE_PREFIX_PATH=/home/cain/ros2_ws/install/turtlebot3_gazebo:/home/cain/ros2_ws/install/turtlebot3_fake_node:/home/cain/ros2_ws/install/turtlebot3_simulations:/home/cain/turtlebot3_ws/install/turtlebot3:/home/cain/turtlebot3_ws/install/turtlebot3_bringup:/home/cain/turtlebot3_ws/install/turtlebot3_node:/home/cain/turtlebot3_ws/install/turtlebot3_navigation2:/home/cain/turtlebot3_ws/install/turtlebot3_msgs:/home/cain/turtlebot3_ws/install/turtlebot3_description:/home/cain/turtlebot3_ws/install/turtlebot3_cartographer:/home/cain/turtlebot3_ws/install/dynamixel_sdk_examples:/home/cain/turtlebot3_ws/install/dynamixel_sdk_custom_interfaces:/home/cain/turtlebot3_ws/install/dynamixel_sdk:/home/cain/turtlebot3_ws/install/turtlebot3_simulations:/home/cain/turtlebot3_ws/install/turtlebot3_gazebo:/home/cain/turtlebot3_ws/install/turtlebot3_fake_node:/home/cain/turtlebot3_ws/install/turtlebot3_teleop:/home/cain/turtlebot3_ws/install/turtlebot3_example:/home/cain/ros2_ws/install/my_robot_controller:/opt/ros/humble /usr/bin/cmake --build /home/cain/ros2_ws/build/turtlebot3_simulations -- -j4 -l4
[1.142s] DEBUG:colcon.colcon_core.event_handler.log_command:Invoking command in '/home/cain/ros2_ws/src/my_robot_controller': PYTHONPATH=/home/cain/ros2_ws/build/my_robot_controller/prefix_override:/home/cain/ros2_ws/install/my_robot_controller/lib/python3.10/site-packages:${PYTHONPATH} /usr/bin/python3 -W ignore:setup.py install is deprecated setup.py egg_info --egg-base ../../build/my_robot_controller build --build-base /home/cain/ros2_ws/build/my_robot_controller/build install --record /home/cain/ros2_ws/build/my_robot_controller/install.log --single-version-externally-managed install_data
[1.142s] DEBUG:colcon.colcon_core.event_handler.log_command:Invoking command in '/home/cain/ros2_ws/build/turtlebot3_simulations': CMAKE_PREFIX_PATH=/home/cain/ros2_ws/install/turtlebot3_gazebo:/home/cain/ros2_ws/install/turtlebot3_fake_node:/home/cain/ros2_ws/install/turtlebot3_simulations:/home/cain/turtlebot3_ws/install/turtlebot3:/home/cain/turtlebot3_ws/install/turtlebot3_bringup:/home/cain/turtlebot3_ws/install/turtlebot3_node:/home/cain/turtlebot3_ws/install/turtlebot3_navigation2:/home/cain/turtlebot3_ws/install/turtlebot3_msgs:/home/cain/turtlebot3_ws/install/turtlebot3_description:/home/cain/turtlebot3_ws/install/turtlebot3_cartographer:/home/cain/turtlebot3_ws/install/dynamixel_sdk_examples:/home/cain/turtlebot3_ws/install/dynamixel_sdk_custom_interfaces:/home/cain/turtlebot3_ws/install/dynamixel_sdk:/home/cain/turtlebot3_ws/install/turtlebot3_simulations:/home/cain/turtlebot3_ws/install/turtlebot3_gazebo:/home/cain/turtlebot3_ws/install/turtlebot3_fake_node:/home/cain/turtlebot3_ws/install/turtlebot3_teleop:/home/cain/turtlebot3_ws/install/turtlebot3_example:/home/cain/ros2_ws/install/my_robot_controller:/opt/ros/humble /usr/bin/cmake --install /home/cain/ros2_ws/build/turtlebot3_simulations
[1.160s] Level 1:colcon.colcon_core.environment:create_environment_scripts_only(turtlebot3_simulations)
[1.161s] Level 1:colcon.colcon_core.environment:checking '/home/cain/ros2_ws/install/turtlebot3_simulations' for CMake module files
[1.161s] DEBUG:colcon.colcon_core.event_handler.log_command:Invoked command in '/home/cain/ros2_ws/build/turtlebot3_simulations' returned '0': CMAKE_PREFIX_PATH=/home/cain/ros2_ws/install/turtlebot3_gazebo:/home/cain/ros2_ws/install/turtlebot3_fake_node:/home/cain/ros2_ws/install/turtlebot3_simulations:/home/cain/turtlebot3_ws/install/turtlebot3:/home/cain/turtlebot3_ws/install/turtlebot3_bringup:/home/cain/turtlebot3_ws/install/turtlebot3_node:/home/cain/turtlebot3_ws/install/turtlebot3_navigation2:/home/cain/turtlebot3_ws/install/turtlebot3_msgs:/home/cain/turtlebot3_ws/install/turtlebot3_description:/home/cain/turtlebot3_ws/install/turtlebot3_cartographer:/home/cain/turtlebot3_ws/install/dynamixel_sdk_examples:/home/cain/turtlebot3_ws/install/dynamixel_sdk_custom_interfaces:/home/cain/turtlebot3_ws/install/dynamixel_sdk:/home/cain/turtlebot3_ws/install/turtlebot3_simulations:/home/cain/turtlebot3_ws/install/turtlebot3_gazebo:/home/cain/turtlebot3_ws/install/turtlebot3_fake_node:/home/cain/turtlebot3_ws/install/turtlebot3_teleop:/home/cain/turtlebot3_ws/install/turtlebot3_example:/home/cain/ros2_ws/install/my_robot_controller:/opt/ros/humble /usr/bin/cmake --install /home/cain/ros2_ws/build/turtlebot3_simulations
[1.162s] Level 1:colcon.colcon_core.environment:checking '/home/cain/ros2_ws/install/turtlebot3_simulations' for CMake config files
[1.162s] Level 1:colcon.colcon_core.shell:create_environment_hook('turtlebot3_simulations', 'cmake_prefix_path')
[1.162s] INFO:colcon.colcon_core.shell:Creating environment hook '/home/cain/ros2_ws/install/turtlebot3_simulations/share/turtlebot3_simulations/hook/cmake_prefix_path.ps1'
[1.163s] INFO:colcon.colcon_core.shell:Creating environment descriptor '/home/cain/ros2_ws/install/turtlebot3_simulations/share/turtlebot3_simulations/hook/cmake_prefix_path.dsv'
[1.164s] INFO:colcon.colcon_core.shell:Creating environment hook '/home/cain/ros2_ws/install/turtlebot3_simulations/share/turtlebot3_simulations/hook/cmake_prefix_path.sh'
[1.164s] Level 1:colcon.colcon_core.environment:checking '/home/cain/ros2_ws/install/turtlebot3_simulations/bin'
[1.164s] Level 1:colcon.colcon_core.environment:checking '/home/cain/ros2_ws/install/turtlebot3_simulations/lib/pkgconfig/turtlebot3_simulations.pc'
[1.165s] Level 1:colcon.colcon_core.environment:checking '/home/cain/ros2_ws/install/turtlebot3_simulations/lib/python3.10/site-packages'
[1.165s] Level 1:colcon.colcon_core.environment:checking '/home/cain/ros2_ws/install/turtlebot3_simulations/bin'
[1.165s] INFO:colcon.colcon_core.shell:Creating package script '/home/cain/ros2_ws/install/turtlebot3_simulations/share/turtlebot3_simulations/package.ps1'
[1.166s] INFO:colcon.colcon_core.shell:Creating package descriptor '/home/cain/ros2_ws/install/turtlebot3_simulations/share/turtlebot3_simulations/package.dsv'
[1.166s] INFO:colcon.colcon_core.shell:Creating package script '/home/cain/ros2_ws/install/turtlebot3_simulations/share/turtlebot3_simulations/package.sh'
[1.167s] INFO:colcon.colcon_core.shell:Creating package script '/home/cain/ros2_ws/install/turtlebot3_simulations/share/turtlebot3_simulations/package.bash'
[1.167s] INFO:colcon.colcon_core.shell:Creating package script '/home/cain/ros2_ws/install/turtlebot3_simulations/share/turtlebot3_simulations/package.zsh'
[1.169s] Level 1:colcon.colcon_core.environment:create_file_with_runtime_dependencies(/home/cain/ros2_ws/install/turtlebot3_simulations/share/colcon-core/packages/turtlebot3_simulations)
[1.221s] Level 1:colcon.colcon_core.environment:create_environment_scripts_only(turtlebot3_simulations)
[1.221s] Level 1:colcon.colcon_core.environment:checking '/home/cain/ros2_ws/install/turtlebot3_simulations' for CMake module files
[1.222s] Level 1:colcon.colcon_core.environment:checking '/home/cain/ros2_ws/install/turtlebot3_simulations' for CMake config files
[1.222s] Level 1:colcon.colcon_core.shell:create_environment_hook('turtlebot3_simulations', 'cmake_prefix_path')
[1.222s] INFO:colcon.colcon_core.shell:Creating environment hook '/home/cain/ros2_ws/install/turtlebot3_simulations/share/turtlebot3_simulations/hook/cmake_prefix_path.ps1'
[1.223s] INFO:colcon.colcon_core.shell:Creating environment descriptor '/home/cain/ros2_ws/install/turtlebot3_simulations/share/turtlebot3_simulations/hook/cmake_prefix_path.dsv'
[1.223s] INFO:colcon.colcon_core.shell:Creating environment hook '/home/cain/ros2_ws/install/turtlebot3_simulations/share/turtlebot3_simulations/hook/cmake_prefix_path.sh'
[1.224s] Level 1:colcon.colcon_core.environment:checking '/home/cain/ros2_ws/install/turtlebot3_simulations/bin'
[1.224s] Level 1:colcon.colcon_core.environment:checking '/home/cain/ros2_ws/install/turtlebot3_simulations/lib/pkgconfig/turtlebot3_simulations.pc'
[1.224s] Level 1:colcon.colcon_core.environment:checking '/home/cain/ros2_ws/install/turtlebot3_simulations/lib/python3.10/site-packages'
[1.225s] Level 1:colcon.colcon_core.environment:checking '/home/cain/ros2_ws/install/turtlebot3_simulations/bin'
[1.225s] INFO:colcon.colcon_core.shell:Creating package script '/home/cain/ros2_ws/install/turtlebot3_simulations/share/turtlebot3_simulations/package.ps1'
[1.226s] INFO:colcon.colcon_core.shell:Creating package descriptor '/home/cain/ros2_ws/install/turtlebot3_simulations/share/turtlebot3_simulations/package.dsv'
[1.226s] INFO:colcon.colcon_core.shell:Creating package script '/home/cain/ros2_ws/install/turtlebot3_simulations/share/turtlebot3_simulations/package.sh'
[1.228s] INFO:colcon.colcon_core.shell:Creating package script '/home/cain/ros2_ws/install/turtlebot3_simulations/share/turtlebot3_simulations/package.bash'
[1.229s] INFO:colcon.colcon_core.shell:Creating package script '/home/cain/ros2_ws/install/turtlebot3_simulations/share/turtlebot3_simulations/package.zsh'
[1.230s] Level 1:colcon.colcon_core.environment:create_file_with_runtime_dependencies(/home/cain/ros2_ws/install/turtlebot3_simulations/share/colcon-core/packages/turtlebot3_simulations)
[1.432s] Level 1:colcon.colcon_core.environment:checking '/home/cain/ros2_ws/install/my_robot_controller' for CMake module files
[1.433s] DEBUG:colcon.colcon_core.event_handler.log_command:Invoked command in '/home/cain/ros2_ws/src/my_robot_controller' returned '0': PYTHONPATH=/home/cain/ros2_ws/build/my_robot_controller/prefix_override:/home/cain/ros2_ws/install/my_robot_controller/lib/python3.10/site-packages:${PYTHONPATH} /usr/bin/python3 -W ignore:setup.py install is deprecated setup.py egg_info --egg-base ../../build/my_robot_controller build --build-base /home/cain/ros2_ws/build/my_robot_controller/build install --record /home/cain/ros2_ws/build/my_robot_controller/install.log --single-version-externally-managed install_data
[1.433s] Level 1:colcon.colcon_core.environment:checking '/home/cain/ros2_ws/install/my_robot_controller' for CMake config files
[1.434s] Level 1:colcon.colcon_core.environment:checking '/home/cain/ros2_ws/install/my_robot_controller/lib'
[1.434s] Level 1:colcon.colcon_core.environment:checking '/home/cain/ros2_ws/install/my_robot_controller/bin'
[1.434s] Level 1:colcon.colcon_core.environment:checking '/home/cain/ros2_ws/install/my_robot_controller/lib/pkgconfig/my_robot_controller.pc'
[1.434s] Level 1:colcon.colcon_core.environment:checking '/home/cain/ros2_ws/install/my_robot_controller/lib/python3.10/site-packages'
[1.434s] Level 1:colcon.colcon_core.shell:create_environment_hook('my_robot_controller', 'pythonpath')
[1.434s] INFO:colcon.colcon_core.shell:Creating environment hook '/home/cain/ros2_ws/install/my_robot_controller/share/my_robot_controller/hook/pythonpath.ps1'
[1.435s] INFO:colcon.colcon_core.shell:Creating environment descriptor '/home/cain/ros2_ws/install/my_robot_controller/share/my_robot_controller/hook/pythonpath.dsv'
[1.435s] INFO:colcon.colcon_core.shell:Creating environment hook '/home/cain/ros2_ws/install/my_robot_controller/share/my_robot_controller/hook/pythonpath.sh'
[1.436s] Level 1:colcon.colcon_core.environment:checking '/home/cain/ros2_ws/install/my_robot_controller/bin'
[1.436s] Level 1:colcon.colcon_core.environment:create_environment_scripts_only(my_robot_controller)
[1.436s] INFO:colcon.colcon_core.shell:Creating package script '/home/cain/ros2_ws/install/my_robot_controller/share/my_robot_controller/package.ps1'
[1.437s] INFO:colcon.colcon_core.shell:Creating package descriptor '/home/cain/ros2_ws/install/my_robot_controller/share/my_robot_controller/package.dsv'
[1.437s] INFO:colcon.colcon_core.shell:Creating package script '/home/cain/ros2_ws/install/my_robot_controller/share/my_robot_controller/package.sh'
[1.438s] INFO:colcon.colcon_core.shell:Creating package script '/home/cain/ros2_ws/install/my_robot_controller/share/my_robot_controller/package.bash'
[1.438s] INFO:colcon.colcon_core.shell:Creating package script '/home/cain/ros2_ws/install/my_robot_controller/share/my_robot_controller/package.zsh'
[1.438s] Level 1:colcon.colcon_core.environment:create_file_with_runtime_dependencies(/home/cain/ros2_ws/install/my_robot_controller/share/colcon-core/packages/my_robot_controller)
[1.439s] DEBUG:colcon.colcon_parallel_executor.executor.parallel:closing loop
[1.439s] DEBUG:colcon.colcon_parallel_executor.executor.parallel:loop closed
[1.439s] DEBUG:colcon.colcon_parallel_executor.executor.parallel:run_until_complete finished with '0'
[1.440s] DEBUG:colcon.colcon_core.event_reactor:joining thread
[1.445s] INFO:colcon.colcon_core.plugin_system:Skipping extension 'colcon_notification.desktop_notification.terminal_notifier': Not used on non-Darwin systems
[1.445s] INFO:colcon.colcon_core.plugin_system:Skipping extension 'colcon_notification.desktop_notification.win32': Not used on non-Windows systems
[1.445s] INFO:colcon.colcon_notification.desktop_notification:Sending desktop notification using 'notify2'
[1.459s] DEBUG:colcon.colcon_core.event_reactor:joined thread
[1.459s] INFO:colcon.colcon_core.shell:Creating prefix script '/home/cain/ros2_ws/install/local_setup.ps1'
[1.460s] INFO:colcon.colcon_core.shell:Creating prefix util module '/home/cain/ros2_ws/install/_local_setup_util_ps1.py'
[1.464s] INFO:colcon.colcon_core.shell:Creating prefix chain script '/home/cain/ros2_ws/install/setup.ps1'
[1.465s] INFO:colcon.colcon_core.shell:Creating prefix script '/home/cain/ros2_ws/install/local_setup.sh'
[1.466s] INFO:colcon.colcon_core.shell:Creating prefix util module '/home/cain/ros2_ws/install/_local_setup_util_sh.py'
[1.467s] INFO:colcon.colcon_core.shell:Creating prefix chain script '/home/cain/ros2_ws/install/setup.sh'
[1.468s] INFO:colcon.colcon_core.shell:Creating prefix script '/home/cain/ros2_ws/install/local_setup.bash'
[1.469s] INFO:colcon.colcon_core.shell:Creating prefix chain script '/home/cain/ros2_ws/install/setup.bash'
[1.470s] INFO:colcon.colcon_core.shell:Creating prefix script '/home/cain/ros2_ws/install/local_setup.zsh'
[1.471s] INFO:colcon.colcon_core.shell:Creating prefix chain script '/home/cain/ros2_ws/install/setup.zsh'
