[2.240s] Invoking command in '/home/cain/ros2_ws/src/my_robot_controller': PYTHONPATH=/home/cain/ros2_ws/build/my_robot_controller/prefix_override:/home/cain/ros2_ws/install/my_robot_controller/lib/python3.10/site-packages:${PYTHONPATH} /usr/bin/python3 -W ignore:setup.py install is deprecated setup.py egg_info --egg-base ../../build/my_robot_controller build --build-base /home/cain/ros2_ws/build/my_robot_controller/build install --record /home/cain/ros2_ws/build/my_robot_controller/install.log --single-version-externally-managed install_data
[3.065s] running egg_info
[3.067s] writing ../../build/my_robot_controller/my_robot_controller.egg-info/PKG-INFO
[3.073s] writing dependency_links to ../../build/my_robot_controller/my_robot_controller.egg-info/dependency_links.txt
[3.074s] writing entry points to ../../build/my_robot_controller/my_robot_controller.egg-info/entry_points.txt
[3.074s] writing requirements to ../../build/my_robot_controller/my_robot_controller.egg-info/requires.txt
[3.074s] writing top-level names to ../../build/my_robot_controller/my_robot_controller.egg-info/top_level.txt
[3.100s] reading manifest file '../../build/my_robot_controller/my_robot_controller.egg-info/SOURCES.txt'
[3.119s] writing manifest file '../../build/my_robot_controller/my_robot_controller.egg-info/SOURCES.txt'
[3.119s] running build
[3.119s] running build_py
[3.120s] running install
[3.120s] running install_lib
[3.120s] running install_data
[3.120s] running install_egg_info
[3.125s] removing '/home/cain/ros2_ws/install/my_robot_controller/lib/python3.10/site-packages/my_robot_controller-0.0.0-py3.10.egg-info' (and everything under it)
[3.127s] Copying ../../build/my_robot_controller/my_robot_controller.egg-info to /home/cain/ros2_ws/install/my_robot_controller/lib/python3.10/site-packages/my_robot_controller-0.0.0-py3.10.egg-info
[3.130s] running install_scripts
[3.185s] Installing draw_circle script to /home/cain/ros2_ws/install/my_robot_controller/lib/my_robot_controller
[3.190s] Installing mapping script to /home/cain/ros2_ws/install/my_robot_controller/lib/my_robot_controller
[3.190s] Installing pose_sub script to /home/cain/ros2_ws/install/my_robot_controller/lib/my_robot_controller
[3.190s] Installing test_node script to /home/cain/ros2_ws/install/my_robot_controller/lib/my_robot_controller
[3.190s] Installing turtle_controller script to /home/cain/ros2_ws/install/my_robot_controller/lib/my_robot_controller
[3.190s] writing list of installed files to '/home/cain/ros2_ws/build/my_robot_controller/install.log'
[3.264s] Invoked command in '/home/cain/ros2_ws/src/my_robot_controller' returned '0': PYTHONPATH=/home/cain/ros2_ws/build/my_robot_controller/prefix_override:/home/cain/ros2_ws/install/my_robot_controller/lib/python3.10/site-packages:${PYTHONPATH} /usr/bin/python3 -W ignore:setup.py install is deprecated setup.py egg_info --egg-base ../../build/my_robot_controller build --build-base /home/cain/ros2_ws/build/my_robot_controller/build install --record /home/cain/ros2_ws/build/my_robot_controller/install.log --single-version-externally-managed install_data
