[0.098s] DEBUG:colcon:Command line arguments: ['/usr/bin/colcon', 'build']
[0.098s] DEBUG:colcon:Parsed command line arguments: Namespace(log_base=None, log_level=None, verb_name='build', build_base='build', install_base='install', merge_install=False, symlink_install=False, test_result_base=None, continue_on_error=False, executor='parallel', parallel_workers=4, event_handlers=None, ignore_user_meta=False, metas=['./colcon.meta'], base_paths=['.'], packages_ignore=None, packages_ignore_regex=None, paths=None, packages_up_to=None, packages_up_to_regex=None, packages_above=None, packages_above_and_dependencies=None, packages_above_depth=None, packages_select_by_dep=None, packages_skip_by_dep=None, packages_skip_up_to=None, packages_select_build_failed=False, packages_skip_build_finished=False, packages_select_test_failures=False, packages_skip_test_passed=False, packages_select=None, packages_skip=None, packages_select_regex=None, packages_skip_regex=None, packages_start=None, packages_end=None, allow_overriding=[], cmake_args=None, cmake_target=None, cmake_target_skip_unavailable=False, cmake_clean_cache=False, cmake_clean_first=False, cmake_force_configure=False, ament_cmake_args=None, catkin_cmake_args=None, catkin_skip_building_tests=False, verb_parser=<colcon_defaults.argument_parser.defaults.DefaultArgumentsDecorator object at 0x7f61be92aaa0>, verb_extension=<colcon_core.verb.build.BuildVerb object at 0x7f61be92a590>, main=<bound method BuildVerb.main of <colcon_core.verb.build.BuildVerb object at 0x7f61be92a590>>)
[0.268s] Level 1:colcon.colcon_core.package_discovery:discover_packages(colcon_meta) check parameters
[0.268s] Level 1:colcon.colcon_core.package_discovery:discover_packages(recursive) check parameters
[0.268s] Level 1:colcon.colcon_core.package_discovery:discover_packages(ignore) check parameters
[0.268s] Level 1:colcon.colcon_core.package_discovery:discover_packages(path) check parameters
[0.268s] Level 1:colcon.colcon_core.package_discovery:discover_packages(colcon_meta) discover
[0.268s] Level 1:colcon.colcon_core.package_discovery:discover_packages(recursive) discover
[0.269s] INFO:colcon.colcon_core.package_discovery:Crawling recursively for packages in '/home/cain/ros2_ws'
[0.269s] Level 1:colcon.colcon_core.package_identification:_identify(.) by extensions ['ignore', 'ignore_ament_install']
[0.269s] Level 1:colcon.colcon_core.package_identification:_identify(.) by extension 'ignore'
[0.269s] Level 1:colcon.colcon_core.package_identification:_identify(.) by extension 'ignore_ament_install'
[0.269s] Level 1:colcon.colcon_core.package_identification:_identify(.) by extensions ['colcon_pkg']
[0.269s] Level 1:colcon.colcon_core.package_identification:_identify(.) by extension 'colcon_pkg'
[0.269s] Level 1:colcon.colcon_core.package_identification:_identify(.) by extensions ['colcon_meta']
[0.269s] Level 1:colcon.colcon_core.package_identification:_identify(.) by extension 'colcon_meta'
[0.269s] Level 1:colcon.colcon_core.package_identification:_identify(.) by extensions ['ros']
[0.269s] Level 1:colcon.colcon_core.package_identification:_identify(.) by extension 'ros'
[0.279s] Level 1:colcon.colcon_core.package_identification:_identify(.) by extensions ['cmake', 'python']
[0.279s] Level 1:colcon.colcon_core.package_identification:_identify(.) by extension 'cmake'
[0.279s] Level 1:colcon.colcon_core.package_identification:_identify(.) by extension 'python'
[0.279s] Level 1:colcon.colcon_core.package_identification:_identify(.) by extensions ['python_setup_py']
[0.279s] Level 1:colcon.colcon_core.package_identification:_identify(.) by extension 'python_setup_py'
[0.279s] Level 1:colcon.colcon_core.package_identification:_identify(build) by extensions ['ignore', 'ignore_ament_install']
[0.279s] Level 1:colcon.colcon_core.package_identification:_identify(build) by extension 'ignore'
[0.279s] Level 1:colcon.colcon_core.package_identification:_identify(build) ignored
[0.280s] Level 1:colcon.colcon_core.package_identification:_identify(install) by extensions ['ignore', 'ignore_ament_install']
[0.280s] Level 1:colcon.colcon_core.package_identification:_identify(install) by extension 'ignore'
[0.280s] Level 1:colcon.colcon_core.package_identification:_identify(install) ignored
[0.280s] Level 1:colcon.colcon_core.package_identification:_identify(log) by extensions ['ignore', 'ignore_ament_install']
[0.280s] Level 1:colcon.colcon_core.package_identification:_identify(log) by extension 'ignore'
[0.280s] Level 1:colcon.colcon_core.package_identification:_identify(log) ignored
[0.280s] Level 1:colcon.colcon_core.package_identification:_identify(src) by extensions ['ignore', 'ignore_ament_install']
[0.280s] Level 1:colcon.colcon_core.package_identification:_identify(src) by extension 'ignore'
[0.280s] Level 1:colcon.colcon_core.package_identification:_identify(src) by extension 'ignore_ament_install'
[0.280s] Level 1:colcon.colcon_core.package_identification:_identify(src) by extensions ['colcon_pkg']
[0.280s] Level 1:colcon.colcon_core.package_identification:_identify(src) by extension 'colcon_pkg'
[0.280s] Level 1:colcon.colcon_core.package_identification:_identify(src) by extensions ['colcon_meta']
[0.280s] Level 1:colcon.colcon_core.package_identification:_identify(src) by extension 'colcon_meta'
[0.280s] Level 1:colcon.colcon_core.package_identification:_identify(src) by extensions ['ros']
[0.280s] Level 1:colcon.colcon_core.package_identification:_identify(src) by extension 'ros'
[0.280s] Level 1:colcon.colcon_core.package_identification:_identify(src) by extensions ['cmake', 'python']
[0.280s] Level 1:colcon.colcon_core.package_identification:_identify(src) by extension 'cmake'
[0.280s] Level 1:colcon.colcon_core.package_identification:_identify(src) by extension 'python'
[0.281s] Level 1:colcon.colcon_core.package_identification:_identify(src) by extensions ['python_setup_py']
[0.281s] Level 1:colcon.colcon_core.package_identification:_identify(src) by extension 'python_setup_py'
[0.281s] Level 1:colcon.colcon_core.package_identification:_identify(src/my_robot_controller) by extensions ['ignore', 'ignore_ament_install']
[0.281s] Level 1:colcon.colcon_core.package_identification:_identify(src/my_robot_controller) by extension 'ignore'
[0.281s] Level 1:colcon.colcon_core.package_identification:_identify(src/my_robot_controller) by extension 'ignore_ament_install'
[0.281s] Level 1:colcon.colcon_core.package_identification:_identify(src/my_robot_controller) by extensions ['colcon_pkg']
[0.281s] Level 1:colcon.colcon_core.package_identification:_identify(src/my_robot_controller) by extension 'colcon_pkg'
[0.281s] Level 1:colcon.colcon_core.package_identification:_identify(src/my_robot_controller) by extensions ['colcon_meta']
[0.281s] Level 1:colcon.colcon_core.package_identification:_identify(src/my_robot_controller) by extension 'colcon_meta'
[0.281s] Level 1:colcon.colcon_core.package_identification:_identify(src/my_robot_controller) by extensions ['ros']
[0.281s] Level 1:colcon.colcon_core.package_identification:_identify(src/my_robot_controller) by extension 'ros'
[0.283s] DEBUG:colcon.colcon_core.package_identification:Package 'src/my_robot_controller' with type 'ros.ament_python' and name 'my_robot_controller'
[0.283s] Level 1:colcon.colcon_core.package_identification:_identify(src/turtlebot3_simulations) by extensions ['ignore', 'ignore_ament_install']
[0.283s] Level 1:colcon.colcon_core.package_identification:_identify(src/turtlebot3_simulations) by extension 'ignore'
[0.283s] Level 1:colcon.colcon_core.package_identification:_identify(src/turtlebot3_simulations) by extension 'ignore_ament_install'
[0.283s] Level 1:colcon.colcon_core.package_identification:_identify(src/turtlebot3_simulations) by extensions ['colcon_pkg']
[0.283s] Level 1:colcon.colcon_core.package_identification:_identify(src/turtlebot3_simulations) by extension 'colcon_pkg'
[0.283s] Level 1:colcon.colcon_core.package_identification:_identify(src/turtlebot3_simulations) by extensions ['colcon_meta']
[0.283s] Level 1:colcon.colcon_core.package_identification:_identify(src/turtlebot3_simulations) by extension 'colcon_meta'
[0.283s] Level 1:colcon.colcon_core.package_identification:_identify(src/turtlebot3_simulations) by extensions ['ros']
[0.284s] Level 1:colcon.colcon_core.package_identification:_identify(src/turtlebot3_simulations) by extension 'ros'
[0.284s] Level 1:colcon.colcon_core.package_identification:_identify(src/turtlebot3_simulations) by extensions ['cmake', 'python']
[0.284s] Level 1:colcon.colcon_core.package_identification:_identify(src/turtlebot3_simulations) by extension 'cmake'
[0.284s] Level 1:colcon.colcon_core.package_identification:_identify(src/turtlebot3_simulations) by extension 'python'
[0.284s] Level 1:colcon.colcon_core.package_identification:_identify(src/turtlebot3_simulations) by extensions ['python_setup_py']
[0.284s] Level 1:colcon.colcon_core.package_identification:_identify(src/turtlebot3_simulations) by extension 'python_setup_py'
[0.284s] Level 1:colcon.colcon_core.package_identification:_identify(src/turtlebot3_simulations/turtlebot3_fake_node) by extensions ['ignore', 'ignore_ament_install']
[0.284s] Level 1:colcon.colcon_core.package_identification:_identify(src/turtlebot3_simulations/turtlebot3_fake_node) by extension 'ignore'
[0.284s] Level 1:colcon.colcon_core.package_identification:_identify(src/turtlebot3_simulations/turtlebot3_fake_node) by extension 'ignore_ament_install'
[0.284s] Level 1:colcon.colcon_core.package_identification:_identify(src/turtlebot3_simulations/turtlebot3_fake_node) by extensions ['colcon_pkg']
[0.284s] Level 1:colcon.colcon_core.package_identification:_identify(src/turtlebot3_simulations/turtlebot3_fake_node) by extension 'colcon_pkg'
[0.284s] Level 1:colcon.colcon_core.package_identification:_identify(src/turtlebot3_simulations/turtlebot3_fake_node) by extensions ['colcon_meta']
[0.284s] Level 1:colcon.colcon_core.package_identification:_identify(src/turtlebot3_simulations/turtlebot3_fake_node) by extension 'colcon_meta'
[0.284s] Level 1:colcon.colcon_core.package_identification:_identify(src/turtlebot3_simulations/turtlebot3_fake_node) by extensions ['ros']
[0.284s] Level 1:colcon.colcon_core.package_identification:_identify(src/turtlebot3_simulations/turtlebot3_fake_node) by extension 'ros'
[0.285s] DEBUG:colcon.colcon_core.package_identification:Package 'src/turtlebot3_simulations/turtlebot3_fake_node' with type 'ros.ament_cmake' and name 'turtlebot3_fake_node'
[0.285s] Level 1:colcon.colcon_core.package_identification:_identify(src/turtlebot3_simulations/turtlebot3_gazebo) by extensions ['ignore', 'ignore_ament_install']
[0.285s] Level 1:colcon.colcon_core.package_identification:_identify(src/turtlebot3_simulations/turtlebot3_gazebo) by extension 'ignore'
[0.285s] Level 1:colcon.colcon_core.package_identification:_identify(src/turtlebot3_simulations/turtlebot3_gazebo) by extension 'ignore_ament_install'
[0.285s] Level 1:colcon.colcon_core.package_identification:_identify(src/turtlebot3_simulations/turtlebot3_gazebo) by extensions ['colcon_pkg']
[0.285s] Level 1:colcon.colcon_core.package_identification:_identify(src/turtlebot3_simulations/turtlebot3_gazebo) by extension 'colcon_pkg'
[0.285s] Level 1:colcon.colcon_core.package_identification:_identify(src/turtlebot3_simulations/turtlebot3_gazebo) by extensions ['colcon_meta']
[0.285s] Level 1:colcon.colcon_core.package_identification:_identify(src/turtlebot3_simulations/turtlebot3_gazebo) by extension 'colcon_meta'
[0.286s] Level 1:colcon.colcon_core.package_identification:_identify(src/turtlebot3_simulations/turtlebot3_gazebo) by extensions ['ros']
[0.286s] Level 1:colcon.colcon_core.package_identification:_identify(src/turtlebot3_simulations/turtlebot3_gazebo) by extension 'ros'
[0.286s] DEBUG:colcon.colcon_core.package_identification:Package 'src/turtlebot3_simulations/turtlebot3_gazebo' with type 'ros.ament_cmake' and name 'turtlebot3_gazebo'
[0.286s] Level 1:colcon.colcon_core.package_identification:_identify(src/turtlebot3_simulations/turtlebot3_simulations) by extensions ['ignore', 'ignore_ament_install']
[0.286s] Level 1:colcon.colcon_core.package_identification:_identify(src/turtlebot3_simulations/turtlebot3_simulations) by extension 'ignore'
[0.286s] Level 1:colcon.colcon_core.package_identification:_identify(src/turtlebot3_simulations/turtlebot3_simulations) by extension 'ignore_ament_install'
[0.286s] Level 1:colcon.colcon_core.package_identification:_identify(src/turtlebot3_simulations/turtlebot3_simulations) by extensions ['colcon_pkg']
[0.287s] Level 1:colcon.colcon_core.package_identification:_identify(src/turtlebot3_simulations/turtlebot3_simulations) by extension 'colcon_pkg'
[0.287s] Level 1:colcon.colcon_core.package_identification:_identify(src/turtlebot3_simulations/turtlebot3_simulations) by extensions ['colcon_meta']
[0.287s] Level 1:colcon.colcon_core.package_identification:_identify(src/turtlebot3_simulations/turtlebot3_simulations) by extension 'colcon_meta'
[0.287s] Level 1:colcon.colcon_core.package_identification:_identify(src/turtlebot3_simulations/turtlebot3_simulations) by extensions ['ros']
[0.287s] Level 1:colcon.colcon_core.package_identification:_identify(src/turtlebot3_simulations/turtlebot3_simulations) by extension 'ros'
[0.287s] DEBUG:colcon.colcon_core.package_identification:Package 'src/turtlebot3_simulations/turtlebot3_simulations' with type 'ros.ament_cmake' and name 'turtlebot3_simulations'
[0.287s] Level 1:colcon.colcon_core.package_discovery:discover_packages(recursive) using defaults
[0.287s] Level 1:colcon.colcon_core.package_discovery:discover_packages(ignore) discover
[0.287s] Level 1:colcon.colcon_core.package_discovery:discover_packages(ignore) using defaults
[0.287s] Level 1:colcon.colcon_core.package_discovery:discover_packages(path) discover
[0.287s] Level 1:colcon.colcon_core.package_discovery:discover_packages(path) using defaults
[0.313s] Level 1:colcon.colcon_core.package_discovery:discover_packages(prefix_path) check parameters
[0.313s] Level 1:colcon.colcon_core.package_discovery:discover_packages(prefix_path) discover
[0.314s] WARNING:colcon.colcon_core.prefix_path.colcon:The path '/home/cain/turtlebot3_ws/install' in the environment variable COLCON_PREFIX_PATH doesn't exist
[0.314s] WARNING:colcon.colcon_ros.prefix_path.ament:The path '/home/cain/turtlebot3_ws/install/turtlebot3' in the environment variable AMENT_PREFIX_PATH doesn't exist
[0.314s] WARNING:colcon.colcon_ros.prefix_path.ament:The path '/home/cain/turtlebot3_ws/install/turtlebot3_teleop' in the environment variable AMENT_PREFIX_PATH doesn't exist
[0.314s] WARNING:colcon.colcon_ros.prefix_path.ament:The path '/home/cain/turtlebot3_ws/install/turtlebot3_bringup' in the environment variable AMENT_PREFIX_PATH doesn't exist
[0.314s] WARNING:colcon.colcon_ros.prefix_path.ament:The path '/home/cain/turtlebot3_ws/install/turtlebot3_node' in the environment variable AMENT_PREFIX_PATH doesn't exist
[0.314s] WARNING:colcon.colcon_ros.prefix_path.ament:The path '/home/cain/turtlebot3_ws/install/turtlebot3_navigation2' in the environment variable AMENT_PREFIX_PATH doesn't exist
[0.314s] WARNING:colcon.colcon_ros.prefix_path.ament:The path '/home/cain/turtlebot3_ws/install/turtlebot3_example' in the environment variable AMENT_PREFIX_PATH doesn't exist
[0.314s] WARNING:colcon.colcon_ros.prefix_path.ament:The path '/home/cain/turtlebot3_ws/install/turtlebot3_msgs' in the environment variable AMENT_PREFIX_PATH doesn't exist
[0.314s] WARNING:colcon.colcon_ros.prefix_path.ament:The path '/home/cain/turtlebot3_ws/install/turtlebot3_description' in the environment variable AMENT_PREFIX_PATH doesn't exist
[0.314s] WARNING:colcon.colcon_ros.prefix_path.ament:The path '/home/cain/turtlebot3_ws/install/turtlebot3_cartographer' in the environment variable AMENT_PREFIX_PATH doesn't exist
[0.314s] WARNING:colcon.colcon_ros.prefix_path.ament:The path '/home/cain/turtlebot3_ws/install/dynamixel_sdk_examples' in the environment variable AMENT_PREFIX_PATH doesn't exist
[0.314s] WARNING:colcon.colcon_ros.prefix_path.ament:The path '/home/cain/turtlebot3_ws/install/dynamixel_sdk_custom_interfaces' in the environment variable AMENT_PREFIX_PATH doesn't exist
[0.314s] WARNING:colcon.colcon_ros.prefix_path.ament:The path '/home/cain/turtlebot3_ws/install/dynamixel_sdk' in the environment variable AMENT_PREFIX_PATH doesn't exist
[0.315s] WARNING:colcon.colcon_ros.prefix_path.ament:The path '/home/cain/turtlebot3_ws/install/turtlebot3_simulations' in the environment variable AMENT_PREFIX_PATH doesn't exist
[0.315s] WARNING:colcon.colcon_ros.prefix_path.ament:The path '/home/cain/turtlebot3_ws/install/turtlebot3_gazebo' in the environment variable AMENT_PREFIX_PATH doesn't exist
[0.315s] WARNING:colcon.colcon_ros.prefix_path.ament:The path '/home/cain/turtlebot3_ws/install/turtlebot3_fake_node' in the environment variable AMENT_PREFIX_PATH doesn't exist
[0.315s] WARNING:colcon.colcon_ros.prefix_path.catkin:The path '/home/cain/turtlebot3_ws/install/turtlebot3' in the environment variable CMAKE_PREFIX_PATH doesn't exist
[0.315s] WARNING:colcon.colcon_ros.prefix_path.catkin:The path '/home/cain/turtlebot3_ws/install/turtlebot3_bringup' in the environment variable CMAKE_PREFIX_PATH doesn't exist
[0.315s] WARNING:colcon.colcon_ros.prefix_path.catkin:The path '/home/cain/turtlebot3_ws/install/turtlebot3_node' in the environment variable CMAKE_PREFIX_PATH doesn't exist
[0.316s] WARNING:colcon.colcon_ros.prefix_path.catkin:The path '/home/cain/turtlebot3_ws/install/turtlebot3_navigation2' in the environment variable CMAKE_PREFIX_PATH doesn't exist
[0.316s] WARNING:colcon.colcon_ros.prefix_path.catkin:The path '/home/cain/turtlebot3_ws/install/turtlebot3_msgs' in the environment variable CMAKE_PREFIX_PATH doesn't exist
[0.316s] WARNING:colcon.colcon_ros.prefix_path.catkin:The path '/home/cain/turtlebot3_ws/install/turtlebot3_description' in the environment variable CMAKE_PREFIX_PATH doesn't exist
[0.316s] WARNING:colcon.colcon_ros.prefix_path.catkin:The path '/home/cain/turtlebot3_ws/install/turtlebot3_cartographer' in the environment variable CMAKE_PREFIX_PATH doesn't exist
[0.316s] WARNING:colcon.colcon_ros.prefix_path.catkin:The path '/home/cain/turtlebot3_ws/install/dynamixel_sdk_examples' in the environment variable CMAKE_PREFIX_PATH doesn't exist
[0.316s] WARNING:colcon.colcon_ros.prefix_path.catkin:The path '/home/cain/turtlebot3_ws/install/dynamixel_sdk_custom_interfaces' in the environment variable CMAKE_PREFIX_PATH doesn't exist
[0.316s] WARNING:colcon.colcon_ros.prefix_path.catkin:The path '/home/cain/turtlebot3_ws/install/dynamixel_sdk' in the environment variable CMAKE_PREFIX_PATH doesn't exist
[0.316s] WARNING:colcon.colcon_ros.prefix_path.catkin:The path '/home/cain/turtlebot3_ws/install/turtlebot3_simulations' in the environment variable CMAKE_PREFIX_PATH doesn't exist
[0.316s] WARNING:colcon.colcon_ros.prefix_path.catkin:The path '/home/cain/turtlebot3_ws/install/turtlebot3_gazebo' in the environment variable CMAKE_PREFIX_PATH doesn't exist
[0.317s] WARNING:colcon.colcon_ros.prefix_path.catkin:The path '/home/cain/turtlebot3_ws/install/turtlebot3_fake_node' in the environment variable CMAKE_PREFIX_PATH doesn't exist
[0.318s] DEBUG:colcon.colcon_installed_package_information.package_discovery:Found 4 installed packages in /home/cain/ros2_ws/install
[0.320s] DEBUG:colcon.colcon_installed_package_information.package_discovery:Found 382 installed packages in /opt/ros/humble
[0.321s] Level 1:colcon.colcon_core.package_discovery:discover_packages(prefix_path) using defaults
[0.377s] Level 5:colcon.colcon_core.verb:set package 'my_robot_controller' build argument 'cmake_args' from command line to 'None'
[0.377s] Level 5:colcon.colcon_core.verb:set package 'my_robot_controller' build argument 'cmake_target' from command line to 'None'
[0.377s] Level 5:colcon.colcon_core.verb:set package 'my_robot_controller' build argument 'cmake_target_skip_unavailable' from command line to 'False'
[0.377s] Level 5:colcon.colcon_core.verb:set package 'my_robot_controller' build argument 'cmake_clean_cache' from command line to 'False'
[0.377s] Level 5:colcon.colcon_core.verb:set package 'my_robot_controller' build argument 'cmake_clean_first' from command line to 'False'
[0.377s] Level 5:colcon.colcon_core.verb:set package 'my_robot_controller' build argument 'cmake_force_configure' from command line to 'False'
[0.377s] Level 5:colcon.colcon_core.verb:set package 'my_robot_controller' build argument 'ament_cmake_args' from command line to 'None'
[0.377s] Level 5:colcon.colcon_core.verb:set package 'my_robot_controller' build argument 'catkin_cmake_args' from command line to 'None'
[0.377s] Level 5:colcon.colcon_core.verb:set package 'my_robot_controller' build argument 'catkin_skip_building_tests' from command line to 'False'
[0.377s] DEBUG:colcon.colcon_core.verb:Building package 'my_robot_controller' with the following arguments: {'ament_cmake_args': None, 'build_base': '/home/cain/ros2_ws/build/my_robot_controller', 'catkin_cmake_args': None, 'catkin_skip_building_tests': False, 'cmake_args': None, 'cmake_clean_cache': False, 'cmake_clean_first': False, 'cmake_force_configure': False, 'cmake_target': None, 'cmake_target_skip_unavailable': False, 'install_base': '/home/cain/ros2_ws/install/my_robot_controller', 'merge_install': False, 'path': '/home/cain/ros2_ws/src/my_robot_controller', 'symlink_install': False, 'test_result_base': None}
[0.378s] Level 5:colcon.colcon_core.verb:set package 'turtlebot3_fake_node' build argument 'cmake_args' from command line to 'None'
[0.378s] Level 5:colcon.colcon_core.verb:set package 'turtlebot3_fake_node' build argument 'cmake_target' from command line to 'None'
[0.378s] Level 5:colcon.colcon_core.verb:set package 'turtlebot3_fake_node' build argument 'cmake_target_skip_unavailable' from command line to 'False'
[0.378s] Level 5:colcon.colcon_core.verb:set package 'turtlebot3_fake_node' build argument 'cmake_clean_cache' from command line to 'False'
[0.378s] Level 5:colcon.colcon_core.verb:set package 'turtlebot3_fake_node' build argument 'cmake_clean_first' from command line to 'False'
[0.378s] Level 5:colcon.colcon_core.verb:set package 'turtlebot3_fake_node' build argument 'cmake_force_configure' from command line to 'False'
[0.378s] Level 5:colcon.colcon_core.verb:set package 'turtlebot3_fake_node' build argument 'ament_cmake_args' from command line to 'None'
[0.378s] Level 5:colcon.colcon_core.verb:set package 'turtlebot3_fake_node' build argument 'catkin_cmake_args' from command line to 'None'
[0.378s] Level 5:colcon.colcon_core.verb:set package 'turtlebot3_fake_node' build argument 'catkin_skip_building_tests' from command line to 'False'
[0.378s] DEBUG:colcon.colcon_core.verb:Building package 'turtlebot3_fake_node' with the following arguments: {'ament_cmake_args': None, 'build_base': '/home/cain/ros2_ws/build/turtlebot3_fake_node', 'catkin_cmake_args': None, 'catkin_skip_building_tests': False, 'cmake_args': None, 'cmake_clean_cache': False, 'cmake_clean_first': False, 'cmake_force_configure': False, 'cmake_target': None, 'cmake_target_skip_unavailable': False, 'install_base': '/home/cain/ros2_ws/install/turtlebot3_fake_node', 'merge_install': False, 'path': '/home/cain/ros2_ws/src/turtlebot3_simulations/turtlebot3_fake_node', 'symlink_install': False, 'test_result_base': None}
[0.378s] Level 5:colcon.colcon_core.verb:set package 'turtlebot3_gazebo' build argument 'cmake_args' from command line to 'None'
[0.378s] Level 5:colcon.colcon_core.verb:set package 'turtlebot3_gazebo' build argument 'cmake_target' from command line to 'None'
[0.378s] Level 5:colcon.colcon_core.verb:set package 'turtlebot3_gazebo' build argument 'cmake_target_skip_unavailable' from command line to 'False'
[0.378s] Level 5:colcon.colcon_core.verb:set package 'turtlebot3_gazebo' build argument 'cmake_clean_cache' from command line to 'False'
[0.378s] Level 5:colcon.colcon_core.verb:set package 'turtlebot3_gazebo' build argument 'cmake_clean_first' from command line to 'False'
[0.378s] Level 5:colcon.colcon_core.verb:set package 'turtlebot3_gazebo' build argument 'cmake_force_configure' from command line to 'False'
[0.378s] Level 5:colcon.colcon_core.verb:set package 'turtlebot3_gazebo' build argument 'ament_cmake_args' from command line to 'None'
[0.378s] Level 5:colcon.colcon_core.verb:set package 'turtlebot3_gazebo' build argument 'catkin_cmake_args' from command line to 'None'
[0.378s] Level 5:colcon.colcon_core.verb:set package 'turtlebot3_gazebo' build argument 'catkin_skip_building_tests' from command line to 'False'
[0.378s] DEBUG:colcon.colcon_core.verb:Building package 'turtlebot3_gazebo' with the following arguments: {'ament_cmake_args': None, 'build_base': '/home/cain/ros2_ws/build/turtlebot3_gazebo', 'catkin_cmake_args': None, 'catkin_skip_building_tests': False, 'cmake_args': None, 'cmake_clean_cache': False, 'cmake_clean_first': False, 'cmake_force_configure': False, 'cmake_target': None, 'cmake_target_skip_unavailable': False, 'install_base': '/home/cain/ros2_ws/install/turtlebot3_gazebo', 'merge_install': False, 'path': '/home/cain/ros2_ws/src/turtlebot3_simulations/turtlebot3_gazebo', 'symlink_install': False, 'test_result_base': None}
[0.379s] Level 5:colcon.colcon_core.verb:set package 'turtlebot3_simulations' build argument 'cmake_args' from command line to 'None'
[0.379s] Level 5:colcon.colcon_core.verb:set package 'turtlebot3_simulations' build argument 'cmake_target' from command line to 'None'
[0.379s] Level 5:colcon.colcon_core.verb:set package 'turtlebot3_simulations' build argument 'cmake_target_skip_unavailable' from command line to 'False'
[0.379s] Level 5:colcon.colcon_core.verb:set package 'turtlebot3_simulations' build argument 'cmake_clean_cache' from command line to 'False'
[0.379s] Level 5:colcon.colcon_core.verb:set package 'turtlebot3_simulations' build argument 'cmake_clean_first' from command line to 'False'
[0.379s] Level 5:colcon.colcon_core.verb:set package 'turtlebot3_simulations' build argument 'cmake_force_configure' from command line to 'False'
[0.379s] Level 5:colcon.colcon_core.verb:set package 'turtlebot3_simulations' build argument 'ament_cmake_args' from command line to 'None'
[0.379s] Level 5:colcon.colcon_core.verb:set package 'turtlebot3_simulations' build argument 'catkin_cmake_args' from command line to 'None'
[0.379s] Level 5:colcon.colcon_core.verb:set package 'turtlebot3_simulations' build argument 'catkin_skip_building_tests' from command line to 'False'
[0.379s] DEBUG:colcon.colcon_core.verb:Building package 'turtlebot3_simulations' with the following arguments: {'ament_cmake_args': None, 'build_base': '/home/cain/ros2_ws/build/turtlebot3_simulations', 'catkin_cmake_args': None, 'catkin_skip_building_tests': False, 'cmake_args': None, 'cmake_clean_cache': False, 'cmake_clean_first': False, 'cmake_force_configure': False, 'cmake_target': None, 'cmake_target_skip_unavailable': False, 'install_base': '/home/cain/ros2_ws/install/turtlebot3_simulations', 'merge_install': False, 'path': '/home/cain/ros2_ws/src/turtlebot3_simulations/turtlebot3_simulations', 'symlink_install': False, 'test_result_base': None}
[0.379s] INFO:colcon.colcon_core.executor:Executing jobs using 'parallel' executor
[0.381s] DEBUG:colcon.colcon_parallel_executor.executor.parallel:run_until_complete
[0.381s] INFO:colcon.colcon_ros.task.ament_cmake.build:Building ROS package in '/home/cain/ros2_ws/src/turtlebot3_simulations/turtlebot3_fake_node' with build type 'ament_cmake'
[0.381s] INFO:colcon.colcon_cmake.task.cmake.build:Building CMake package in '/home/cain/ros2_ws/src/turtlebot3_simulations/turtlebot3_fake_node'
[0.384s] INFO:colcon.colcon_core.plugin_system:Skipping extension 'colcon_core.shell.bat': Not used on non-Windows systems
[0.384s] INFO:colcon.colcon_core.shell:Skip shell extension 'powershell' for command environment: Not usable outside of PowerShell
[0.384s] DEBUG:colcon.colcon_core.shell:Skip shell extension 'dsv' for command environment
[0.389s] INFO:colcon.colcon_ros.task.ament_cmake.build:Building ROS package in '/home/cain/ros2_ws/src/turtlebot3_simulations/turtlebot3_gazebo' with build type 'ament_cmake'
[0.390s] INFO:colcon.colcon_cmake.task.cmake.build:Building CMake package in '/home/cain/ros2_ws/src/turtlebot3_simulations/turtlebot3_gazebo'
[0.390s] INFO:colcon.colcon_core.shell:Skip shell extension 'powershell' for command environment: Not usable outside of PowerShell
[0.390s] DEBUG:colcon.colcon_core.shell:Skip shell extension 'dsv' for command environment
[0.395s] INFO:colcon.colcon_ros.task.ament_python.build:Building ROS package in '/home/cain/ros2_ws/src/my_robot_controller' with build type 'ament_python'
[0.396s] Level 1:colcon.colcon_core.shell:create_environment_hook('my_robot_controller', 'ament_prefix_path')
[0.396s] INFO:colcon.colcon_core.shell:Creating environment hook '/home/cain/ros2_ws/install/my_robot_controller/share/my_robot_controller/hook/ament_prefix_path.ps1'
[0.397s] INFO:colcon.colcon_core.shell:Creating environment descriptor '/home/cain/ros2_ws/install/my_robot_controller/share/my_robot_controller/hook/ament_prefix_path.dsv'
[0.398s] INFO:colcon.colcon_core.shell:Creating environment hook '/home/cain/ros2_ws/install/my_robot_controller/share/my_robot_controller/hook/ament_prefix_path.sh'
[0.399s] INFO:colcon.colcon_core.shell:Skip shell extension 'powershell' for command environment: Not usable outside of PowerShell
[0.399s] DEBUG:colcon.colcon_core.shell:Skip shell extension 'dsv' for command environment
[0.423s] DEBUG:colcon.colcon_core.event_handler.log_command:Invoking command in '/home/cain/ros2_ws/build/turtlebot3_fake_node': CMAKE_PREFIX_PATH=${CMAKE_PREFIX_PATH}:/home/cain/turtlebot3_ws/install/turtlebot3_teleop:/home/cain/turtlebot3_ws/install/turtlebot3_example:/home/cain/ros2_ws/install/my_robot_controller:/opt/ros/humble /usr/bin/cmake --build /home/cain/ros2_ws/build/turtlebot3_fake_node -- -j4 -l4
[0.430s] DEBUG:colcon.colcon_core.event_handler.log_command:Invoking command in '/home/cain/ros2_ws/build/turtlebot3_gazebo': CMAKE_PREFIX_PATH=${CMAKE_PREFIX_PATH}:/home/cain/turtlebot3_ws/install/turtlebot3_teleop:/home/cain/turtlebot3_ws/install/turtlebot3_example:/home/cain/ros2_ws/install/my_robot_controller:/opt/ros/humble /usr/bin/cmake --build /home/cain/ros2_ws/build/turtlebot3_gazebo -- -j4 -l4
[0.695s] INFO:colcon.colcon_core.task.python.build:Building Python package in '/home/cain/ros2_ws/src/my_robot_controller'
[0.695s] INFO:colcon.colcon_core.shell:Skip shell extension 'powershell' for command environment: Not usable outside of PowerShell
[0.695s] DEBUG:colcon.colcon_core.shell:Skip shell extension 'dsv' for command environment
[0.702s] DEBUG:colcon.colcon_core.event_handler.log_command:Invoked command in '/home/cain/ros2_ws/build/turtlebot3_fake_node' returned '0': CMAKE_PREFIX_PATH=${CMAKE_PREFIX_PATH}:/home/cain/turtlebot3_ws/install/turtlebot3_teleop:/home/cain/turtlebot3_ws/install/turtlebot3_example:/home/cain/ros2_ws/install/my_robot_controller:/opt/ros/humble /usr/bin/cmake --build /home/cain/ros2_ws/build/turtlebot3_fake_node -- -j4 -l4
[0.778s] DEBUG:colcon.colcon_core.event_handler.log_command:Invoking command in '/home/cain/ros2_ws/build/turtlebot3_fake_node': CMAKE_PREFIX_PATH=${CMAKE_PREFIX_PATH}:/home/cain/turtlebot3_ws/install/turtlebot3_teleop:/home/cain/turtlebot3_ws/install/turtlebot3_example:/home/cain/ros2_ws/install/my_robot_controller:/opt/ros/humble /usr/bin/cmake --install /home/cain/ros2_ws/build/turtlebot3_fake_node
[0.780s] DEBUG:colcon.colcon_core.event_handler.log_command:Invoked command in '/home/cain/ros2_ws/build/turtlebot3_gazebo' returned '0': CMAKE_PREFIX_PATH=${CMAKE_PREFIX_PATH}:/home/cain/turtlebot3_ws/install/turtlebot3_teleop:/home/cain/turtlebot3_ws/install/turtlebot3_example:/home/cain/ros2_ws/install/my_robot_controller:/opt/ros/humble /usr/bin/cmake --build /home/cain/ros2_ws/build/turtlebot3_gazebo -- -j4 -l4
[0.792s] Level 1:colcon.colcon_core.environment:create_environment_scripts_only(turtlebot3_fake_node)
[0.795s] Level 1:colcon.colcon_core.environment:checking '/home/cain/ros2_ws/install/turtlebot3_fake_node' for CMake module files
[0.796s] Level 1:colcon.colcon_core.environment:checking '/home/cain/ros2_ws/install/turtlebot3_fake_node' for CMake config files
[0.796s] Level 1:colcon.colcon_core.shell:create_environment_hook('turtlebot3_fake_node', 'cmake_prefix_path')
[0.796s] INFO:colcon.colcon_core.shell:Creating environment hook '/home/cain/ros2_ws/install/turtlebot3_fake_node/share/turtlebot3_fake_node/hook/cmake_prefix_path.ps1'
[0.797s] INFO:colcon.colcon_core.shell:Creating environment descriptor '/home/cain/ros2_ws/install/turtlebot3_fake_node/share/turtlebot3_fake_node/hook/cmake_prefix_path.dsv'
[0.797s] DEBUG:colcon.colcon_core.event_handler.log_command:Invoked command in '/home/cain/ros2_ws/build/turtlebot3_fake_node' returned '0': CMAKE_PREFIX_PATH=${CMAKE_PREFIX_PATH}:/home/cain/turtlebot3_ws/install/turtlebot3_teleop:/home/cain/turtlebot3_ws/install/turtlebot3_example:/home/cain/ros2_ws/install/my_robot_controller:/opt/ros/humble /usr/bin/cmake --install /home/cain/ros2_ws/build/turtlebot3_fake_node
[0.798s] INFO:colcon.colcon_core.shell:Creating environment hook '/home/cain/ros2_ws/install/turtlebot3_fake_node/share/turtlebot3_fake_node/hook/cmake_prefix_path.sh'
[0.799s] Level 1:colcon.colcon_core.environment:checking '/home/cain/ros2_ws/install/turtlebot3_fake_node/lib'
[0.799s] Level 1:colcon.colcon_core.environment:checking '/home/cain/ros2_ws/install/turtlebot3_fake_node/bin'
[0.800s] Level 1:colcon.colcon_core.environment:checking '/home/cain/ros2_ws/install/turtlebot3_fake_node/lib/pkgconfig/turtlebot3_fake_node.pc'
[0.800s] Level 1:colcon.colcon_core.environment:checking '/home/cain/ros2_ws/install/turtlebot3_fake_node/lib/python3.10/site-packages'
[0.800s] Level 1:colcon.colcon_core.environment:checking '/home/cain/ros2_ws/install/turtlebot3_fake_node/bin'
[0.800s] INFO:colcon.colcon_core.shell:Creating package script '/home/cain/ros2_ws/install/turtlebot3_fake_node/share/turtlebot3_fake_node/package.ps1'
[0.801s] INFO:colcon.colcon_core.shell:Creating package descriptor '/home/cain/ros2_ws/install/turtlebot3_fake_node/share/turtlebot3_fake_node/package.dsv'
[0.802s] INFO:colcon.colcon_core.shell:Creating package script '/home/cain/ros2_ws/install/turtlebot3_fake_node/share/turtlebot3_fake_node/package.sh'
[0.803s] INFO:colcon.colcon_core.shell:Creating package script '/home/cain/ros2_ws/install/turtlebot3_fake_node/share/turtlebot3_fake_node/package.bash'
[0.804s] INFO:colcon.colcon_core.shell:Creating package script '/home/cain/ros2_ws/install/turtlebot3_fake_node/share/turtlebot3_fake_node/package.zsh'
[0.805s] Level 1:colcon.colcon_core.environment:create_file_with_runtime_dependencies(/home/cain/ros2_ws/install/turtlebot3_fake_node/share/colcon-core/packages/turtlebot3_fake_node)
[0.865s] DEBUG:colcon.colcon_core.event_handler.log_command:Invoking command in '/home/cain/ros2_ws/build/turtlebot3_gazebo': CMAKE_PREFIX_PATH=${CMAKE_PREFIX_PATH}:/home/cain/turtlebot3_ws/install/turtlebot3_teleop:/home/cain/turtlebot3_ws/install/turtlebot3_example:/home/cain/ros2_ws/install/my_robot_controller:/opt/ros/humble /usr/bin/cmake --install /home/cain/ros2_ws/build/turtlebot3_gazebo
[0.869s] Level 1:colcon.colcon_core.environment:create_environment_scripts_only(turtlebot3_fake_node)
[0.869s] Level 1:colcon.colcon_core.environment:checking '/home/cain/ros2_ws/install/turtlebot3_fake_node' for CMake module files
[0.870s] Level 1:colcon.colcon_core.environment:checking '/home/cain/ros2_ws/install/turtlebot3_fake_node' for CMake config files
[0.870s] Level 1:colcon.colcon_core.shell:create_environment_hook('turtlebot3_fake_node', 'cmake_prefix_path')
[0.870s] INFO:colcon.colcon_core.shell:Creating environment hook '/home/cain/ros2_ws/install/turtlebot3_fake_node/share/turtlebot3_fake_node/hook/cmake_prefix_path.ps1'
[0.870s] INFO:colcon.colcon_core.shell:Creating environment descriptor '/home/cain/ros2_ws/install/turtlebot3_fake_node/share/turtlebot3_fake_node/hook/cmake_prefix_path.dsv'
[0.871s] INFO:colcon.colcon_core.shell:Creating environment hook '/home/cain/ros2_ws/install/turtlebot3_fake_node/share/turtlebot3_fake_node/hook/cmake_prefix_path.sh'
[0.871s] Level 1:colcon.colcon_core.environment:checking '/home/cain/ros2_ws/install/turtlebot3_fake_node/lib'
[0.872s] Level 1:colcon.colcon_core.environment:checking '/home/cain/ros2_ws/install/turtlebot3_fake_node/bin'
[0.872s] Level 1:colcon.colcon_core.environment:checking '/home/cain/ros2_ws/install/turtlebot3_fake_node/lib/pkgconfig/turtlebot3_fake_node.pc'
[0.872s] Level 1:colcon.colcon_core.environment:checking '/home/cain/ros2_ws/install/turtlebot3_fake_node/lib/python3.10/site-packages'
[0.872s] Level 1:colcon.colcon_core.environment:checking '/home/cain/ros2_ws/install/turtlebot3_fake_node/bin'
[0.872s] INFO:colcon.colcon_core.shell:Creating package script '/home/cain/ros2_ws/install/turtlebot3_fake_node/share/turtlebot3_fake_node/package.ps1'
[0.873s] INFO:colcon.colcon_core.shell:Creating package descriptor '/home/cain/ros2_ws/install/turtlebot3_fake_node/share/turtlebot3_fake_node/package.dsv'
[0.873s] INFO:colcon.colcon_core.shell:Creating package script '/home/cain/ros2_ws/install/turtlebot3_fake_node/share/turtlebot3_fake_node/package.sh'
[0.874s] INFO:colcon.colcon_core.shell:Creating package script '/home/cain/ros2_ws/install/turtlebot3_fake_node/share/turtlebot3_fake_node/package.bash'
[0.874s] INFO:colcon.colcon_core.shell:Creating package script '/home/cain/ros2_ws/install/turtlebot3_fake_node/share/turtlebot3_fake_node/package.zsh'
[0.874s] Level 1:colcon.colcon_core.environment:create_file_with_runtime_dependencies(/home/cain/ros2_ws/install/turtlebot3_fake_node/share/colcon-core/packages/turtlebot3_fake_node)
[0.905s] Level 1:colcon.colcon_core.environment:create_environment_scripts_only(turtlebot3_gazebo)
[0.905s] Level 1:colcon.colcon_core.environment:checking '/home/cain/ros2_ws/install/turtlebot3_gazebo' for CMake module files
[0.906s] Level 1:colcon.colcon_core.environment:checking '/home/cain/ros2_ws/install/turtlebot3_gazebo' for CMake config files
[0.906s] Level 1:colcon.colcon_core.shell:create_environment_hook('turtlebot3_gazebo', 'cmake_prefix_path')
[0.906s] INFO:colcon.colcon_core.shell:Creating environment hook '/home/cain/ros2_ws/install/turtlebot3_gazebo/share/turtlebot3_gazebo/hook/cmake_prefix_path.ps1'
[0.907s] INFO:colcon.colcon_core.shell:Creating environment descriptor '/home/cain/ros2_ws/install/turtlebot3_gazebo/share/turtlebot3_gazebo/hook/cmake_prefix_path.dsv'
[0.908s] INFO:colcon.colcon_core.shell:Creating environment hook '/home/cain/ros2_ws/install/turtlebot3_gazebo/share/turtlebot3_gazebo/hook/cmake_prefix_path.sh'
[0.909s] Level 1:colcon.colcon_core.environment:checking '/home/cain/ros2_ws/install/turtlebot3_gazebo/lib'
[0.909s] Level 1:colcon.colcon_core.environment:checking '/home/cain/ros2_ws/install/turtlebot3_gazebo/bin'
[0.909s] Level 1:colcon.colcon_core.environment:checking '/home/cain/ros2_ws/install/turtlebot3_gazebo/lib/pkgconfig/turtlebot3_gazebo.pc'
[0.909s] Level 1:colcon.colcon_core.environment:checking '/home/cain/ros2_ws/install/turtlebot3_gazebo/lib/python3.10/site-packages'
[0.909s] Level 1:colcon.colcon_core.environment:checking '/home/cain/ros2_ws/install/turtlebot3_gazebo/bin'
[0.909s] INFO:colcon.colcon_core.shell:Creating package script '/home/cain/ros2_ws/install/turtlebot3_gazebo/share/turtlebot3_gazebo/package.ps1'
[0.910s] INFO:colcon.colcon_core.shell:Creating package descriptor '/home/cain/ros2_ws/install/turtlebot3_gazebo/share/turtlebot3_gazebo/package.dsv'
[0.911s] INFO:colcon.colcon_core.shell:Creating package script '/home/cain/ros2_ws/install/turtlebot3_gazebo/share/turtlebot3_gazebo/package.sh'
[0.911s] INFO:colcon.colcon_core.shell:Creating package script '/home/cain/ros2_ws/install/turtlebot3_gazebo/share/turtlebot3_gazebo/package.bash'
[0.912s] INFO:colcon.colcon_core.shell:Creating package script '/home/cain/ros2_ws/install/turtlebot3_gazebo/share/turtlebot3_gazebo/package.zsh'
[0.912s] Level 1:colcon.colcon_core.environment:create_file_with_runtime_dependencies(/home/cain/ros2_ws/install/turtlebot3_gazebo/share/colcon-core/packages/turtlebot3_gazebo)
[0.922s] DEBUG:colcon.colcon_core.event_handler.log_command:Invoked command in '/home/cain/ros2_ws/build/turtlebot3_gazebo' returned '0': CMAKE_PREFIX_PATH=${CMAKE_PREFIX_PATH}:/home/cain/turtlebot3_ws/install/turtlebot3_teleop:/home/cain/turtlebot3_ws/install/turtlebot3_example:/home/cain/ros2_ws/install/my_robot_controller:/opt/ros/humble /usr/bin/cmake --install /home/cain/ros2_ws/build/turtlebot3_gazebo
[0.996s] Level 1:colcon.colcon_core.environment:create_environment_scripts_only(turtlebot3_gazebo)
[0.996s] Level 1:colcon.colcon_core.environment:checking '/home/cain/ros2_ws/install/turtlebot3_gazebo' for CMake module files
[0.997s] Level 1:colcon.colcon_core.environment:checking '/home/cain/ros2_ws/install/turtlebot3_gazebo' for CMake config files
[0.997s] Level 1:colcon.colcon_core.shell:create_environment_hook('turtlebot3_gazebo', 'cmake_prefix_path')
[0.997s] INFO:colcon.colcon_core.shell:Creating environment hook '/home/cain/ros2_ws/install/turtlebot3_gazebo/share/turtlebot3_gazebo/hook/cmake_prefix_path.ps1'
[0.998s] INFO:colcon.colcon_core.shell:Creating environment descriptor '/home/cain/ros2_ws/install/turtlebot3_gazebo/share/turtlebot3_gazebo/hook/cmake_prefix_path.dsv'
[0.998s] INFO:colcon.colcon_core.shell:Creating environment hook '/home/cain/ros2_ws/install/turtlebot3_gazebo/share/turtlebot3_gazebo/hook/cmake_prefix_path.sh'
[0.999s] Level 1:colcon.colcon_core.environment:checking '/home/cain/ros2_ws/install/turtlebot3_gazebo/lib'
[0.999s] Level 1:colcon.colcon_core.environment:checking '/home/cain/ros2_ws/install/turtlebot3_gazebo/bin'
[0.999s] Level 1:colcon.colcon_core.environment:checking '/home/cain/ros2_ws/install/turtlebot3_gazebo/lib/pkgconfig/turtlebot3_gazebo.pc'
[0.999s] Level 1:colcon.colcon_core.environment:checking '/home/cain/ros2_ws/install/turtlebot3_gazebo/lib/python3.10/site-packages'
[0.999s] Level 1:colcon.colcon_core.environment:checking '/home/cain/ros2_ws/install/turtlebot3_gazebo/bin'
[1.000s] INFO:colcon.colcon_core.shell:Creating package script '/home/cain/ros2_ws/install/turtlebot3_gazebo/share/turtlebot3_gazebo/package.ps1'
[1.000s] INFO:colcon.colcon_core.shell:Creating package descriptor '/home/cain/ros2_ws/install/turtlebot3_gazebo/share/turtlebot3_gazebo/package.dsv'
[1.001s] INFO:colcon.colcon_core.shell:Creating package script '/home/cain/ros2_ws/install/turtlebot3_gazebo/share/turtlebot3_gazebo/package.sh'
[1.001s] INFO:colcon.colcon_core.shell:Creating package script '/home/cain/ros2_ws/install/turtlebot3_gazebo/share/turtlebot3_gazebo/package.bash'
[1.002s] INFO:colcon.colcon_core.shell:Creating package script '/home/cain/ros2_ws/install/turtlebot3_gazebo/share/turtlebot3_gazebo/package.zsh'
[1.002s] Level 1:colcon.colcon_core.environment:create_file_with_runtime_dependencies(/home/cain/ros2_ws/install/turtlebot3_gazebo/share/colcon-core/packages/turtlebot3_gazebo)
[1.003s] INFO:colcon.colcon_ros.task.ament_cmake.build:Building ROS package in '/home/cain/ros2_ws/src/turtlebot3_simulations/turtlebot3_simulations' with build type 'ament_cmake'
[1.003s] INFO:colcon.colcon_cmake.task.cmake.build:Building CMake package in '/home/cain/ros2_ws/src/turtlebot3_simulations/turtlebot3_simulations'
[1.003s] INFO:colcon.colcon_core.shell:Skip shell extension 'powershell' for command environment: Not usable outside of PowerShell
[1.003s] DEBUG:colcon.colcon_core.shell:Skip shell extension 'dsv' for command environment
[1.030s] DEBUG:colcon.colcon_core.event_handler.log_command:Invoking command in '/home/cain/ros2_ws/build/turtlebot3_simulations': CMAKE_PREFIX_PATH=/home/cain/ros2_ws/install/turtlebot3_gazebo:/home/cain/ros2_ws/install/turtlebot3_fake_node:/home/cain/ros2_ws/install/turtlebot3_simulations:/home/cain/turtlebot3_ws/install/turtlebot3:/home/cain/turtlebot3_ws/install/turtlebot3_bringup:/home/cain/turtlebot3_ws/install/turtlebot3_node:/home/cain/turtlebot3_ws/install/turtlebot3_navigation2:/home/cain/turtlebot3_ws/install/turtlebot3_msgs:/home/cain/turtlebot3_ws/install/turtlebot3_description:/home/cain/turtlebot3_ws/install/turtlebot3_cartographer:/home/cain/turtlebot3_ws/install/dynamixel_sdk_examples:/home/cain/turtlebot3_ws/install/dynamixel_sdk_custom_interfaces:/home/cain/turtlebot3_ws/install/dynamixel_sdk:/home/cain/turtlebot3_ws/install/turtlebot3_simulations:/home/cain/turtlebot3_ws/install/turtlebot3_gazebo:/home/cain/turtlebot3_ws/install/turtlebot3_fake_node:/home/cain/turtlebot3_ws/install/turtlebot3_teleop:/home/cain/turtlebot3_ws/install/turtlebot3_example:/home/cain/ros2_ws/install/my_robot_controller:/opt/ros/humble /usr/bin/cmake --build /home/cain/ros2_ws/build/turtlebot3_simulations -- -j4 -l4
[1.077s] DEBUG:colcon.colcon_core.event_handler.log_command:Invoking command in '/home/cain/ros2_ws/src/my_robot_controller': PYTHONPATH=/home/cain/ros2_ws/build/my_robot_controller/prefix_override:/home/cain/ros2_ws/install/my_robot_controller/lib/python3.10/site-packages:${PYTHONPATH} /usr/bin/python3 -W ignore:setup.py install is deprecated setup.py egg_info --egg-base ../../build/my_robot_controller build --build-base /home/cain/ros2_ws/build/my_robot_controller/build install --record /home/cain/ros2_ws/build/my_robot_controller/install.log --single-version-externally-managed install_data
[1.087s] DEBUG:colcon.colcon_core.event_handler.log_command:Invoked command in '/home/cain/ros2_ws/build/turtlebot3_simulations' returned '0': CMAKE_PREFIX_PATH=/home/cain/ros2_ws/install/turtlebot3_gazebo:/home/cain/ros2_ws/install/turtlebot3_fake_node:/home/cain/ros2_ws/install/turtlebot3_simulations:/home/cain/turtlebot3_ws/install/turtlebot3:/home/cain/turtlebot3_ws/install/turtlebot3_bringup:/home/cain/turtlebot3_ws/install/turtlebot3_node:/home/cain/turtlebot3_ws/install/turtlebot3_navigation2:/home/cain/turtlebot3_ws/install/turtlebot3_msgs:/home/cain/turtlebot3_ws/install/turtlebot3_description:/home/cain/turtlebot3_ws/install/turtlebot3_cartographer:/home/cain/turtlebot3_ws/install/dynamixel_sdk_examples:/home/cain/turtlebot3_ws/install/dynamixel_sdk_custom_interfaces:/home/cain/turtlebot3_ws/install/dynamixel_sdk:/home/cain/turtlebot3_ws/install/turtlebot3_simulations:/home/cain/turtlebot3_ws/install/turtlebot3_gazebo:/home/cain/turtlebot3_ws/install/turtlebot3_fake_node:/home/cain/turtlebot3_ws/install/turtlebot3_teleop:/home/cain/turtlebot3_ws/install/turtlebot3_example:/home/cain/ros2_ws/install/my_robot_controller:/opt/ros/humble /usr/bin/cmake --build /home/cain/ros2_ws/build/turtlebot3_simulations -- -j4 -l4
[1.172s] DEBUG:colcon.colcon_core.event_handler.log_command:Invoking command in '/home/cain/ros2_ws/build/turtlebot3_simulations': CMAKE_PREFIX_PATH=/home/cain/ros2_ws/install/turtlebot3_gazebo:/home/cain/ros2_ws/install/turtlebot3_fake_node:/home/cain/ros2_ws/install/turtlebot3_simulations:/home/cain/turtlebot3_ws/install/turtlebot3:/home/cain/turtlebot3_ws/install/turtlebot3_bringup:/home/cain/turtlebot3_ws/install/turtlebot3_node:/home/cain/turtlebot3_ws/install/turtlebot3_navigation2:/home/cain/turtlebot3_ws/install/turtlebot3_msgs:/home/cain/turtlebot3_ws/install/turtlebot3_description:/home/cain/turtlebot3_ws/install/turtlebot3_cartographer:/home/cain/turtlebot3_ws/install/dynamixel_sdk_examples:/home/cain/turtlebot3_ws/install/dynamixel_sdk_custom_interfaces:/home/cain/turtlebot3_ws/install/dynamixel_sdk:/home/cain/turtlebot3_ws/install/turtlebot3_simulations:/home/cain/turtlebot3_ws/install/turtlebot3_gazebo:/home/cain/turtlebot3_ws/install/turtlebot3_fake_node:/home/cain/turtlebot3_ws/install/turtlebot3_teleop:/home/cain/turtlebot3_ws/install/turtlebot3_example:/home/cain/ros2_ws/install/my_robot_controller:/opt/ros/humble /usr/bin/cmake --install /home/cain/ros2_ws/build/turtlebot3_simulations
[1.187s] Level 1:colcon.colcon_core.environment:create_environment_scripts_only(turtlebot3_simulations)
[1.187s] Level 1:colcon.colcon_core.environment:checking '/home/cain/ros2_ws/install/turtlebot3_simulations' for CMake module files
[1.188s] DEBUG:colcon.colcon_core.event_handler.log_command:Invoked command in '/home/cain/ros2_ws/build/turtlebot3_simulations' returned '0': CMAKE_PREFIX_PATH=/home/cain/ros2_ws/install/turtlebot3_gazebo:/home/cain/ros2_ws/install/turtlebot3_fake_node:/home/cain/ros2_ws/install/turtlebot3_simulations:/home/cain/turtlebot3_ws/install/turtlebot3:/home/cain/turtlebot3_ws/install/turtlebot3_bringup:/home/cain/turtlebot3_ws/install/turtlebot3_node:/home/cain/turtlebot3_ws/install/turtlebot3_navigation2:/home/cain/turtlebot3_ws/install/turtlebot3_msgs:/home/cain/turtlebot3_ws/install/turtlebot3_description:/home/cain/turtlebot3_ws/install/turtlebot3_cartographer:/home/cain/turtlebot3_ws/install/dynamixel_sdk_examples:/home/cain/turtlebot3_ws/install/dynamixel_sdk_custom_interfaces:/home/cain/turtlebot3_ws/install/dynamixel_sdk:/home/cain/turtlebot3_ws/install/turtlebot3_simulations:/home/cain/turtlebot3_ws/install/turtlebot3_gazebo:/home/cain/turtlebot3_ws/install/turtlebot3_fake_node:/home/cain/turtlebot3_ws/install/turtlebot3_teleop:/home/cain/turtlebot3_ws/install/turtlebot3_example:/home/cain/ros2_ws/install/my_robot_controller:/opt/ros/humble /usr/bin/cmake --install /home/cain/ros2_ws/build/turtlebot3_simulations
[1.189s] Level 1:colcon.colcon_core.environment:checking '/home/cain/ros2_ws/install/turtlebot3_simulations' for CMake config files
[1.189s] Level 1:colcon.colcon_core.shell:create_environment_hook('turtlebot3_simulations', 'cmake_prefix_path')
[1.189s] INFO:colcon.colcon_core.shell:Creating environment hook '/home/cain/ros2_ws/install/turtlebot3_simulations/share/turtlebot3_simulations/hook/cmake_prefix_path.ps1'
[1.190s] INFO:colcon.colcon_core.shell:Creating environment descriptor '/home/cain/ros2_ws/install/turtlebot3_simulations/share/turtlebot3_simulations/hook/cmake_prefix_path.dsv'
[1.190s] INFO:colcon.colcon_core.shell:Creating environment hook '/home/cain/ros2_ws/install/turtlebot3_simulations/share/turtlebot3_simulations/hook/cmake_prefix_path.sh'
[1.191s] Level 1:colcon.colcon_core.environment:checking '/home/cain/ros2_ws/install/turtlebot3_simulations/bin'
[1.191s] Level 1:colcon.colcon_core.environment:checking '/home/cain/ros2_ws/install/turtlebot3_simulations/lib/pkgconfig/turtlebot3_simulations.pc'
[1.191s] Level 1:colcon.colcon_core.environment:checking '/home/cain/ros2_ws/install/turtlebot3_simulations/lib/python3.10/site-packages'
[1.191s] Level 1:colcon.colcon_core.environment:checking '/home/cain/ros2_ws/install/turtlebot3_simulations/bin'
[1.191s] INFO:colcon.colcon_core.shell:Creating package script '/home/cain/ros2_ws/install/turtlebot3_simulations/share/turtlebot3_simulations/package.ps1'
[1.192s] INFO:colcon.colcon_core.shell:Creating package descriptor '/home/cain/ros2_ws/install/turtlebot3_simulations/share/turtlebot3_simulations/package.dsv'
[1.192s] INFO:colcon.colcon_core.shell:Creating package script '/home/cain/ros2_ws/install/turtlebot3_simulations/share/turtlebot3_simulations/package.sh'
[1.193s] INFO:colcon.colcon_core.shell:Creating package script '/home/cain/ros2_ws/install/turtlebot3_simulations/share/turtlebot3_simulations/package.bash'
[1.193s] INFO:colcon.colcon_core.shell:Creating package script '/home/cain/ros2_ws/install/turtlebot3_simulations/share/turtlebot3_simulations/package.zsh'
[1.194s] Level 1:colcon.colcon_core.environment:create_file_with_runtime_dependencies(/home/cain/ros2_ws/install/turtlebot3_simulations/share/colcon-core/packages/turtlebot3_simulations)
[1.255s] Level 1:colcon.colcon_core.environment:create_environment_scripts_only(turtlebot3_simulations)
[1.255s] Level 1:colcon.colcon_core.environment:checking '/home/cain/ros2_ws/install/turtlebot3_simulations' for CMake module files
[1.256s] Level 1:colcon.colcon_core.environment:checking '/home/cain/ros2_ws/install/turtlebot3_simulations' for CMake config files
[1.256s] Level 1:colcon.colcon_core.shell:create_environment_hook('turtlebot3_simulations', 'cmake_prefix_path')
[1.256s] INFO:colcon.colcon_core.shell:Creating environment hook '/home/cain/ros2_ws/install/turtlebot3_simulations/share/turtlebot3_simulations/hook/cmake_prefix_path.ps1'
[1.257s] INFO:colcon.colcon_core.shell:Creating environment descriptor '/home/cain/ros2_ws/install/turtlebot3_simulations/share/turtlebot3_simulations/hook/cmake_prefix_path.dsv'
[1.257s] INFO:colcon.colcon_core.shell:Creating environment hook '/home/cain/ros2_ws/install/turtlebot3_simulations/share/turtlebot3_simulations/hook/cmake_prefix_path.sh'
[1.257s] Level 1:colcon.colcon_core.environment:checking '/home/cain/ros2_ws/install/turtlebot3_simulations/bin'
[1.258s] Level 1:colcon.colcon_core.environment:checking '/home/cain/ros2_ws/install/turtlebot3_simulations/lib/pkgconfig/turtlebot3_simulations.pc'
[1.258s] Level 1:colcon.colcon_core.environment:checking '/home/cain/ros2_ws/install/turtlebot3_simulations/lib/python3.10/site-packages'
[1.258s] Level 1:colcon.colcon_core.environment:checking '/home/cain/ros2_ws/install/turtlebot3_simulations/bin'
[1.258s] INFO:colcon.colcon_core.shell:Creating package script '/home/cain/ros2_ws/install/turtlebot3_simulations/share/turtlebot3_simulations/package.ps1'
[1.259s] INFO:colcon.colcon_core.shell:Creating package descriptor '/home/cain/ros2_ws/install/turtlebot3_simulations/share/turtlebot3_simulations/package.dsv'
[1.259s] INFO:colcon.colcon_core.shell:Creating package script '/home/cain/ros2_ws/install/turtlebot3_simulations/share/turtlebot3_simulations/package.sh'
[1.260s] INFO:colcon.colcon_core.shell:Creating package script '/home/cain/ros2_ws/install/turtlebot3_simulations/share/turtlebot3_simulations/package.bash'
[1.260s] INFO:colcon.colcon_core.shell:Creating package script '/home/cain/ros2_ws/install/turtlebot3_simulations/share/turtlebot3_simulations/package.zsh'
[1.260s] Level 1:colcon.colcon_core.environment:create_file_with_runtime_dependencies(/home/cain/ros2_ws/install/turtlebot3_simulations/share/colcon-core/packages/turtlebot3_simulations)
[1.384s] Level 1:colcon.colcon_core.environment:checking '/home/cain/ros2_ws/install/my_robot_controller' for CMake module files
[1.385s] DEBUG:colcon.colcon_core.event_handler.log_command:Invoked command in '/home/cain/ros2_ws/src/my_robot_controller' returned '0': PYTHONPATH=/home/cain/ros2_ws/build/my_robot_controller/prefix_override:/home/cain/ros2_ws/install/my_robot_controller/lib/python3.10/site-packages:${PYTHONPATH} /usr/bin/python3 -W ignore:setup.py install is deprecated setup.py egg_info --egg-base ../../build/my_robot_controller build --build-base /home/cain/ros2_ws/build/my_robot_controller/build install --record /home/cain/ros2_ws/build/my_robot_controller/install.log --single-version-externally-managed install_data
[1.385s] Level 1:colcon.colcon_core.environment:checking '/home/cain/ros2_ws/install/my_robot_controller' for CMake config files
[1.386s] Level 1:colcon.colcon_core.environment:checking '/home/cain/ros2_ws/install/my_robot_controller/lib'
[1.386s] Level 1:colcon.colcon_core.environment:checking '/home/cain/ros2_ws/install/my_robot_controller/bin'
[1.386s] Level 1:colcon.colcon_core.environment:checking '/home/cain/ros2_ws/install/my_robot_controller/lib/pkgconfig/my_robot_controller.pc'
[1.386s] Level 1:colcon.colcon_core.environment:checking '/home/cain/ros2_ws/install/my_robot_controller/lib/python3.10/site-packages'
[1.386s] Level 1:colcon.colcon_core.shell:create_environment_hook('my_robot_controller', 'pythonpath')
[1.386s] INFO:colcon.colcon_core.shell:Creating environment hook '/home/cain/ros2_ws/install/my_robot_controller/share/my_robot_controller/hook/pythonpath.ps1'
[1.387s] INFO:colcon.colcon_core.shell:Creating environment descriptor '/home/cain/ros2_ws/install/my_robot_controller/share/my_robot_controller/hook/pythonpath.dsv'
[1.387s] INFO:colcon.colcon_core.shell:Creating environment hook '/home/cain/ros2_ws/install/my_robot_controller/share/my_robot_controller/hook/pythonpath.sh'
[1.388s] Level 1:colcon.colcon_core.environment:checking '/home/cain/ros2_ws/install/my_robot_controller/bin'
[1.388s] Level 1:colcon.colcon_core.environment:create_environment_scripts_only(my_robot_controller)
[1.388s] INFO:colcon.colcon_core.shell:Creating package script '/home/cain/ros2_ws/install/my_robot_controller/share/my_robot_controller/package.ps1'
[1.388s] INFO:colcon.colcon_core.shell:Creating package descriptor '/home/cain/ros2_ws/install/my_robot_controller/share/my_robot_controller/package.dsv'
[1.389s] INFO:colcon.colcon_core.shell:Creating package script '/home/cain/ros2_ws/install/my_robot_controller/share/my_robot_controller/package.sh'
[1.389s] INFO:colcon.colcon_core.shell:Creating package script '/home/cain/ros2_ws/install/my_robot_controller/share/my_robot_controller/package.bash'
[1.389s] INFO:colcon.colcon_core.shell:Creating package script '/home/cain/ros2_ws/install/my_robot_controller/share/my_robot_controller/package.zsh'
[1.390s] Level 1:colcon.colcon_core.environment:create_file_with_runtime_dependencies(/home/cain/ros2_ws/install/my_robot_controller/share/colcon-core/packages/my_robot_controller)
[1.390s] DEBUG:colcon.colcon_parallel_executor.executor.parallel:closing loop
[1.390s] DEBUG:colcon.colcon_parallel_executor.executor.parallel:loop closed
[1.392s] DEBUG:colcon.colcon_parallel_executor.executor.parallel:run_until_complete finished with '0'
[1.392s] DEBUG:colcon.colcon_core.event_reactor:joining thread
[1.398s] INFO:colcon.colcon_core.plugin_system:Skipping extension 'colcon_notification.desktop_notification.terminal_notifier': Not used on non-Darwin systems
[1.398s] INFO:colcon.colcon_core.plugin_system:Skipping extension 'colcon_notification.desktop_notification.win32': Not used on non-Windows systems
[1.398s] INFO:colcon.colcon_notification.desktop_notification:Sending desktop notification using 'notify2'
[1.413s] DEBUG:colcon.colcon_core.event_reactor:joined thread
[1.413s] INFO:colcon.colcon_core.shell:Creating prefix script '/home/cain/ros2_ws/install/local_setup.ps1'
[1.414s] INFO:colcon.colcon_core.shell:Creating prefix util module '/home/cain/ros2_ws/install/_local_setup_util_ps1.py'
[1.415s] INFO:colcon.colcon_core.shell:Creating prefix chain script '/home/cain/ros2_ws/install/setup.ps1'
[1.416s] INFO:colcon.colcon_core.shell:Creating prefix script '/home/cain/ros2_ws/install/local_setup.sh'
[1.417s] INFO:colcon.colcon_core.shell:Creating prefix util module '/home/cain/ros2_ws/install/_local_setup_util_sh.py'
[1.417s] INFO:colcon.colcon_core.shell:Creating prefix chain script '/home/cain/ros2_ws/install/setup.sh'
[1.418s] INFO:colcon.colcon_core.shell:Creating prefix script '/home/cain/ros2_ws/install/local_setup.bash'
[1.419s] INFO:colcon.colcon_core.shell:Creating prefix chain script '/home/cain/ros2_ws/install/setup.bash'
[1.420s] INFO:colcon.colcon_core.shell:Creating prefix script '/home/cain/ros2_ws/install/local_setup.zsh'
[1.420s] INFO:colcon.colcon_core.shell:Creating prefix chain script '/home/cain/ros2_ws/install/setup.zsh'
