[0.102s] DEBUG:colcon:Command line arguments: ['/usr/bin/colcon', 'build']
[0.102s] DEBUG:colcon:Parsed command line arguments: Namespace(log_base=None, log_level=None, verb_name='build', build_base='build', install_base='install', merge_install=False, symlink_install=False, test_result_base=None, continue_on_error=False, executor='parallel', parallel_workers=4, event_handlers=None, ignore_user_meta=False, metas=['./colcon.meta'], base_paths=['.'], packages_ignore=None, packages_ignore_regex=None, paths=None, packages_up_to=None, packages_up_to_regex=None, packages_above=None, packages_above_and_dependencies=None, packages_above_depth=None, packages_select_by_dep=None, packages_skip_by_dep=None, packages_skip_up_to=None, packages_select_build_failed=False, packages_skip_build_finished=False, packages_select_test_failures=False, packages_skip_test_passed=False, packages_select=None, packages_skip=None, packages_select_regex=None, packages_skip_regex=None, packages_start=None, packages_end=None, allow_overriding=[], cmake_args=None, cmake_target=None, cmake_target_skip_unavailable=False, cmake_clean_cache=False, cmake_clean_first=False, cmake_force_configure=False, ament_cmake_args=None, catkin_cmake_args=None, catkin_skip_building_tests=False, verb_parser=<colcon_defaults.argument_parser.defaults.DefaultArgumentsDecorator object at 0x7f03fd242aa0>, verb_extension=<colcon_core.verb.build.BuildVerb object at 0x7f03fd242590>, main=<bound method BuildVerb.main of <colcon_core.verb.build.BuildVerb object at 0x7f03fd242590>>)
[0.283s] Level 1:colcon.colcon_core.package_discovery:discover_packages(colcon_meta) check parameters
[0.283s] Level 1:colcon.colcon_core.package_discovery:discover_packages(recursive) check parameters
[0.283s] Level 1:colcon.colcon_core.package_discovery:discover_packages(ignore) check parameters
[0.283s] Level 1:colcon.colcon_core.package_discovery:discover_packages(path) check parameters
[0.284s] Level 1:colcon.colcon_core.package_discovery:discover_packages(colcon_meta) discover
[0.284s] Level 1:colcon.colcon_core.package_discovery:discover_packages(recursive) discover
[0.284s] INFO:colcon.colcon_core.package_discovery:Crawling recursively for packages in '/home/cain/ros2_ws'
[0.284s] Level 1:colcon.colcon_core.package_identification:_identify(.) by extensions ['ignore', 'ignore_ament_install']
[0.284s] Level 1:colcon.colcon_core.package_identification:_identify(.) by extension 'ignore'
[0.284s] Level 1:colcon.colcon_core.package_identification:_identify(.) by extension 'ignore_ament_install'
[0.284s] Level 1:colcon.colcon_core.package_identification:_identify(.) by extensions ['colcon_pkg']
[0.284s] Level 1:colcon.colcon_core.package_identification:_identify(.) by extension 'colcon_pkg'
[0.284s] Level 1:colcon.colcon_core.package_identification:_identify(.) by extensions ['colcon_meta']
[0.284s] Level 1:colcon.colcon_core.package_identification:_identify(.) by extension 'colcon_meta'
[0.284s] Level 1:colcon.colcon_core.package_identification:_identify(.) by extensions ['ros']
[0.284s] Level 1:colcon.colcon_core.package_identification:_identify(.) by extension 'ros'
[0.295s] Level 1:colcon.colcon_core.package_identification:_identify(.) by extensions ['cmake', 'python']
[0.295s] Level 1:colcon.colcon_core.package_identification:_identify(.) by extension 'cmake'
[0.295s] Level 1:colcon.colcon_core.package_identification:_identify(.) by extension 'python'
[0.295s] Level 1:colcon.colcon_core.package_identification:_identify(.) by extensions ['python_setup_py']
[0.295s] Level 1:colcon.colcon_core.package_identification:_identify(.) by extension 'python_setup_py'
[0.295s] Level 1:colcon.colcon_core.package_identification:_identify(build) by extensions ['ignore', 'ignore_ament_install']
[0.295s] Level 1:colcon.colcon_core.package_identification:_identify(build) by extension 'ignore'
[0.295s] Level 1:colcon.colcon_core.package_identification:_identify(build) ignored
[0.295s] Level 1:colcon.colcon_core.package_identification:_identify(install) by extensions ['ignore', 'ignore_ament_install']
[0.295s] Level 1:colcon.colcon_core.package_identification:_identify(install) by extension 'ignore'
[0.295s] Level 1:colcon.colcon_core.package_identification:_identify(install) ignored
[0.295s] Level 1:colcon.colcon_core.package_identification:_identify(log) by extensions ['ignore', 'ignore_ament_install']
[0.295s] Level 1:colcon.colcon_core.package_identification:_identify(log) by extension 'ignore'
[0.295s] Level 1:colcon.colcon_core.package_identification:_identify(log) ignored
[0.296s] Level 1:colcon.colcon_core.package_identification:_identify(src) by extensions ['ignore', 'ignore_ament_install']
[0.296s] Level 1:colcon.colcon_core.package_identification:_identify(src) by extension 'ignore'
[0.296s] Level 1:colcon.colcon_core.package_identification:_identify(src) by extension 'ignore_ament_install'
[0.296s] Level 1:colcon.colcon_core.package_identification:_identify(src) by extensions ['colcon_pkg']
[0.296s] Level 1:colcon.colcon_core.package_identification:_identify(src) by extension 'colcon_pkg'
[0.296s] Level 1:colcon.colcon_core.package_identification:_identify(src) by extensions ['colcon_meta']
[0.296s] Level 1:colcon.colcon_core.package_identification:_identify(src) by extension 'colcon_meta'
[0.296s] Level 1:colcon.colcon_core.package_identification:_identify(src) by extensions ['ros']
[0.296s] Level 1:colcon.colcon_core.package_identification:_identify(src) by extension 'ros'
[0.296s] Level 1:colcon.colcon_core.package_identification:_identify(src) by extensions ['cmake', 'python']
[0.296s] Level 1:colcon.colcon_core.package_identification:_identify(src) by extension 'cmake'
[0.296s] Level 1:colcon.colcon_core.package_identification:_identify(src) by extension 'python'
[0.296s] Level 1:colcon.colcon_core.package_identification:_identify(src) by extensions ['python_setup_py']
[0.296s] Level 1:colcon.colcon_core.package_identification:_identify(src) by extension 'python_setup_py'
[0.296s] Level 1:colcon.colcon_core.package_identification:_identify(src/my_robot_controller) by extensions ['ignore', 'ignore_ament_install']
[0.296s] Level 1:colcon.colcon_core.package_identification:_identify(src/my_robot_controller) by extension 'ignore'
[0.296s] Level 1:colcon.colcon_core.package_identification:_identify(src/my_robot_controller) by extension 'ignore_ament_install'
[0.296s] Level 1:colcon.colcon_core.package_identification:_identify(src/my_robot_controller) by extensions ['colcon_pkg']
[0.296s] Level 1:colcon.colcon_core.package_identification:_identify(src/my_robot_controller) by extension 'colcon_pkg'
[0.296s] Level 1:colcon.colcon_core.package_identification:_identify(src/my_robot_controller) by extensions ['colcon_meta']
[0.296s] Level 1:colcon.colcon_core.package_identification:_identify(src/my_robot_controller) by extension 'colcon_meta'
[0.296s] Level 1:colcon.colcon_core.package_identification:_identify(src/my_robot_controller) by extensions ['ros']
[0.296s] Level 1:colcon.colcon_core.package_identification:_identify(src/my_robot_controller) by extension 'ros'
[0.299s] DEBUG:colcon.colcon_core.package_identification:Package 'src/my_robot_controller' with type 'ros.ament_python' and name 'my_robot_controller'
[0.299s] Level 1:colcon.colcon_core.package_identification:_identify(src/turtlebot3_simulations) by extensions ['ignore', 'ignore_ament_install']
[0.299s] Level 1:colcon.colcon_core.package_identification:_identify(src/turtlebot3_simulations) by extension 'ignore'
[0.299s] Level 1:colcon.colcon_core.package_identification:_identify(src/turtlebot3_simulations) by extension 'ignore_ament_install'
[0.299s] Level 1:colcon.colcon_core.package_identification:_identify(src/turtlebot3_simulations) by extensions ['colcon_pkg']
[0.299s] Level 1:colcon.colcon_core.package_identification:_identify(src/turtlebot3_simulations) by extension 'colcon_pkg'
[0.299s] Level 1:colcon.colcon_core.package_identification:_identify(src/turtlebot3_simulations) by extensions ['colcon_meta']
[0.299s] Level 1:colcon.colcon_core.package_identification:_identify(src/turtlebot3_simulations) by extension 'colcon_meta'
[0.299s] Level 1:colcon.colcon_core.package_identification:_identify(src/turtlebot3_simulations) by extensions ['ros']
[0.299s] Level 1:colcon.colcon_core.package_identification:_identify(src/turtlebot3_simulations) by extension 'ros'
[0.299s] Level 1:colcon.colcon_core.package_identification:_identify(src/turtlebot3_simulations) by extensions ['cmake', 'python']
[0.299s] Level 1:colcon.colcon_core.package_identification:_identify(src/turtlebot3_simulations) by extension 'cmake'
[0.299s] Level 1:colcon.colcon_core.package_identification:_identify(src/turtlebot3_simulations) by extension 'python'
[0.299s] Level 1:colcon.colcon_core.package_identification:_identify(src/turtlebot3_simulations) by extensions ['python_setup_py']
[0.299s] Level 1:colcon.colcon_core.package_identification:_identify(src/turtlebot3_simulations) by extension 'python_setup_py'
[0.300s] Level 1:colcon.colcon_core.package_identification:_identify(src/turtlebot3_simulations/turtlebot3_fake_node) by extensions ['ignore', 'ignore_ament_install']
[0.300s] Level 1:colcon.colcon_core.package_identification:_identify(src/turtlebot3_simulations/turtlebot3_fake_node) by extension 'ignore'
[0.300s] Level 1:colcon.colcon_core.package_identification:_identify(src/turtlebot3_simulations/turtlebot3_fake_node) by extension 'ignore_ament_install'
[0.300s] Level 1:colcon.colcon_core.package_identification:_identify(src/turtlebot3_simulations/turtlebot3_fake_node) by extensions ['colcon_pkg']
[0.300s] Level 1:colcon.colcon_core.package_identification:_identify(src/turtlebot3_simulations/turtlebot3_fake_node) by extension 'colcon_pkg'
[0.300s] Level 1:colcon.colcon_core.package_identification:_identify(src/turtlebot3_simulations/turtlebot3_fake_node) by extensions ['colcon_meta']
[0.300s] Level 1:colcon.colcon_core.package_identification:_identify(src/turtlebot3_simulations/turtlebot3_fake_node) by extension 'colcon_meta'
[0.300s] Level 1:colcon.colcon_core.package_identification:_identify(src/turtlebot3_simulations/turtlebot3_fake_node) by extensions ['ros']
[0.300s] Level 1:colcon.colcon_core.package_identification:_identify(src/turtlebot3_simulations/turtlebot3_fake_node) by extension 'ros'
[0.301s] DEBUG:colcon.colcon_core.package_identification:Package 'src/turtlebot3_simulations/turtlebot3_fake_node' with type 'ros.ament_cmake' and name 'turtlebot3_fake_node'
[0.301s] Level 1:colcon.colcon_core.package_identification:_identify(src/turtlebot3_simulations/turtlebot3_gazebo) by extensions ['ignore', 'ignore_ament_install']
[0.301s] Level 1:colcon.colcon_core.package_identification:_identify(src/turtlebot3_simulations/turtlebot3_gazebo) by extension 'ignore'
[0.301s] Level 1:colcon.colcon_core.package_identification:_identify(src/turtlebot3_simulations/turtlebot3_gazebo) by extension 'ignore_ament_install'
[0.301s] Level 1:colcon.colcon_core.package_identification:_identify(src/turtlebot3_simulations/turtlebot3_gazebo) by extensions ['colcon_pkg']
[0.301s] Level 1:colcon.colcon_core.package_identification:_identify(src/turtlebot3_simulations/turtlebot3_gazebo) by extension 'colcon_pkg'
[0.301s] Level 1:colcon.colcon_core.package_identification:_identify(src/turtlebot3_simulations/turtlebot3_gazebo) by extensions ['colcon_meta']
[0.301s] Level 1:colcon.colcon_core.package_identification:_identify(src/turtlebot3_simulations/turtlebot3_gazebo) by extension 'colcon_meta'
[0.301s] Level 1:colcon.colcon_core.package_identification:_identify(src/turtlebot3_simulations/turtlebot3_gazebo) by extensions ['ros']
[0.301s] Level 1:colcon.colcon_core.package_identification:_identify(src/turtlebot3_simulations/turtlebot3_gazebo) by extension 'ros'
[0.302s] DEBUG:colcon.colcon_core.package_identification:Package 'src/turtlebot3_simulations/turtlebot3_gazebo' with type 'ros.ament_cmake' and name 'turtlebot3_gazebo'
[0.302s] Level 1:colcon.colcon_core.package_identification:_identify(src/turtlebot3_simulations/turtlebot3_simulations) by extensions ['ignore', 'ignore_ament_install']
[0.302s] Level 1:colcon.colcon_core.package_identification:_identify(src/turtlebot3_simulations/turtlebot3_simulations) by extension 'ignore'
[0.302s] Level 1:colcon.colcon_core.package_identification:_identify(src/turtlebot3_simulations/turtlebot3_simulations) by extension 'ignore_ament_install'
[0.302s] Level 1:colcon.colcon_core.package_identification:_identify(src/turtlebot3_simulations/turtlebot3_simulations) by extensions ['colcon_pkg']
[0.302s] Level 1:colcon.colcon_core.package_identification:_identify(src/turtlebot3_simulations/turtlebot3_simulations) by extension 'colcon_pkg'
[0.302s] Level 1:colcon.colcon_core.package_identification:_identify(src/turtlebot3_simulations/turtlebot3_simulations) by extensions ['colcon_meta']
[0.302s] Level 1:colcon.colcon_core.package_identification:_identify(src/turtlebot3_simulations/turtlebot3_simulations) by extension 'colcon_meta'
[0.302s] Level 1:colcon.colcon_core.package_identification:_identify(src/turtlebot3_simulations/turtlebot3_simulations) by extensions ['ros']
[0.302s] Level 1:colcon.colcon_core.package_identification:_identify(src/turtlebot3_simulations/turtlebot3_simulations) by extension 'ros'
[0.303s] DEBUG:colcon.colcon_core.package_identification:Package 'src/turtlebot3_simulations/turtlebot3_simulations' with type 'ros.ament_cmake' and name 'turtlebot3_simulations'
[0.303s] Level 1:colcon.colcon_core.package_discovery:discover_packages(recursive) using defaults
[0.303s] Level 1:colcon.colcon_core.package_discovery:discover_packages(ignore) discover
[0.303s] Level 1:colcon.colcon_core.package_discovery:discover_packages(ignore) using defaults
[0.303s] Level 1:colcon.colcon_core.package_discovery:discover_packages(path) discover
[0.303s] Level 1:colcon.colcon_core.package_discovery:discover_packages(path) using defaults
[0.342s] Level 1:colcon.colcon_core.package_discovery:discover_packages(prefix_path) check parameters
[0.342s] Level 1:colcon.colcon_core.package_discovery:discover_packages(prefix_path) discover
[0.343s] WARNING:colcon.colcon_core.prefix_path.colcon:The path '/home/cain/turtlebot3_ws/install' in the environment variable COLCON_PREFIX_PATH doesn't exist
[0.343s] WARNING:colcon.colcon_ros.prefix_path.ament:The path '/home/cain/turtlebot3_ws/install/turtlebot3' in the environment variable AMENT_PREFIX_PATH doesn't exist
[0.344s] WARNING:colcon.colcon_ros.prefix_path.ament:The path '/home/cain/turtlebot3_ws/install/turtlebot3_teleop' in the environment variable AMENT_PREFIX_PATH doesn't exist
[0.344s] WARNING:colcon.colcon_ros.prefix_path.ament:The path '/home/cain/turtlebot3_ws/install/turtlebot3_bringup' in the environment variable AMENT_PREFIX_PATH doesn't exist
[0.344s] WARNING:colcon.colcon_ros.prefix_path.ament:The path '/home/cain/turtlebot3_ws/install/turtlebot3_node' in the environment variable AMENT_PREFIX_PATH doesn't exist
[0.344s] WARNING:colcon.colcon_ros.prefix_path.ament:The path '/home/cain/turtlebot3_ws/install/turtlebot3_navigation2' in the environment variable AMENT_PREFIX_PATH doesn't exist
[0.344s] WARNING:colcon.colcon_ros.prefix_path.ament:The path '/home/cain/turtlebot3_ws/install/turtlebot3_example' in the environment variable AMENT_PREFIX_PATH doesn't exist
[0.344s] WARNING:colcon.colcon_ros.prefix_path.ament:The path '/home/cain/turtlebot3_ws/install/turtlebot3_msgs' in the environment variable AMENT_PREFIX_PATH doesn't exist
[0.344s] WARNING:colcon.colcon_ros.prefix_path.ament:The path '/home/cain/turtlebot3_ws/install/turtlebot3_description' in the environment variable AMENT_PREFIX_PATH doesn't exist
[0.344s] WARNING:colcon.colcon_ros.prefix_path.ament:The path '/home/cain/turtlebot3_ws/install/turtlebot3_cartographer' in the environment variable AMENT_PREFIX_PATH doesn't exist
[0.344s] WARNING:colcon.colcon_ros.prefix_path.ament:The path '/home/cain/turtlebot3_ws/install/dynamixel_sdk_examples' in the environment variable AMENT_PREFIX_PATH doesn't exist
[0.344s] WARNING:colcon.colcon_ros.prefix_path.ament:The path '/home/cain/turtlebot3_ws/install/dynamixel_sdk_custom_interfaces' in the environment variable AMENT_PREFIX_PATH doesn't exist
[0.344s] WARNING:colcon.colcon_ros.prefix_path.ament:The path '/home/cain/turtlebot3_ws/install/dynamixel_sdk' in the environment variable AMENT_PREFIX_PATH doesn't exist
[0.344s] WARNING:colcon.colcon_ros.prefix_path.ament:The path '/home/cain/turtlebot3_ws/install/turtlebot3_simulations' in the environment variable AMENT_PREFIX_PATH doesn't exist
[0.344s] WARNING:colcon.colcon_ros.prefix_path.ament:The path '/home/cain/turtlebot3_ws/install/turtlebot3_gazebo' in the environment variable AMENT_PREFIX_PATH doesn't exist
[0.344s] WARNING:colcon.colcon_ros.prefix_path.ament:The path '/home/cain/turtlebot3_ws/install/turtlebot3_fake_node' in the environment variable AMENT_PREFIX_PATH doesn't exist
[0.345s] WARNING:colcon.colcon_ros.prefix_path.catkin:The path '/home/cain/turtlebot3_ws/install/turtlebot3' in the environment variable CMAKE_PREFIX_PATH doesn't exist
[0.345s] WARNING:colcon.colcon_ros.prefix_path.catkin:The path '/home/cain/turtlebot3_ws/install/turtlebot3_bringup' in the environment variable CMAKE_PREFIX_PATH doesn't exist
[0.345s] WARNING:colcon.colcon_ros.prefix_path.catkin:The path '/home/cain/turtlebot3_ws/install/turtlebot3_node' in the environment variable CMAKE_PREFIX_PATH doesn't exist
[0.345s] WARNING:colcon.colcon_ros.prefix_path.catkin:The path '/home/cain/turtlebot3_ws/install/turtlebot3_navigation2' in the environment variable CMAKE_PREFIX_PATH doesn't exist
[0.345s] WARNING:colcon.colcon_ros.prefix_path.catkin:The path '/home/cain/turtlebot3_ws/install/turtlebot3_msgs' in the environment variable CMAKE_PREFIX_PATH doesn't exist
[0.345s] WARNING:colcon.colcon_ros.prefix_path.catkin:The path '/home/cain/turtlebot3_ws/install/turtlebot3_description' in the environment variable CMAKE_PREFIX_PATH doesn't exist
[0.345s] WARNING:colcon.colcon_ros.prefix_path.catkin:The path '/home/cain/turtlebot3_ws/install/turtlebot3_cartographer' in the environment variable CMAKE_PREFIX_PATH doesn't exist
[0.345s] WARNING:colcon.colcon_ros.prefix_path.catkin:The path '/home/cain/turtlebot3_ws/install/dynamixel_sdk_examples' in the environment variable CMAKE_PREFIX_PATH doesn't exist
[0.345s] WARNING:colcon.colcon_ros.prefix_path.catkin:The path '/home/cain/turtlebot3_ws/install/dynamixel_sdk_custom_interfaces' in the environment variable CMAKE_PREFIX_PATH doesn't exist
[0.346s] WARNING:colcon.colcon_ros.prefix_path.catkin:The path '/home/cain/turtlebot3_ws/install/dynamixel_sdk' in the environment variable CMAKE_PREFIX_PATH doesn't exist
[0.346s] WARNING:colcon.colcon_ros.prefix_path.catkin:The path '/home/cain/turtlebot3_ws/install/turtlebot3_simulations' in the environment variable CMAKE_PREFIX_PATH doesn't exist
[0.346s] WARNING:colcon.colcon_ros.prefix_path.catkin:The path '/home/cain/turtlebot3_ws/install/turtlebot3_gazebo' in the environment variable CMAKE_PREFIX_PATH doesn't exist
[0.346s] WARNING:colcon.colcon_ros.prefix_path.catkin:The path '/home/cain/turtlebot3_ws/install/turtlebot3_fake_node' in the environment variable CMAKE_PREFIX_PATH doesn't exist
[0.347s] DEBUG:colcon.colcon_installed_package_information.package_discovery:Found 4 installed packages in /home/cain/ros2_ws/install
[0.349s] DEBUG:colcon.colcon_installed_package_information.package_discovery:Found 382 installed packages in /opt/ros/humble
[0.351s] Level 1:colcon.colcon_core.package_discovery:discover_packages(prefix_path) using defaults
[0.399s] Level 5:colcon.colcon_core.verb:set package 'my_robot_controller' build argument 'cmake_args' from command line to 'None'
[0.399s] Level 5:colcon.colcon_core.verb:set package 'my_robot_controller' build argument 'cmake_target' from command line to 'None'
[0.399s] Level 5:colcon.colcon_core.verb:set package 'my_robot_controller' build argument 'cmake_target_skip_unavailable' from command line to 'False'
[0.400s] Level 5:colcon.colcon_core.verb:set package 'my_robot_controller' build argument 'cmake_clean_cache' from command line to 'False'
[0.400s] Level 5:colcon.colcon_core.verb:set package 'my_robot_controller' build argument 'cmake_clean_first' from command line to 'False'
[0.400s] Level 5:colcon.colcon_core.verb:set package 'my_robot_controller' build argument 'cmake_force_configure' from command line to 'False'
[0.400s] Level 5:colcon.colcon_core.verb:set package 'my_robot_controller' build argument 'ament_cmake_args' from command line to 'None'
[0.400s] Level 5:colcon.colcon_core.verb:set package 'my_robot_controller' build argument 'catkin_cmake_args' from command line to 'None'
[0.400s] Level 5:colcon.colcon_core.verb:set package 'my_robot_controller' build argument 'catkin_skip_building_tests' from command line to 'False'
[0.400s] DEBUG:colcon.colcon_core.verb:Building package 'my_robot_controller' with the following arguments: {'ament_cmake_args': None, 'build_base': '/home/cain/ros2_ws/build/my_robot_controller', 'catkin_cmake_args': None, 'catkin_skip_building_tests': False, 'cmake_args': None, 'cmake_clean_cache': False, 'cmake_clean_first': False, 'cmake_force_configure': False, 'cmake_target': None, 'cmake_target_skip_unavailable': False, 'install_base': '/home/cain/ros2_ws/install/my_robot_controller', 'merge_install': False, 'path': '/home/cain/ros2_ws/src/my_robot_controller', 'symlink_install': False, 'test_result_base': None}
[0.400s] Level 5:colcon.colcon_core.verb:set package 'turtlebot3_fake_node' build argument 'cmake_args' from command line to 'None'
[0.400s] Level 5:colcon.colcon_core.verb:set package 'turtlebot3_fake_node' build argument 'cmake_target' from command line to 'None'
[0.400s] Level 5:colcon.colcon_core.verb:set package 'turtlebot3_fake_node' build argument 'cmake_target_skip_unavailable' from command line to 'False'
[0.400s] Level 5:colcon.colcon_core.verb:set package 'turtlebot3_fake_node' build argument 'cmake_clean_cache' from command line to 'False'
[0.400s] Level 5:colcon.colcon_core.verb:set package 'turtlebot3_fake_node' build argument 'cmake_clean_first' from command line to 'False'
[0.400s] Level 5:colcon.colcon_core.verb:set package 'turtlebot3_fake_node' build argument 'cmake_force_configure' from command line to 'False'
[0.400s] Level 5:colcon.colcon_core.verb:set package 'turtlebot3_fake_node' build argument 'ament_cmake_args' from command line to 'None'
[0.400s] Level 5:colcon.colcon_core.verb:set package 'turtlebot3_fake_node' build argument 'catkin_cmake_args' from command line to 'None'
[0.400s] Level 5:colcon.colcon_core.verb:set package 'turtlebot3_fake_node' build argument 'catkin_skip_building_tests' from command line to 'False'
[0.400s] DEBUG:colcon.colcon_core.verb:Building package 'turtlebot3_fake_node' with the following arguments: {'ament_cmake_args': None, 'build_base': '/home/cain/ros2_ws/build/turtlebot3_fake_node', 'catkin_cmake_args': None, 'catkin_skip_building_tests': False, 'cmake_args': None, 'cmake_clean_cache': False, 'cmake_clean_first': False, 'cmake_force_configure': False, 'cmake_target': None, 'cmake_target_skip_unavailable': False, 'install_base': '/home/cain/ros2_ws/install/turtlebot3_fake_node', 'merge_install': False, 'path': '/home/cain/ros2_ws/src/turtlebot3_simulations/turtlebot3_fake_node', 'symlink_install': False, 'test_result_base': None}
[0.400s] Level 5:colcon.colcon_core.verb:set package 'turtlebot3_gazebo' build argument 'cmake_args' from command line to 'None'
[0.400s] Level 5:colcon.colcon_core.verb:set package 'turtlebot3_gazebo' build argument 'cmake_target' from command line to 'None'
[0.400s] Level 5:colcon.colcon_core.verb:set package 'turtlebot3_gazebo' build argument 'cmake_target_skip_unavailable' from command line to 'False'
[0.400s] Level 5:colcon.colcon_core.verb:set package 'turtlebot3_gazebo' build argument 'cmake_clean_cache' from command line to 'False'
[0.400s] Level 5:colcon.colcon_core.verb:set package 'turtlebot3_gazebo' build argument 'cmake_clean_first' from command line to 'False'
[0.400s] Level 5:colcon.colcon_core.verb:set package 'turtlebot3_gazebo' build argument 'cmake_force_configure' from command line to 'False'
[0.401s] Level 5:colcon.colcon_core.verb:set package 'turtlebot3_gazebo' build argument 'ament_cmake_args' from command line to 'None'
[0.401s] Level 5:colcon.colcon_core.verb:set package 'turtlebot3_gazebo' build argument 'catkin_cmake_args' from command line to 'None'
[0.401s] Level 5:colcon.colcon_core.verb:set package 'turtlebot3_gazebo' build argument 'catkin_skip_building_tests' from command line to 'False'
[0.401s] DEBUG:colcon.colcon_core.verb:Building package 'turtlebot3_gazebo' with the following arguments: {'ament_cmake_args': None, 'build_base': '/home/cain/ros2_ws/build/turtlebot3_gazebo', 'catkin_cmake_args': None, 'catkin_skip_building_tests': False, 'cmake_args': None, 'cmake_clean_cache': False, 'cmake_clean_first': False, 'cmake_force_configure': False, 'cmake_target': None, 'cmake_target_skip_unavailable': False, 'install_base': '/home/cain/ros2_ws/install/turtlebot3_gazebo', 'merge_install': False, 'path': '/home/cain/ros2_ws/src/turtlebot3_simulations/turtlebot3_gazebo', 'symlink_install': False, 'test_result_base': None}
[0.401s] Level 5:colcon.colcon_core.verb:set package 'turtlebot3_simulations' build argument 'cmake_args' from command line to 'None'
[0.401s] Level 5:colcon.colcon_core.verb:set package 'turtlebot3_simulations' build argument 'cmake_target' from command line to 'None'
[0.401s] Level 5:colcon.colcon_core.verb:set package 'turtlebot3_simulations' build argument 'cmake_target_skip_unavailable' from command line to 'False'
[0.401s] Level 5:colcon.colcon_core.verb:set package 'turtlebot3_simulations' build argument 'cmake_clean_cache' from command line to 'False'
[0.401s] Level 5:colcon.colcon_core.verb:set package 'turtlebot3_simulations' build argument 'cmake_clean_first' from command line to 'False'
[0.401s] Level 5:colcon.colcon_core.verb:set package 'turtlebot3_simulations' build argument 'cmake_force_configure' from command line to 'False'
[0.401s] Level 5:colcon.colcon_core.verb:set package 'turtlebot3_simulations' build argument 'ament_cmake_args' from command line to 'None'
[0.401s] Level 5:colcon.colcon_core.verb:set package 'turtlebot3_simulations' build argument 'catkin_cmake_args' from command line to 'None'
[0.401s] Level 5:colcon.colcon_core.verb:set package 'turtlebot3_simulations' build argument 'catkin_skip_building_tests' from command line to 'False'
[0.401s] DEBUG:colcon.colcon_core.verb:Building package 'turtlebot3_simulations' with the following arguments: {'ament_cmake_args': None, 'build_base': '/home/cain/ros2_ws/build/turtlebot3_simulations', 'catkin_cmake_args': None, 'catkin_skip_building_tests': False, 'cmake_args': None, 'cmake_clean_cache': False, 'cmake_clean_first': False, 'cmake_force_configure': False, 'cmake_target': None, 'cmake_target_skip_unavailable': False, 'install_base': '/home/cain/ros2_ws/install/turtlebot3_simulations', 'merge_install': False, 'path': '/home/cain/ros2_ws/src/turtlebot3_simulations/turtlebot3_simulations', 'symlink_install': False, 'test_result_base': None}
[0.401s] INFO:colcon.colcon_core.executor:Executing jobs using 'parallel' executor
[0.403s] DEBUG:colcon.colcon_parallel_executor.executor.parallel:run_until_complete
[0.403s] INFO:colcon.colcon_ros.task.ament_cmake.build:Building ROS package in '/home/cain/ros2_ws/src/turtlebot3_simulations/turtlebot3_fake_node' with build type 'ament_cmake'
[0.403s] INFO:colcon.colcon_cmake.task.cmake.build:Building CMake package in '/home/cain/ros2_ws/src/turtlebot3_simulations/turtlebot3_fake_node'
[0.406s] INFO:colcon.colcon_core.plugin_system:Skipping extension 'colcon_core.shell.bat': Not used on non-Windows systems
[0.406s] INFO:colcon.colcon_core.shell:Skip shell extension 'powershell' for command environment: Not usable outside of PowerShell
[0.406s] DEBUG:colcon.colcon_core.shell:Skip shell extension 'dsv' for command environment
[0.412s] INFO:colcon.colcon_ros.task.ament_cmake.build:Building ROS package in '/home/cain/ros2_ws/src/turtlebot3_simulations/turtlebot3_gazebo' with build type 'ament_cmake'
[0.412s] INFO:colcon.colcon_cmake.task.cmake.build:Building CMake package in '/home/cain/ros2_ws/src/turtlebot3_simulations/turtlebot3_gazebo'
[0.412s] INFO:colcon.colcon_core.shell:Skip shell extension 'powershell' for command environment: Not usable outside of PowerShell
[0.412s] DEBUG:colcon.colcon_core.shell:Skip shell extension 'dsv' for command environment
[0.418s] INFO:colcon.colcon_ros.task.ament_python.build:Building ROS package in '/home/cain/ros2_ws/src/my_robot_controller' with build type 'ament_python'
[0.418s] Level 1:colcon.colcon_core.shell:create_environment_hook('my_robot_controller', 'ament_prefix_path')
[0.418s] INFO:colcon.colcon_core.shell:Creating environment hook '/home/cain/ros2_ws/install/my_robot_controller/share/my_robot_controller/hook/ament_prefix_path.ps1'
[0.420s] INFO:colcon.colcon_core.shell:Creating environment descriptor '/home/cain/ros2_ws/install/my_robot_controller/share/my_robot_controller/hook/ament_prefix_path.dsv'
[0.420s] INFO:colcon.colcon_core.shell:Creating environment hook '/home/cain/ros2_ws/install/my_robot_controller/share/my_robot_controller/hook/ament_prefix_path.sh'
[0.421s] INFO:colcon.colcon_core.shell:Skip shell extension 'powershell' for command environment: Not usable outside of PowerShell
[0.422s] DEBUG:colcon.colcon_core.shell:Skip shell extension 'dsv' for command environment
[0.438s] DEBUG:colcon.colcon_core.event_handler.log_command:Invoking command in '/home/cain/ros2_ws/build/turtlebot3_fake_node': CMAKE_PREFIX_PATH=${CMAKE_PREFIX_PATH}:/home/cain/turtlebot3_ws/install/turtlebot3_teleop:/home/cain/turtlebot3_ws/install/turtlebot3_example:/home/cain/ros2_ws/install/my_robot_controller:/opt/ros/humble /usr/bin/cmake --build /home/cain/ros2_ws/build/turtlebot3_fake_node -- -j4 -l4
[0.442s] DEBUG:colcon.colcon_core.event_handler.log_command:Invoking command in '/home/cain/ros2_ws/build/turtlebot3_gazebo': CMAKE_PREFIX_PATH=${CMAKE_PREFIX_PATH}:/home/cain/turtlebot3_ws/install/turtlebot3_teleop:/home/cain/turtlebot3_ws/install/turtlebot3_example:/home/cain/ros2_ws/install/my_robot_controller:/opt/ros/humble /usr/bin/cmake --build /home/cain/ros2_ws/build/turtlebot3_gazebo -- -j4 -l4
[0.776s] INFO:colcon.colcon_core.task.python.build:Building Python package in '/home/cain/ros2_ws/src/my_robot_controller'
[0.776s] INFO:colcon.colcon_core.shell:Skip shell extension 'powershell' for command environment: Not usable outside of PowerShell
[0.776s] DEBUG:colcon.colcon_core.shell:Skip shell extension 'dsv' for command environment
[0.784s] DEBUG:colcon.colcon_core.event_handler.log_command:Invoked command in '/home/cain/ros2_ws/build/turtlebot3_fake_node' returned '0': CMAKE_PREFIX_PATH=${CMAKE_PREFIX_PATH}:/home/cain/turtlebot3_ws/install/turtlebot3_teleop:/home/cain/turtlebot3_ws/install/turtlebot3_example:/home/cain/ros2_ws/install/my_robot_controller:/opt/ros/humble /usr/bin/cmake --build /home/cain/ros2_ws/build/turtlebot3_fake_node -- -j4 -l4
[0.789s] DEBUG:colcon.colcon_core.event_handler.log_command:Invoked command in '/home/cain/ros2_ws/build/turtlebot3_gazebo' returned '0': CMAKE_PREFIX_PATH=${CMAKE_PREFIX_PATH}:/home/cain/turtlebot3_ws/install/turtlebot3_teleop:/home/cain/turtlebot3_ws/install/turtlebot3_example:/home/cain/ros2_ws/install/my_robot_controller:/opt/ros/humble /usr/bin/cmake --build /home/cain/ros2_ws/build/turtlebot3_gazebo -- -j4 -l4
[0.877s] DEBUG:colcon.colcon_core.event_handler.log_command:Invoking command in '/home/cain/ros2_ws/build/turtlebot3_fake_node': CMAKE_PREFIX_PATH=${CMAKE_PREFIX_PATH}:/home/cain/turtlebot3_ws/install/turtlebot3_teleop:/home/cain/turtlebot3_ws/install/turtlebot3_example:/home/cain/ros2_ws/install/my_robot_controller:/opt/ros/humble /usr/bin/cmake --install /home/cain/ros2_ws/build/turtlebot3_fake_node
[0.881s] DEBUG:colcon.colcon_core.event_handler.log_command:Invoking command in '/home/cain/ros2_ws/build/turtlebot3_gazebo': CMAKE_PREFIX_PATH=${CMAKE_PREFIX_PATH}:/home/cain/turtlebot3_ws/install/turtlebot3_teleop:/home/cain/turtlebot3_ws/install/turtlebot3_example:/home/cain/ros2_ws/install/my_robot_controller:/opt/ros/humble /usr/bin/cmake --install /home/cain/ros2_ws/build/turtlebot3_gazebo
[0.894s] Level 1:colcon.colcon_core.environment:create_environment_scripts_only(turtlebot3_fake_node)
[0.897s] DEBUG:colcon.colcon_core.event_handler.log_command:Invoked command in '/home/cain/ros2_ws/build/turtlebot3_fake_node' returned '0': CMAKE_PREFIX_PATH=${CMAKE_PREFIX_PATH}:/home/cain/turtlebot3_ws/install/turtlebot3_teleop:/home/cain/turtlebot3_ws/install/turtlebot3_example:/home/cain/ros2_ws/install/my_robot_controller:/opt/ros/humble /usr/bin/cmake --install /home/cain/ros2_ws/build/turtlebot3_fake_node
[0.908s] Level 1:colcon.colcon_core.environment:checking '/home/cain/ros2_ws/install/turtlebot3_fake_node' for CMake module files
[0.909s] Level 1:colcon.colcon_core.environment:checking '/home/cain/ros2_ws/install/turtlebot3_fake_node' for CMake config files
[0.912s] Level 1:colcon.colcon_core.shell:create_environment_hook('turtlebot3_fake_node', 'cmake_prefix_path')
[0.912s] INFO:colcon.colcon_core.shell:Creating environment hook '/home/cain/ros2_ws/install/turtlebot3_fake_node/share/turtlebot3_fake_node/hook/cmake_prefix_path.ps1'
[0.915s] INFO:colcon.colcon_core.shell:Creating environment descriptor '/home/cain/ros2_ws/install/turtlebot3_fake_node/share/turtlebot3_fake_node/hook/cmake_prefix_path.dsv'
[0.917s] INFO:colcon.colcon_core.shell:Creating environment hook '/home/cain/ros2_ws/install/turtlebot3_fake_node/share/turtlebot3_fake_node/hook/cmake_prefix_path.sh'
[0.920s] Level 1:colcon.colcon_core.environment:checking '/home/cain/ros2_ws/install/turtlebot3_fake_node/lib'
[0.921s] Level 1:colcon.colcon_core.environment:checking '/home/cain/ros2_ws/install/turtlebot3_fake_node/bin'
[0.921s] Level 1:colcon.colcon_core.environment:checking '/home/cain/ros2_ws/install/turtlebot3_fake_node/lib/pkgconfig/turtlebot3_fake_node.pc'
[0.921s] Level 1:colcon.colcon_core.environment:checking '/home/cain/ros2_ws/install/turtlebot3_fake_node/lib/python3.10/site-packages'
[0.921s] Level 1:colcon.colcon_core.environment:checking '/home/cain/ros2_ws/install/turtlebot3_fake_node/bin'
[0.922s] INFO:colcon.colcon_core.shell:Creating package script '/home/cain/ros2_ws/install/turtlebot3_fake_node/share/turtlebot3_fake_node/package.ps1'
[0.926s] INFO:colcon.colcon_core.shell:Creating package descriptor '/home/cain/ros2_ws/install/turtlebot3_fake_node/share/turtlebot3_fake_node/package.dsv'
[0.929s] INFO:colcon.colcon_core.shell:Creating package script '/home/cain/ros2_ws/install/turtlebot3_fake_node/share/turtlebot3_fake_node/package.sh'
[0.933s] INFO:colcon.colcon_core.shell:Creating package script '/home/cain/ros2_ws/install/turtlebot3_fake_node/share/turtlebot3_fake_node/package.bash'
[0.934s] INFO:colcon.colcon_core.shell:Creating package script '/home/cain/ros2_ws/install/turtlebot3_fake_node/share/turtlebot3_fake_node/package.zsh'
[0.935s] Level 1:colcon.colcon_core.environment:create_file_with_runtime_dependencies(/home/cain/ros2_ws/install/turtlebot3_fake_node/share/colcon-core/packages/turtlebot3_fake_node)
[0.945s] Level 1:colcon.colcon_core.environment:create_environment_scripts_only(turtlebot3_gazebo)
[0.945s] Level 1:colcon.colcon_core.environment:checking '/home/cain/ros2_ws/install/turtlebot3_gazebo' for CMake module files
[0.946s] DEBUG:colcon.colcon_core.event_handler.log_command:Invoked command in '/home/cain/ros2_ws/build/turtlebot3_gazebo' returned '0': CMAKE_PREFIX_PATH=${CMAKE_PREFIX_PATH}:/home/cain/turtlebot3_ws/install/turtlebot3_teleop:/home/cain/turtlebot3_ws/install/turtlebot3_example:/home/cain/ros2_ws/install/my_robot_controller:/opt/ros/humble /usr/bin/cmake --install /home/cain/ros2_ws/build/turtlebot3_gazebo
[0.947s] Level 1:colcon.colcon_core.environment:checking '/home/cain/ros2_ws/install/turtlebot3_gazebo' for CMake config files
[0.947s] Level 1:colcon.colcon_core.shell:create_environment_hook('turtlebot3_gazebo', 'cmake_prefix_path')
[0.948s] INFO:colcon.colcon_core.shell:Creating environment hook '/home/cain/ros2_ws/install/turtlebot3_gazebo/share/turtlebot3_gazebo/hook/cmake_prefix_path.ps1'
[0.949s] INFO:colcon.colcon_core.shell:Creating environment descriptor '/home/cain/ros2_ws/install/turtlebot3_gazebo/share/turtlebot3_gazebo/hook/cmake_prefix_path.dsv'
[0.949s] INFO:colcon.colcon_core.shell:Creating environment hook '/home/cain/ros2_ws/install/turtlebot3_gazebo/share/turtlebot3_gazebo/hook/cmake_prefix_path.sh'
[0.951s] Level 1:colcon.colcon_core.environment:checking '/home/cain/ros2_ws/install/turtlebot3_gazebo/lib'
[0.951s] Level 1:colcon.colcon_core.environment:checking '/home/cain/ros2_ws/install/turtlebot3_gazebo/bin'
[0.951s] Level 1:colcon.colcon_core.environment:checking '/home/cain/ros2_ws/install/turtlebot3_gazebo/lib/pkgconfig/turtlebot3_gazebo.pc'
[0.951s] Level 1:colcon.colcon_core.environment:checking '/home/cain/ros2_ws/install/turtlebot3_gazebo/lib/python3.10/site-packages'
[0.951s] Level 1:colcon.colcon_core.environment:checking '/home/cain/ros2_ws/install/turtlebot3_gazebo/bin'
[0.951s] INFO:colcon.colcon_core.shell:Creating package script '/home/cain/ros2_ws/install/turtlebot3_gazebo/share/turtlebot3_gazebo/package.ps1'
[0.952s] INFO:colcon.colcon_core.shell:Creating package descriptor '/home/cain/ros2_ws/install/turtlebot3_gazebo/share/turtlebot3_gazebo/package.dsv'
[0.953s] INFO:colcon.colcon_core.shell:Creating package script '/home/cain/ros2_ws/install/turtlebot3_gazebo/share/turtlebot3_gazebo/package.sh'
[0.953s] INFO:colcon.colcon_core.shell:Creating package script '/home/cain/ros2_ws/install/turtlebot3_gazebo/share/turtlebot3_gazebo/package.bash'
[0.954s] INFO:colcon.colcon_core.shell:Creating package script '/home/cain/ros2_ws/install/turtlebot3_gazebo/share/turtlebot3_gazebo/package.zsh'
[0.955s] Level 1:colcon.colcon_core.environment:create_file_with_runtime_dependencies(/home/cain/ros2_ws/install/turtlebot3_gazebo/share/colcon-core/packages/turtlebot3_gazebo)
[1.004s] Level 1:colcon.colcon_core.environment:create_environment_scripts_only(turtlebot3_fake_node)
[1.005s] Level 1:colcon.colcon_core.environment:checking '/home/cain/ros2_ws/install/turtlebot3_fake_node' for CMake module files
[1.005s] Level 1:colcon.colcon_core.environment:checking '/home/cain/ros2_ws/install/turtlebot3_fake_node' for CMake config files
[1.005s] Level 1:colcon.colcon_core.shell:create_environment_hook('turtlebot3_fake_node', 'cmake_prefix_path')
[1.005s] INFO:colcon.colcon_core.shell:Creating environment hook '/home/cain/ros2_ws/install/turtlebot3_fake_node/share/turtlebot3_fake_node/hook/cmake_prefix_path.ps1'
[1.006s] INFO:colcon.colcon_core.shell:Creating environment descriptor '/home/cain/ros2_ws/install/turtlebot3_fake_node/share/turtlebot3_fake_node/hook/cmake_prefix_path.dsv'
[1.006s] INFO:colcon.colcon_core.shell:Creating environment hook '/home/cain/ros2_ws/install/turtlebot3_fake_node/share/turtlebot3_fake_node/hook/cmake_prefix_path.sh'
[1.007s] Level 1:colcon.colcon_core.environment:checking '/home/cain/ros2_ws/install/turtlebot3_fake_node/lib'
[1.007s] Level 1:colcon.colcon_core.environment:checking '/home/cain/ros2_ws/install/turtlebot3_fake_node/bin'
[1.007s] Level 1:colcon.colcon_core.environment:checking '/home/cain/ros2_ws/install/turtlebot3_fake_node/lib/pkgconfig/turtlebot3_fake_node.pc'
[1.007s] Level 1:colcon.colcon_core.environment:checking '/home/cain/ros2_ws/install/turtlebot3_fake_node/lib/python3.10/site-packages'
[1.007s] Level 1:colcon.colcon_core.environment:checking '/home/cain/ros2_ws/install/turtlebot3_fake_node/bin'
[1.008s] INFO:colcon.colcon_core.shell:Creating package script '/home/cain/ros2_ws/install/turtlebot3_fake_node/share/turtlebot3_fake_node/package.ps1'
[1.008s] INFO:colcon.colcon_core.shell:Creating package descriptor '/home/cain/ros2_ws/install/turtlebot3_fake_node/share/turtlebot3_fake_node/package.dsv'
[1.009s] INFO:colcon.colcon_core.shell:Creating package script '/home/cain/ros2_ws/install/turtlebot3_fake_node/share/turtlebot3_fake_node/package.sh'
[1.009s] INFO:colcon.colcon_core.shell:Creating package script '/home/cain/ros2_ws/install/turtlebot3_fake_node/share/turtlebot3_fake_node/package.bash'
[1.010s] INFO:colcon.colcon_core.shell:Creating package script '/home/cain/ros2_ws/install/turtlebot3_fake_node/share/turtlebot3_fake_node/package.zsh'
[1.011s] Level 1:colcon.colcon_core.environment:create_file_with_runtime_dependencies(/home/cain/ros2_ws/install/turtlebot3_fake_node/share/colcon-core/packages/turtlebot3_fake_node)
[1.043s] Level 1:colcon.colcon_core.environment:create_environment_scripts_only(turtlebot3_gazebo)
[1.044s] Level 1:colcon.colcon_core.environment:checking '/home/cain/ros2_ws/install/turtlebot3_gazebo' for CMake module files
[1.044s] Level 1:colcon.colcon_core.environment:checking '/home/cain/ros2_ws/install/turtlebot3_gazebo' for CMake config files
[1.045s] Level 1:colcon.colcon_core.shell:create_environment_hook('turtlebot3_gazebo', 'cmake_prefix_path')
[1.045s] INFO:colcon.colcon_core.shell:Creating environment hook '/home/cain/ros2_ws/install/turtlebot3_gazebo/share/turtlebot3_gazebo/hook/cmake_prefix_path.ps1'
[1.046s] INFO:colcon.colcon_core.shell:Creating environment descriptor '/home/cain/ros2_ws/install/turtlebot3_gazebo/share/turtlebot3_gazebo/hook/cmake_prefix_path.dsv'
[1.046s] INFO:colcon.colcon_core.shell:Creating environment hook '/home/cain/ros2_ws/install/turtlebot3_gazebo/share/turtlebot3_gazebo/hook/cmake_prefix_path.sh'
[1.047s] Level 1:colcon.colcon_core.environment:checking '/home/cain/ros2_ws/install/turtlebot3_gazebo/lib'
[1.047s] Level 1:colcon.colcon_core.environment:checking '/home/cain/ros2_ws/install/turtlebot3_gazebo/bin'
[1.047s] Level 1:colcon.colcon_core.environment:checking '/home/cain/ros2_ws/install/turtlebot3_gazebo/lib/pkgconfig/turtlebot3_gazebo.pc'
[1.048s] Level 1:colcon.colcon_core.environment:checking '/home/cain/ros2_ws/install/turtlebot3_gazebo/lib/python3.10/site-packages'
[1.048s] Level 1:colcon.colcon_core.environment:checking '/home/cain/ros2_ws/install/turtlebot3_gazebo/bin'
[1.048s] INFO:colcon.colcon_core.shell:Creating package script '/home/cain/ros2_ws/install/turtlebot3_gazebo/share/turtlebot3_gazebo/package.ps1'
[1.049s] INFO:colcon.colcon_core.shell:Creating package descriptor '/home/cain/ros2_ws/install/turtlebot3_gazebo/share/turtlebot3_gazebo/package.dsv'
[1.049s] INFO:colcon.colcon_core.shell:Creating package script '/home/cain/ros2_ws/install/turtlebot3_gazebo/share/turtlebot3_gazebo/package.sh'
[1.050s] INFO:colcon.colcon_core.shell:Creating package script '/home/cain/ros2_ws/install/turtlebot3_gazebo/share/turtlebot3_gazebo/package.bash'
[1.051s] INFO:colcon.colcon_core.shell:Creating package script '/home/cain/ros2_ws/install/turtlebot3_gazebo/share/turtlebot3_gazebo/package.zsh'
[1.051s] Level 1:colcon.colcon_core.environment:create_file_with_runtime_dependencies(/home/cain/ros2_ws/install/turtlebot3_gazebo/share/colcon-core/packages/turtlebot3_gazebo)
[1.052s] INFO:colcon.colcon_ros.task.ament_cmake.build:Building ROS package in '/home/cain/ros2_ws/src/turtlebot3_simulations/turtlebot3_simulations' with build type 'ament_cmake'
[1.052s] INFO:colcon.colcon_cmake.task.cmake.build:Building CMake package in '/home/cain/ros2_ws/src/turtlebot3_simulations/turtlebot3_simulations'
[1.052s] INFO:colcon.colcon_core.shell:Skip shell extension 'powershell' for command environment: Not usable outside of PowerShell
[1.053s] DEBUG:colcon.colcon_core.shell:Skip shell extension 'dsv' for command environment
[1.074s] DEBUG:colcon.colcon_core.event_handler.log_command:Invoking command in '/home/cain/ros2_ws/build/turtlebot3_simulations': CMAKE_PREFIX_PATH=/home/cain/ros2_ws/install/turtlebot3_gazebo:/home/cain/ros2_ws/install/turtlebot3_fake_node:/home/cain/ros2_ws/install/turtlebot3_simulations:/home/cain/turtlebot3_ws/install/turtlebot3:/home/cain/turtlebot3_ws/install/turtlebot3_bringup:/home/cain/turtlebot3_ws/install/turtlebot3_node:/home/cain/turtlebot3_ws/install/turtlebot3_navigation2:/home/cain/turtlebot3_ws/install/turtlebot3_msgs:/home/cain/turtlebot3_ws/install/turtlebot3_description:/home/cain/turtlebot3_ws/install/turtlebot3_cartographer:/home/cain/turtlebot3_ws/install/dynamixel_sdk_examples:/home/cain/turtlebot3_ws/install/dynamixel_sdk_custom_interfaces:/home/cain/turtlebot3_ws/install/dynamixel_sdk:/home/cain/turtlebot3_ws/install/turtlebot3_simulations:/home/cain/turtlebot3_ws/install/turtlebot3_gazebo:/home/cain/turtlebot3_ws/install/turtlebot3_fake_node:/home/cain/turtlebot3_ws/install/turtlebot3_teleop:/home/cain/turtlebot3_ws/install/turtlebot3_example:/home/cain/ros2_ws/install/my_robot_controller:/opt/ros/humble /usr/bin/cmake --build /home/cain/ros2_ws/build/turtlebot3_simulations -- -j4 -l4
[1.131s] DEBUG:colcon.colcon_core.event_handler.log_command:Invoked command in '/home/cain/ros2_ws/build/turtlebot3_simulations' returned '0': CMAKE_PREFIX_PATH=/home/cain/ros2_ws/install/turtlebot3_gazebo:/home/cain/ros2_ws/install/turtlebot3_fake_node:/home/cain/ros2_ws/install/turtlebot3_simulations:/home/cain/turtlebot3_ws/install/turtlebot3:/home/cain/turtlebot3_ws/install/turtlebot3_bringup:/home/cain/turtlebot3_ws/install/turtlebot3_node:/home/cain/turtlebot3_ws/install/turtlebot3_navigation2:/home/cain/turtlebot3_ws/install/turtlebot3_msgs:/home/cain/turtlebot3_ws/install/turtlebot3_description:/home/cain/turtlebot3_ws/install/turtlebot3_cartographer:/home/cain/turtlebot3_ws/install/dynamixel_sdk_examples:/home/cain/turtlebot3_ws/install/dynamixel_sdk_custom_interfaces:/home/cain/turtlebot3_ws/install/dynamixel_sdk:/home/cain/turtlebot3_ws/install/turtlebot3_simulations:/home/cain/turtlebot3_ws/install/turtlebot3_gazebo:/home/cain/turtlebot3_ws/install/turtlebot3_fake_node:/home/cain/turtlebot3_ws/install/turtlebot3_teleop:/home/cain/turtlebot3_ws/install/turtlebot3_example:/home/cain/ros2_ws/install/my_robot_controller:/opt/ros/humble /usr/bin/cmake --build /home/cain/ros2_ws/build/turtlebot3_simulations -- -j4 -l4
[1.212s] DEBUG:colcon.colcon_core.event_handler.log_command:Invoking command in '/home/cain/ros2_ws/build/turtlebot3_simulations': CMAKE_PREFIX_PATH=/home/cain/ros2_ws/install/turtlebot3_gazebo:/home/cain/ros2_ws/install/turtlebot3_fake_node:/home/cain/ros2_ws/install/turtlebot3_simulations:/home/cain/turtlebot3_ws/install/turtlebot3:/home/cain/turtlebot3_ws/install/turtlebot3_bringup:/home/cain/turtlebot3_ws/install/turtlebot3_node:/home/cain/turtlebot3_ws/install/turtlebot3_navigation2:/home/cain/turtlebot3_ws/install/turtlebot3_msgs:/home/cain/turtlebot3_ws/install/turtlebot3_description:/home/cain/turtlebot3_ws/install/turtlebot3_cartographer:/home/cain/turtlebot3_ws/install/dynamixel_sdk_examples:/home/cain/turtlebot3_ws/install/dynamixel_sdk_custom_interfaces:/home/cain/turtlebot3_ws/install/dynamixel_sdk:/home/cain/turtlebot3_ws/install/turtlebot3_simulations:/home/cain/turtlebot3_ws/install/turtlebot3_gazebo:/home/cain/turtlebot3_ws/install/turtlebot3_fake_node:/home/cain/turtlebot3_ws/install/turtlebot3_teleop:/home/cain/turtlebot3_ws/install/turtlebot3_example:/home/cain/ros2_ws/install/my_robot_controller:/opt/ros/humble /usr/bin/cmake --install /home/cain/ros2_ws/build/turtlebot3_simulations
[1.229s] Level 1:colcon.colcon_core.environment:create_environment_scripts_only(turtlebot3_simulations)
[1.229s] Level 1:colcon.colcon_core.environment:checking '/home/cain/ros2_ws/install/turtlebot3_simulations' for CMake module files
[1.230s] Level 1:colcon.colcon_core.environment:checking '/home/cain/ros2_ws/install/turtlebot3_simulations' for CMake config files
[1.230s] Level 1:colcon.colcon_core.shell:create_environment_hook('turtlebot3_simulations', 'cmake_prefix_path')
[1.230s] INFO:colcon.colcon_core.shell:Creating environment hook '/home/cain/ros2_ws/install/turtlebot3_simulations/share/turtlebot3_simulations/hook/cmake_prefix_path.ps1'
[1.231s] INFO:colcon.colcon_core.shell:Creating environment descriptor '/home/cain/ros2_ws/install/turtlebot3_simulations/share/turtlebot3_simulations/hook/cmake_prefix_path.dsv'
[1.231s] INFO:colcon.colcon_core.shell:Creating environment hook '/home/cain/ros2_ws/install/turtlebot3_simulations/share/turtlebot3_simulations/hook/cmake_prefix_path.sh'
[1.233s] DEBUG:colcon.colcon_core.event_handler.log_command:Invoked command in '/home/cain/ros2_ws/build/turtlebot3_simulations' returned '0': CMAKE_PREFIX_PATH=/home/cain/ros2_ws/install/turtlebot3_gazebo:/home/cain/ros2_ws/install/turtlebot3_fake_node:/home/cain/ros2_ws/install/turtlebot3_simulations:/home/cain/turtlebot3_ws/install/turtlebot3:/home/cain/turtlebot3_ws/install/turtlebot3_bringup:/home/cain/turtlebot3_ws/install/turtlebot3_node:/home/cain/turtlebot3_ws/install/turtlebot3_navigation2:/home/cain/turtlebot3_ws/install/turtlebot3_msgs:/home/cain/turtlebot3_ws/install/turtlebot3_description:/home/cain/turtlebot3_ws/install/turtlebot3_cartographer:/home/cain/turtlebot3_ws/install/dynamixel_sdk_examples:/home/cain/turtlebot3_ws/install/dynamixel_sdk_custom_interfaces:/home/cain/turtlebot3_ws/install/dynamixel_sdk:/home/cain/turtlebot3_ws/install/turtlebot3_simulations:/home/cain/turtlebot3_ws/install/turtlebot3_gazebo:/home/cain/turtlebot3_ws/install/turtlebot3_fake_node:/home/cain/turtlebot3_ws/install/turtlebot3_teleop:/home/cain/turtlebot3_ws/install/turtlebot3_example:/home/cain/ros2_ws/install/my_robot_controller:/opt/ros/humble /usr/bin/cmake --install /home/cain/ros2_ws/build/turtlebot3_simulations
[1.233s] Level 1:colcon.colcon_core.environment:checking '/home/cain/ros2_ws/install/turtlebot3_simulations/bin'
[1.233s] Level 1:colcon.colcon_core.environment:checking '/home/cain/ros2_ws/install/turtlebot3_simulations/lib/pkgconfig/turtlebot3_simulations.pc'
[1.233s] Level 1:colcon.colcon_core.environment:checking '/home/cain/ros2_ws/install/turtlebot3_simulations/lib/python3.10/site-packages'
[1.234s] Level 1:colcon.colcon_core.environment:checking '/home/cain/ros2_ws/install/turtlebot3_simulations/bin'
[1.234s] INFO:colcon.colcon_core.shell:Creating package script '/home/cain/ros2_ws/install/turtlebot3_simulations/share/turtlebot3_simulations/package.ps1'
[1.235s] INFO:colcon.colcon_core.shell:Creating package descriptor '/home/cain/ros2_ws/install/turtlebot3_simulations/share/turtlebot3_simulations/package.dsv'
[1.236s] INFO:colcon.colcon_core.shell:Creating package script '/home/cain/ros2_ws/install/turtlebot3_simulations/share/turtlebot3_simulations/package.sh'
[1.237s] INFO:colcon.colcon_core.shell:Creating package script '/home/cain/ros2_ws/install/turtlebot3_simulations/share/turtlebot3_simulations/package.bash'
[1.237s] INFO:colcon.colcon_core.shell:Creating package script '/home/cain/ros2_ws/install/turtlebot3_simulations/share/turtlebot3_simulations/package.zsh'
[1.239s] Level 1:colcon.colcon_core.environment:create_file_with_runtime_dependencies(/home/cain/ros2_ws/install/turtlebot3_simulations/share/colcon-core/packages/turtlebot3_simulations)
[1.259s] DEBUG:colcon.colcon_core.event_handler.log_command:Invoking command in '/home/cain/ros2_ws/src/my_robot_controller': PYTHONPATH=/home/cain/ros2_ws/build/my_robot_controller/prefix_override:/home/cain/ros2_ws/install/my_robot_controller/lib/python3.10/site-packages:${PYTHONPATH} /usr/bin/python3 -W ignore:setup.py install is deprecated setup.py egg_info --egg-base ../../build/my_robot_controller build --build-base /home/cain/ros2_ws/build/my_robot_controller/build install --record /home/cain/ros2_ws/build/my_robot_controller/install.log --single-version-externally-managed install_data
[1.313s] Level 1:colcon.colcon_core.environment:create_environment_scripts_only(turtlebot3_simulations)
[1.313s] Level 1:colcon.colcon_core.environment:checking '/home/cain/ros2_ws/install/turtlebot3_simulations' for CMake module files
[1.314s] Level 1:colcon.colcon_core.environment:checking '/home/cain/ros2_ws/install/turtlebot3_simulations' for CMake config files
[1.314s] Level 1:colcon.colcon_core.shell:create_environment_hook('turtlebot3_simulations', 'cmake_prefix_path')
[1.314s] INFO:colcon.colcon_core.shell:Creating environment hook '/home/cain/ros2_ws/install/turtlebot3_simulations/share/turtlebot3_simulations/hook/cmake_prefix_path.ps1'
[1.315s] INFO:colcon.colcon_core.shell:Creating environment descriptor '/home/cain/ros2_ws/install/turtlebot3_simulations/share/turtlebot3_simulations/hook/cmake_prefix_path.dsv'
[1.315s] INFO:colcon.colcon_core.shell:Creating environment hook '/home/cain/ros2_ws/install/turtlebot3_simulations/share/turtlebot3_simulations/hook/cmake_prefix_path.sh'
[1.316s] Level 1:colcon.colcon_core.environment:checking '/home/cain/ros2_ws/install/turtlebot3_simulations/bin'
[1.316s] Level 1:colcon.colcon_core.environment:checking '/home/cain/ros2_ws/install/turtlebot3_simulations/lib/pkgconfig/turtlebot3_simulations.pc'
[1.316s] Level 1:colcon.colcon_core.environment:checking '/home/cain/ros2_ws/install/turtlebot3_simulations/lib/python3.10/site-packages'
[1.316s] Level 1:colcon.colcon_core.environment:checking '/home/cain/ros2_ws/install/turtlebot3_simulations/bin'
[1.316s] INFO:colcon.colcon_core.shell:Creating package script '/home/cain/ros2_ws/install/turtlebot3_simulations/share/turtlebot3_simulations/package.ps1'
[1.317s] INFO:colcon.colcon_core.shell:Creating package descriptor '/home/cain/ros2_ws/install/turtlebot3_simulations/share/turtlebot3_simulations/package.dsv'
[1.317s] INFO:colcon.colcon_core.shell:Creating package script '/home/cain/ros2_ws/install/turtlebot3_simulations/share/turtlebot3_simulations/package.sh'
[1.319s] INFO:colcon.colcon_core.shell:Creating package script '/home/cain/ros2_ws/install/turtlebot3_simulations/share/turtlebot3_simulations/package.bash'
[1.320s] INFO:colcon.colcon_core.shell:Creating package script '/home/cain/ros2_ws/install/turtlebot3_simulations/share/turtlebot3_simulations/package.zsh'
[1.320s] Level 1:colcon.colcon_core.environment:create_file_with_runtime_dependencies(/home/cain/ros2_ws/install/turtlebot3_simulations/share/colcon-core/packages/turtlebot3_simulations)
[1.618s] Level 1:colcon.colcon_core.environment:checking '/home/cain/ros2_ws/install/my_robot_controller' for CMake module files
[1.619s] DEBUG:colcon.colcon_core.event_handler.log_command:Invoked command in '/home/cain/ros2_ws/src/my_robot_controller' returned '0': PYTHONPATH=/home/cain/ros2_ws/build/my_robot_controller/prefix_override:/home/cain/ros2_ws/install/my_robot_controller/lib/python3.10/site-packages:${PYTHONPATH} /usr/bin/python3 -W ignore:setup.py install is deprecated setup.py egg_info --egg-base ../../build/my_robot_controller build --build-base /home/cain/ros2_ws/build/my_robot_controller/build install --record /home/cain/ros2_ws/build/my_robot_controller/install.log --single-version-externally-managed install_data
[1.619s] Level 1:colcon.colcon_core.environment:checking '/home/cain/ros2_ws/install/my_robot_controller' for CMake config files
[1.620s] Level 1:colcon.colcon_core.environment:checking '/home/cain/ros2_ws/install/my_robot_controller/lib'
[1.620s] Level 1:colcon.colcon_core.environment:checking '/home/cain/ros2_ws/install/my_robot_controller/bin'
[1.620s] Level 1:colcon.colcon_core.environment:checking '/home/cain/ros2_ws/install/my_robot_controller/lib/pkgconfig/my_robot_controller.pc'
[1.620s] Level 1:colcon.colcon_core.environment:checking '/home/cain/ros2_ws/install/my_robot_controller/lib/python3.10/site-packages'
[1.620s] Level 1:colcon.colcon_core.shell:create_environment_hook('my_robot_controller', 'pythonpath')
[1.620s] INFO:colcon.colcon_core.shell:Creating environment hook '/home/cain/ros2_ws/install/my_robot_controller/share/my_robot_controller/hook/pythonpath.ps1'
[1.621s] INFO:colcon.colcon_core.shell:Creating environment descriptor '/home/cain/ros2_ws/install/my_robot_controller/share/my_robot_controller/hook/pythonpath.dsv'
[1.621s] INFO:colcon.colcon_core.shell:Creating environment hook '/home/cain/ros2_ws/install/my_robot_controller/share/my_robot_controller/hook/pythonpath.sh'
[1.622s] Level 1:colcon.colcon_core.environment:checking '/home/cain/ros2_ws/install/my_robot_controller/bin'
[1.622s] Level 1:colcon.colcon_core.environment:create_environment_scripts_only(my_robot_controller)
[1.622s] INFO:colcon.colcon_core.shell:Creating package script '/home/cain/ros2_ws/install/my_robot_controller/share/my_robot_controller/package.ps1'
[1.623s] INFO:colcon.colcon_core.shell:Creating package descriptor '/home/cain/ros2_ws/install/my_robot_controller/share/my_robot_controller/package.dsv'
[1.623s] INFO:colcon.colcon_core.shell:Creating package script '/home/cain/ros2_ws/install/my_robot_controller/share/my_robot_controller/package.sh'
[1.624s] INFO:colcon.colcon_core.shell:Creating package script '/home/cain/ros2_ws/install/my_robot_controller/share/my_robot_controller/package.bash'
[1.624s] INFO:colcon.colcon_core.shell:Creating package script '/home/cain/ros2_ws/install/my_robot_controller/share/my_robot_controller/package.zsh'
[1.625s] Level 1:colcon.colcon_core.environment:create_file_with_runtime_dependencies(/home/cain/ros2_ws/install/my_robot_controller/share/colcon-core/packages/my_robot_controller)
[1.625s] DEBUG:colcon.colcon_parallel_executor.executor.parallel:closing loop
[1.625s] DEBUG:colcon.colcon_parallel_executor.executor.parallel:loop closed
[1.626s] DEBUG:colcon.colcon_parallel_executor.executor.parallel:run_until_complete finished with '0'
[1.626s] DEBUG:colcon.colcon_core.event_reactor:joining thread
[1.633s] INFO:colcon.colcon_core.plugin_system:Skipping extension 'colcon_notification.desktop_notification.terminal_notifier': Not used on non-Darwin systems
[1.633s] INFO:colcon.colcon_core.plugin_system:Skipping extension 'colcon_notification.desktop_notification.win32': Not used on non-Windows systems
[1.633s] INFO:colcon.colcon_notification.desktop_notification:Sending desktop notification using 'notify2'
[1.650s] DEBUG:colcon.colcon_core.event_reactor:joined thread
[1.651s] INFO:colcon.colcon_core.shell:Creating prefix script '/home/cain/ros2_ws/install/local_setup.ps1'
[1.652s] INFO:colcon.colcon_core.shell:Creating prefix util module '/home/cain/ros2_ws/install/_local_setup_util_ps1.py'
[1.654s] INFO:colcon.colcon_core.shell:Creating prefix chain script '/home/cain/ros2_ws/install/setup.ps1'
[1.655s] INFO:colcon.colcon_core.shell:Creating prefix script '/home/cain/ros2_ws/install/local_setup.sh'
[1.655s] INFO:colcon.colcon_core.shell:Creating prefix util module '/home/cain/ros2_ws/install/_local_setup_util_sh.py'
[1.656s] INFO:colcon.colcon_core.shell:Creating prefix chain script '/home/cain/ros2_ws/install/setup.sh'
[1.658s] INFO:colcon.colcon_core.shell:Creating prefix script '/home/cain/ros2_ws/install/local_setup.bash'
[1.659s] INFO:colcon.colcon_core.shell:Creating prefix chain script '/home/cain/ros2_ws/install/setup.bash'
[1.660s] INFO:colcon.colcon_core.shell:Creating prefix script '/home/cain/ros2_ws/install/local_setup.zsh'
[1.661s] INFO:colcon.colcon_core.shell:Creating prefix chain script '/home/cain/ros2_ws/install/setup.zsh'
