[0.719s] Invoking command in '/home/cain/ros2_ws/src/my_robot_controller': PYTHONPATH=/home/cain/ros2_ws/build/my_robot_controller/prefix_override:/home/cain/ros2_ws/install/my_robot_controller/lib/python3.10/site-packages:${PYTHONPATH} /usr/bin/python3 -W ignore:setup.py install is deprecated setup.py egg_info --egg-base ../../build/my_robot_controller build --build-base /home/cain/ros2_ws/build/my_robot_controller/build install --record /home/cain/ros2_ws/build/my_robot_controller/install.log --single-version-externally-managed install_data
[0.966s] running egg_info
[0.967s] writing ../../build/my_robot_controller/my_robot_controller.egg-info/PKG-INFO
[0.967s] writing dependency_links to ../../build/my_robot_controller/my_robot_controller.egg-info/dependency_links.txt
[0.968s] writing entry points to ../../build/my_robot_controller/my_robot_controller.egg-info/entry_points.txt
[0.968s] writing requirements to ../../build/my_robot_controller/my_robot_controller.egg-info/requires.txt
[0.970s] writing top-level names to ../../build/my_robot_controller/my_robot_controller.egg-info/top_level.txt
[0.972s] reading manifest file '../../build/my_robot_controller/my_robot_controller.egg-info/SOURCES.txt'
[0.973s] writing manifest file '../../build/my_robot_controller/my_robot_controller.egg-info/SOURCES.txt'
[0.973s] running build
[0.973s] running build_py
[0.974s] copying my_robot_controller/mapping.py -> /home/cain/ros2_ws/build/my_robot_controller/build/lib/my_robot_controller
[0.974s] running install
[0.974s] running install_lib
[0.975s] copying /home/cain/ros2_ws/build/my_robot_controller/build/lib/my_robot_controller/mapping.py -> /home/cain/ros2_ws/install/my_robot_controller/lib/python3.10/site-packages/my_robot_controller
[0.976s] byte-compiling /home/cain/ros2_ws/install/my_robot_controller/lib/python3.10/site-packages/my_robot_controller/mapping.py to mapping.cpython-310.pyc
[0.977s] running install_data
[0.977s] running install_egg_info
[0.979s] removing '/home/cain/ros2_ws/install/my_robot_controller/lib/python3.10/site-packages/my_robot_controller-0.0.0-py3.10.egg-info' (and everything under it)
[0.979s] Copying ../../build/my_robot_controller/my_robot_controller.egg-info to /home/cain/ros2_ws/install/my_robot_controller/lib/python3.10/site-packages/my_robot_controller-0.0.0-py3.10.egg-info
[0.980s] running install_scripts
[0.998s] Installing draw_circle script to /home/cain/ros2_ws/install/my_robot_controller/lib/my_robot_controller
[0.998s] Installing mapping script to /home/cain/ros2_ws/install/my_robot_controller/lib/my_robot_controller
[0.998s] Installing pose_sub script to /home/cain/ros2_ws/install/my_robot_controller/lib/my_robot_controller
[0.999s] Installing test_node script to /home/cain/ros2_ws/install/my_robot_controller/lib/my_robot_controller
[0.999s] Installing turtle_controller script to /home/cain/ros2_ws/install/my_robot_controller/lib/my_robot_controller
[1.000s] writing list of installed files to '/home/cain/ros2_ws/build/my_robot_controller/install.log'
[1.030s] Invoked command in '/home/cain/ros2_ws/src/my_robot_controller' returned '0': PYTHONPATH=/home/cain/ros2_ws/build/my_robot_controller/prefix_override:/home/cain/ros2_ws/install/my_robot_controller/lib/python3.10/site-packages:${PYTHONPATH} /usr/bin/python3 -W ignore:setup.py install is deprecated setup.py egg_info --egg-base ../../build/my_robot_controller build --build-base /home/cain/ros2_ws/build/my_robot_controller/build install --record /home/cain/ros2_ws/build/my_robot_controller/install.log --single-version-externally-managed install_data
