[1.890s] Invoking command in '/home/cain/ros2_ws/src/my_robot_controller': PYTHONPATH=/home/cain/ros2_ws/build/my_robot_controller/prefix_override:/home/cain/ros2_ws/install/my_robot_controller/lib/python3.10/site-packages:${PYTHONPATH} /usr/bin/python3 -W ignore:setup.py install is deprecated setup.py egg_info --egg-base ../../build/my_robot_controller build --build-base /home/cain/ros2_ws/build/my_robot_controller/build install --record /home/cain/ros2_ws/build/my_robot_controller/install.log --single-version-externally-managed install_data
[2.551s] running egg_info
[2.555s] creating ../../build/my_robot_controller/my_robot_controller.egg-info
[2.556s] writing ../../build/my_robot_controller/my_robot_controller.egg-info/PKG-INFO
[2.557s] writing dependency_links to ../../build/my_robot_controller/my_robot_controller.egg-info/dependency_links.txt
[2.558s] writing entry points to ../../build/my_robot_controller/my_robot_controller.egg-info/entry_points.txt
[2.559s] writing requirements to ../../build/my_robot_controller/my_robot_controller.egg-info/requires.txt
[2.560s] writing top-level names to ../../build/my_robot_controller/my_robot_controller.egg-info/top_level.txt
[2.561s] writing manifest file '../../build/my_robot_controller/my_robot_controller.egg-info/SOURCES.txt'
[2.565s] reading manifest file '../../build/my_robot_controller/my_robot_controller.egg-info/SOURCES.txt'
[2.568s] writing manifest file '../../build/my_robot_controller/my_robot_controller.egg-info/SOURCES.txt'
[2.569s] running build
[2.569s] running build_py
[2.570s] creating /home/cain/ros2_ws/build/my_robot_controller/build
[2.570s] creating /home/cain/ros2_ws/build/my_robot_controller/build/lib
[2.571s] creating /home/cain/ros2_ws/build/my_robot_controller/build/lib/my_robot_controller
[2.571s] copying my_robot_controller/turtle_controller.py -> /home/cain/ros2_ws/build/my_robot_controller/build/lib/my_robot_controller
[2.572s] copying my_robot_controller/pose_subscriber.py -> /home/cain/ros2_ws/build/my_robot_controller/build/lib/my_robot_controller
[2.573s] copying my_robot_controller/mapping.py -> /home/cain/ros2_ws/build/my_robot_controller/build/lib/my_robot_controller
[2.574s] copying my_robot_controller/draw_circle.py -> /home/cain/ros2_ws/build/my_robot_controller/build/lib/my_robot_controller
[2.575s] copying my_robot_controller/__init__.py -> /home/cain/ros2_ws/build/my_robot_controller/build/lib/my_robot_controller
[2.582s] copying my_robot_controller/my_first_node.py -> /home/cain/ros2_ws/build/my_robot_controller/build/lib/my_robot_controller
[2.589s] running install
[2.589s] running install_lib
[2.589s] creating /home/cain/ros2_ws/install/my_robot_controller/lib/python3.10/site-packages/my_robot_controller
[2.590s] copying /home/cain/ros2_ws/build/my_robot_controller/build/lib/my_robot_controller/turtle_controller.py -> /home/cain/ros2_ws/install/my_robot_controller/lib/python3.10/site-packages/my_robot_controller
[2.590s] copying /home/cain/ros2_ws/build/my_robot_controller/build/lib/my_robot_controller/pose_subscriber.py -> /home/cain/ros2_ws/install/my_robot_controller/lib/python3.10/site-packages/my_robot_controller
[2.592s] copying /home/cain/ros2_ws/build/my_robot_controller/build/lib/my_robot_controller/mapping.py -> /home/cain/ros2_ws/install/my_robot_controller/lib/python3.10/site-packages/my_robot_controller
[2.592s] copying /home/cain/ros2_ws/build/my_robot_controller/build/lib/my_robot_controller/draw_circle.py -> /home/cain/ros2_ws/install/my_robot_controller/lib/python3.10/site-packages/my_robot_controller
[2.593s] copying /home/cain/ros2_ws/build/my_robot_controller/build/lib/my_robot_controller/__init__.py -> /home/cain/ros2_ws/install/my_robot_controller/lib/python3.10/site-packages/my_robot_controller
[2.593s] copying /home/cain/ros2_ws/build/my_robot_controller/build/lib/my_robot_controller/my_first_node.py -> /home/cain/ros2_ws/install/my_robot_controller/lib/python3.10/site-packages/my_robot_controller
[2.593s] byte-compiling /home/cain/ros2_ws/install/my_robot_controller/lib/python3.10/site-packages/my_robot_controller/turtle_controller.py to turtle_controller.cpython-310.pyc
[2.593s] byte-compiling /home/cain/ros2_ws/install/my_robot_controller/lib/python3.10/site-packages/my_robot_controller/pose_subscriber.py to pose_subscriber.cpython-310.pyc
[2.593s] byte-compiling /home/cain/ros2_ws/install/my_robot_controller/lib/python3.10/site-packages/my_robot_controller/mapping.py to mapping.cpython-310.pyc
[2.594s] byte-compiling /home/cain/ros2_ws/install/my_robot_controller/lib/python3.10/site-packages/my_robot_controller/draw_circle.py to draw_circle.cpython-310.pyc
[2.596s] byte-compiling /home/cain/ros2_ws/install/my_robot_controller/lib/python3.10/site-packages/my_robot_controller/__init__.py to __init__.cpython-310.pyc
[2.596s] byte-compiling /home/cain/ros2_ws/install/my_robot_controller/lib/python3.10/site-packages/my_robot_controller/my_first_node.py to my_first_node.cpython-310.pyc
[2.600s] running install_data
[2.600s] creating /home/cain/ros2_ws/install/my_robot_controller/share/ament_index
[2.600s] creating /home/cain/ros2_ws/install/my_robot_controller/share/ament_index/resource_index
[2.600s] creating /home/cain/ros2_ws/install/my_robot_controller/share/ament_index/resource_index/packages
[2.601s] copying resource/my_robot_controller -> /home/cain/ros2_ws/install/my_robot_controller/share/ament_index/resource_index/packages
[2.601s] copying package.xml -> /home/cain/ros2_ws/install/my_robot_controller/share/my_robot_controller
[2.601s] creating /home/cain/ros2_ws/install/my_robot_controller/share/my_robot_controller/launch
[2.601s] copying launch/start_mapping.launch.py -> /home/cain/ros2_ws/install/my_robot_controller/share/my_robot_controller/launch
[2.601s] copying launch/my_launch.launch.py -> /home/cain/ros2_ws/install/my_robot_controller/share/my_robot_controller/launch
[2.601s] running install_egg_info
[2.604s] Copying ../../build/my_robot_controller/my_robot_controller.egg-info to /home/cain/ros2_ws/install/my_robot_controller/lib/python3.10/site-packages/my_robot_controller-0.0.0-py3.10.egg-info
[2.611s] running install_scripts
[2.654s] Installing draw_circle script to /home/cain/ros2_ws/install/my_robot_controller/lib/my_robot_controller
[2.655s] Installing mapping script to /home/cain/ros2_ws/install/my_robot_controller/lib/my_robot_controller
[2.655s] Installing pose_sub script to /home/cain/ros2_ws/install/my_robot_controller/lib/my_robot_controller
[2.656s] Installing test_node script to /home/cain/ros2_ws/install/my_robot_controller/lib/my_robot_controller
[2.656s] Installing turtle_controller script to /home/cain/ros2_ws/install/my_robot_controller/lib/my_robot_controller
[2.656s] writing list of installed files to '/home/cain/ros2_ws/build/my_robot_controller/install.log'
[2.739s] Invoked command in '/home/cain/ros2_ws/src/my_robot_controller' returned '0': PYTHONPATH=/home/cain/ros2_ws/build/my_robot_controller/prefix_override:/home/cain/ros2_ws/install/my_robot_controller/lib/python3.10/site-packages:${PYTHONPATH} /usr/bin/python3 -W ignore:setup.py install is deprecated setup.py egg_info --egg-base ../../build/my_robot_controller build --build-base /home/cain/ros2_ws/build/my_robot_controller/build install --record /home/cain/ros2_ws/build/my_robot_controller/install.log --single-version-externally-managed install_data
