[0.787s] Invoking command in '/home/cain/ros2_ws/src/my_robot_controller': PYTHONPATH=/home/cain/ros2_ws/build/my_robot_controller/prefix_override:/home/cain/ros2_ws/install/my_robot_controller/lib/python3.10/site-packages:${PYTHONPATH} /usr/bin/python3 -W ignore:setup.py install is deprecated setup.py egg_info --egg-base ../../build/my_robot_controller build --build-base /home/cain/ros2_ws/build/my_robot_controller/build install --record /home/cain/ros2_ws/build/my_robot_controller/install.log --single-version-externally-managed install_data
[1.036s] running egg_info
[1.037s] writing ../../build/my_robot_controller/my_robot_controller.egg-info/PKG-INFO
[1.038s] writing dependency_links to ../../build/my_robot_controller/my_robot_controller.egg-info/dependency_links.txt
[1.038s] writing entry points to ../../build/my_robot_controller/my_robot_controller.egg-info/entry_points.txt
[1.038s] writing requirements to ../../build/my_robot_controller/my_robot_controller.egg-info/requires.txt
[1.038s] writing top-level names to ../../build/my_robot_controller/my_robot_controller.egg-info/top_level.txt
[1.040s] reading manifest file '../../build/my_robot_controller/my_robot_controller.egg-info/SOURCES.txt'
[1.042s] writing manifest file '../../build/my_robot_controller/my_robot_controller.egg-info/SOURCES.txt'
[1.042s] running build
[1.042s] running build_py
[1.043s] running install
[1.044s] running install_lib
[1.046s] running install_data
[1.046s] running install_egg_info
[1.048s] removing '/home/cain/ros2_ws/install/my_robot_controller/lib/python3.10/site-packages/my_robot_controller-0.0.0-py3.10.egg-info' (and everything under it)
[1.048s] Copying ../../build/my_robot_controller/my_robot_controller.egg-info to /home/cain/ros2_ws/install/my_robot_controller/lib/python3.10/site-packages/my_robot_controller-0.0.0-py3.10.egg-info
[1.049s] running install_scripts
[1.075s] Installing draw_circle script to /home/cain/ros2_ws/install/my_robot_controller/lib/my_robot_controller
[1.077s] Installing mapping script to /home/cain/ros2_ws/install/my_robot_controller/lib/my_robot_controller
[1.077s] Installing pose_sub script to /home/cain/ros2_ws/install/my_robot_controller/lib/my_robot_controller
[1.077s] Installing test_node script to /home/cain/ros2_ws/install/my_robot_controller/lib/my_robot_controller
[1.078s] Installing turtle_controller script to /home/cain/ros2_ws/install/my_robot_controller/lib/my_robot_controller
[1.078s] writing list of installed files to '/home/cain/ros2_ws/build/my_robot_controller/install.log'
[1.105s] Invoked command in '/home/cain/ros2_ws/src/my_robot_controller' returned '0': PYTHONPATH=/home/cain/ros2_ws/build/my_robot_controller/prefix_override:/home/cain/ros2_ws/install/my_robot_controller/lib/python3.10/site-packages:${PYTHONPATH} /usr/bin/python3 -W ignore:setup.py install is deprecated setup.py egg_info --egg-base ../../build/my_robot_controller build --build-base /home/cain/ros2_ws/build/my_robot_controller/build install --record /home/cain/ros2_ws/build/my_robot_controller/install.log --single-version-externally-managed install_data
