[0.672s] Invoking command in '/home/cain/ros2_ws/src/my_robot_controller': PYTHONPATH=/home/cain/ros2_ws/build/my_robot_controller/prefix_override:/home/cain/ros2_ws/install/my_robot_controller/lib/python3.10/site-packages:${PYTHONPATH} /usr/bin/python3 -W ignore:setup.py install is deprecated setup.py egg_info --egg-base ../../build/my_robot_controller build --build-base /home/cain/ros2_ws/build/my_robot_controller/build install --record /home/cain/ros2_ws/build/my_robot_controller/install.log --single-version-externally-managed install_data
[0.915s] running egg_info
[0.916s] writing ../../build/my_robot_controller/my_robot_controller.egg-info/PKG-INFO
[0.918s] writing dependency_links to ../../build/my_robot_controller/my_robot_controller.egg-info/dependency_links.txt
[0.918s] writing entry points to ../../build/my_robot_controller/my_robot_controller.egg-info/entry_points.txt
[0.918s] writing requirements to ../../build/my_robot_controller/my_robot_controller.egg-info/requires.txt
[0.918s] writing top-level names to ../../build/my_robot_controller/my_robot_controller.egg-info/top_level.txt
[0.921s] reading manifest file '../../build/my_robot_controller/my_robot_controller.egg-info/SOURCES.txt'
[0.921s] writing manifest file '../../build/my_robot_controller/my_robot_controller.egg-info/SOURCES.txt'
[0.921s] running build
[0.921s] running build_py
[0.921s] copying my_robot_controller/mapping.py -> /home/cain/ros2_ws/build/my_robot_controller/build/lib/my_robot_controller
[0.921s] running install
[0.921s] running install_lib
[0.922s] copying /home/cain/ros2_ws/build/my_robot_controller/build/lib/my_robot_controller/mapping.py -> /home/cain/ros2_ws/install/my_robot_controller/lib/python3.10/site-packages/my_robot_controller
[0.923s] byte-compiling /home/cain/ros2_ws/install/my_robot_controller/lib/python3.10/site-packages/my_robot_controller/mapping.py to mapping.cpython-310.pyc
[0.924s] running install_data
[0.924s] running install_egg_info
[0.931s] removing '/home/cain/ros2_ws/install/my_robot_controller/lib/python3.10/site-packages/my_robot_controller-0.0.0-py3.10.egg-info' (and everything under it)
[0.931s] Copying ../../build/my_robot_controller/my_robot_controller.egg-info to /home/cain/ros2_ws/install/my_robot_controller/lib/python3.10/site-packages/my_robot_controller-0.0.0-py3.10.egg-info
[0.931s] running install_scripts
[0.951s] Installing draw_circle script to /home/cain/ros2_ws/install/my_robot_controller/lib/my_robot_controller
[0.952s] Installing mapping script to /home/cain/ros2_ws/install/my_robot_controller/lib/my_robot_controller
[0.952s] Installing pose_sub script to /home/cain/ros2_ws/install/my_robot_controller/lib/my_robot_controller
[0.952s] Installing test_node script to /home/cain/ros2_ws/install/my_robot_controller/lib/my_robot_controller
[0.952s] Installing turtle_controller script to /home/cain/ros2_ws/install/my_robot_controller/lib/my_robot_controller
[0.952s] writing list of installed files to '/home/cain/ros2_ws/build/my_robot_controller/install.log'
[0.979s] Invoked command in '/home/cain/ros2_ws/src/my_robot_controller' returned '0': PYTHONPATH=/home/cain/ros2_ws/build/my_robot_controller/prefix_override:/home/cain/ros2_ws/install/my_robot_controller/lib/python3.10/site-packages:${PYTHONPATH} /usr/bin/python3 -W ignore:setup.py install is deprecated setup.py egg_info --egg-base ../../build/my_robot_controller build --build-base /home/cain/ros2_ws/build/my_robot_controller/build install --record /home/cain/ros2_ws/build/my_robot_controller/install.log --single-version-externally-managed install_data
