[0.197s] DEBUG:colcon:Command line arguments: ['/usr/bin/colcon', 'build']
[0.197s] DEBUG:colcon:Parsed command line arguments: Namespace(log_base=None, log_level=None, verb_name='build', build_base='build', install_base='install', merge_install=False, symlink_install=False, test_result_base=None, continue_on_error=False, executor='parallel', parallel_workers=4, event_handlers=None, ignore_user_meta=False, metas=['./colcon.meta'], base_paths=['.'], packages_ignore=None, packages_ignore_regex=None, paths=None, packages_up_to=None, packages_up_to_regex=None, packages_above=None, packages_above_and_dependencies=None, packages_above_depth=None, packages_select_by_dep=None, packages_skip_by_dep=None, packages_skip_up_to=None, packages_select_build_failed=False, packages_skip_build_finished=False, packages_select_test_failures=False, packages_skip_test_passed=False, packages_select=None, packages_skip=None, packages_select_regex=None, packages_skip_regex=None, packages_start=None, packages_end=None, allow_overriding=[], cmake_args=None, cmake_target=None, cmake_target_skip_unavailable=False, cmake_clean_cache=False, cmake_clean_first=False, cmake_force_configure=False, ament_cmake_args=None, catkin_cmake_args=None, catkin_skip_building_tests=False, verb_parser=<colcon_defaults.argument_parser.defaults.DefaultArgumentsDecorator object at 0x7fe0d1842410>, verb_extension=<colcon_core.verb.build.BuildVerb object at 0x7fe0d1841f00>, main=<bound method BuildVerb.main of <colcon_core.verb.build.BuildVerb object at 0x7fe0d1841f00>>)
[0.570s] Level 1:colcon.colcon_core.package_discovery:discover_packages(colcon_meta) check parameters
[0.571s] Level 1:colcon.colcon_core.package_discovery:discover_packages(recursive) check parameters
[0.571s] Level 1:colcon.colcon_core.package_discovery:discover_packages(ignore) check parameters
[0.571s] Level 1:colcon.colcon_core.package_discovery:discover_packages(path) check parameters
[0.571s] Level 1:colcon.colcon_core.package_discovery:discover_packages(colcon_meta) discover
[0.571s] Level 1:colcon.colcon_core.package_discovery:discover_packages(recursive) discover
[0.571s] INFO:colcon.colcon_core.package_discovery:Crawling recursively for packages in '/home/cain/ros2_ws'
[0.571s] Level 1:colcon.colcon_core.package_identification:_identify(.) by extensions ['ignore', 'ignore_ament_install']
[0.571s] Level 1:colcon.colcon_core.package_identification:_identify(.) by extension 'ignore'
[0.572s] Level 1:colcon.colcon_core.package_identification:_identify(.) by extension 'ignore_ament_install'
[0.572s] Level 1:colcon.colcon_core.package_identification:_identify(.) by extensions ['colcon_pkg']
[0.572s] Level 1:colcon.colcon_core.package_identification:_identify(.) by extension 'colcon_pkg'
[0.572s] Level 1:colcon.colcon_core.package_identification:_identify(.) by extensions ['colcon_meta']
[0.572s] Level 1:colcon.colcon_core.package_identification:_identify(.) by extension 'colcon_meta'
[0.572s] Level 1:colcon.colcon_core.package_identification:_identify(.) by extensions ['ros']
[0.572s] Level 1:colcon.colcon_core.package_identification:_identify(.) by extension 'ros'
[0.593s] Level 1:colcon.colcon_core.package_identification:_identify(.) by extensions ['cmake', 'python']
[0.593s] Level 1:colcon.colcon_core.package_identification:_identify(.) by extension 'cmake'
[0.593s] Level 1:colcon.colcon_core.package_identification:_identify(.) by extension 'python'
[0.593s] Level 1:colcon.colcon_core.package_identification:_identify(.) by extensions ['python_setup_py']
[0.593s] Level 1:colcon.colcon_core.package_identification:_identify(.) by extension 'python_setup_py'
[0.594s] Level 1:colcon.colcon_core.package_identification:_identify(build) by extensions ['ignore', 'ignore_ament_install']
[0.594s] Level 1:colcon.colcon_core.package_identification:_identify(build) by extension 'ignore'
[0.594s] Level 1:colcon.colcon_core.package_identification:_identify(build) ignored
[0.594s] Level 1:colcon.colcon_core.package_identification:_identify(install) by extensions ['ignore', 'ignore_ament_install']
[0.594s] Level 1:colcon.colcon_core.package_identification:_identify(install) by extension 'ignore'
[0.594s] Level 1:colcon.colcon_core.package_identification:_identify(install) ignored
[0.595s] Level 1:colcon.colcon_core.package_identification:_identify(log) by extensions ['ignore', 'ignore_ament_install']
[0.595s] Level 1:colcon.colcon_core.package_identification:_identify(log) by extension 'ignore'
[0.595s] Level 1:colcon.colcon_core.package_identification:_identify(log) ignored
[0.595s] Level 1:colcon.colcon_core.package_identification:_identify(src) by extensions ['ignore', 'ignore_ament_install']
[0.595s] Level 1:colcon.colcon_core.package_identification:_identify(src) by extension 'ignore'
[0.595s] Level 1:colcon.colcon_core.package_identification:_identify(src) by extension 'ignore_ament_install'
[0.595s] Level 1:colcon.colcon_core.package_identification:_identify(src) by extensions ['colcon_pkg']
[0.596s] Level 1:colcon.colcon_core.package_identification:_identify(src) by extension 'colcon_pkg'
[0.596s] Level 1:colcon.colcon_core.package_identification:_identify(src) by extensions ['colcon_meta']
[0.596s] Level 1:colcon.colcon_core.package_identification:_identify(src) by extension 'colcon_meta'
[0.596s] Level 1:colcon.colcon_core.package_identification:_identify(src) by extensions ['ros']
[0.596s] Level 1:colcon.colcon_core.package_identification:_identify(src) by extension 'ros'
[0.596s] Level 1:colcon.colcon_core.package_identification:_identify(src) by extensions ['cmake', 'python']
[0.596s] Level 1:colcon.colcon_core.package_identification:_identify(src) by extension 'cmake'
[0.596s] Level 1:colcon.colcon_core.package_identification:_identify(src) by extension 'python'
[0.596s] Level 1:colcon.colcon_core.package_identification:_identify(src) by extensions ['python_setup_py']
[0.596s] Level 1:colcon.colcon_core.package_identification:_identify(src) by extension 'python_setup_py'
[0.597s] Level 1:colcon.colcon_core.package_identification:_identify(src/my_robot_controller) by extensions ['ignore', 'ignore_ament_install']
[0.597s] Level 1:colcon.colcon_core.package_identification:_identify(src/my_robot_controller) by extension 'ignore'
[0.597s] Level 1:colcon.colcon_core.package_identification:_identify(src/my_robot_controller) by extension 'ignore_ament_install'
[0.597s] Level 1:colcon.colcon_core.package_identification:_identify(src/my_robot_controller) by extensions ['colcon_pkg']
[0.597s] Level 1:colcon.colcon_core.package_identification:_identify(src/my_robot_controller) by extension 'colcon_pkg'
[0.597s] Level 1:colcon.colcon_core.package_identification:_identify(src/my_robot_controller) by extensions ['colcon_meta']
[0.597s] Level 1:colcon.colcon_core.package_identification:_identify(src/my_robot_controller) by extension 'colcon_meta'
[0.597s] Level 1:colcon.colcon_core.package_identification:_identify(src/my_robot_controller) by extensions ['ros']
[0.597s] Level 1:colcon.colcon_core.package_identification:_identify(src/my_robot_controller) by extension 'ros'
[0.603s] DEBUG:colcon.colcon_core.package_identification:Package 'src/my_robot_controller' with type 'ros.ament_python' and name 'my_robot_controller'
[0.603s] Level 1:colcon.colcon_core.package_identification:_identify(src/turtlebot3_simulations) by extensions ['ignore', 'ignore_ament_install']
[0.603s] Level 1:colcon.colcon_core.package_identification:_identify(src/turtlebot3_simulations) by extension 'ignore'
[0.603s] Level 1:colcon.colcon_core.package_identification:_identify(src/turtlebot3_simulations) by extension 'ignore_ament_install'
[0.603s] Level 1:colcon.colcon_core.package_identification:_identify(src/turtlebot3_simulations) by extensions ['colcon_pkg']
[0.603s] Level 1:colcon.colcon_core.package_identification:_identify(src/turtlebot3_simulations) by extension 'colcon_pkg'
[0.603s] Level 1:colcon.colcon_core.package_identification:_identify(src/turtlebot3_simulations) by extensions ['colcon_meta']
[0.603s] Level 1:colcon.colcon_core.package_identification:_identify(src/turtlebot3_simulations) by extension 'colcon_meta'
[0.604s] Level 1:colcon.colcon_core.package_identification:_identify(src/turtlebot3_simulations) by extensions ['ros']
[0.604s] Level 1:colcon.colcon_core.package_identification:_identify(src/turtlebot3_simulations) by extension 'ros'
[0.604s] Level 1:colcon.colcon_core.package_identification:_identify(src/turtlebot3_simulations) by extensions ['cmake', 'python']
[0.604s] Level 1:colcon.colcon_core.package_identification:_identify(src/turtlebot3_simulations) by extension 'cmake'
[0.604s] Level 1:colcon.colcon_core.package_identification:_identify(src/turtlebot3_simulations) by extension 'python'
[0.604s] Level 1:colcon.colcon_core.package_identification:_identify(src/turtlebot3_simulations) by extensions ['python_setup_py']
[0.604s] Level 1:colcon.colcon_core.package_identification:_identify(src/turtlebot3_simulations) by extension 'python_setup_py'
[0.604s] Level 1:colcon.colcon_core.package_identification:_identify(src/turtlebot3_simulations/turtlebot3_fake_node) by extensions ['ignore', 'ignore_ament_install']
[0.604s] Level 1:colcon.colcon_core.package_identification:_identify(src/turtlebot3_simulations/turtlebot3_fake_node) by extension 'ignore'
[0.605s] Level 1:colcon.colcon_core.package_identification:_identify(src/turtlebot3_simulations/turtlebot3_fake_node) by extension 'ignore_ament_install'
[0.605s] Level 1:colcon.colcon_core.package_identification:_identify(src/turtlebot3_simulations/turtlebot3_fake_node) by extensions ['colcon_pkg']
[0.605s] Level 1:colcon.colcon_core.package_identification:_identify(src/turtlebot3_simulations/turtlebot3_fake_node) by extension 'colcon_pkg'
[0.605s] Level 1:colcon.colcon_core.package_identification:_identify(src/turtlebot3_simulations/turtlebot3_fake_node) by extensions ['colcon_meta']
[0.605s] Level 1:colcon.colcon_core.package_identification:_identify(src/turtlebot3_simulations/turtlebot3_fake_node) by extension 'colcon_meta'
[0.605s] Level 1:colcon.colcon_core.package_identification:_identify(src/turtlebot3_simulations/turtlebot3_fake_node) by extensions ['ros']
[0.605s] Level 1:colcon.colcon_core.package_identification:_identify(src/turtlebot3_simulations/turtlebot3_fake_node) by extension 'ros'
[0.607s] DEBUG:colcon.colcon_core.package_identification:Package 'src/turtlebot3_simulations/turtlebot3_fake_node' with type 'ros.ament_cmake' and name 'turtlebot3_fake_node'
[0.608s] Level 1:colcon.colcon_core.package_identification:_identify(src/turtlebot3_simulations/turtlebot3_gazebo) by extensions ['ignore', 'ignore_ament_install']
[0.608s] Level 1:colcon.colcon_core.package_identification:_identify(src/turtlebot3_simulations/turtlebot3_gazebo) by extension 'ignore'
[0.608s] Level 1:colcon.colcon_core.package_identification:_identify(src/turtlebot3_simulations/turtlebot3_gazebo) by extension 'ignore_ament_install'
[0.608s] Level 1:colcon.colcon_core.package_identification:_identify(src/turtlebot3_simulations/turtlebot3_gazebo) by extensions ['colcon_pkg']
[0.608s] Level 1:colcon.colcon_core.package_identification:_identify(src/turtlebot3_simulations/turtlebot3_gazebo) by extension 'colcon_pkg'
[0.608s] Level 1:colcon.colcon_core.package_identification:_identify(src/turtlebot3_simulations/turtlebot3_gazebo) by extensions ['colcon_meta']
[0.608s] Level 1:colcon.colcon_core.package_identification:_identify(src/turtlebot3_simulations/turtlebot3_gazebo) by extension 'colcon_meta'
[0.608s] Level 1:colcon.colcon_core.package_identification:_identify(src/turtlebot3_simulations/turtlebot3_gazebo) by extensions ['ros']
[0.608s] Level 1:colcon.colcon_core.package_identification:_identify(src/turtlebot3_simulations/turtlebot3_gazebo) by extension 'ros'
[0.613s] DEBUG:colcon.colcon_core.package_identification:Package 'src/turtlebot3_simulations/turtlebot3_gazebo' with type 'ros.ament_cmake' and name 'turtlebot3_gazebo'
[0.613s] Level 1:colcon.colcon_core.package_identification:_identify(src/turtlebot3_simulations/turtlebot3_simulations) by extensions ['ignore', 'ignore_ament_install']
[0.614s] Level 1:colcon.colcon_core.package_identification:_identify(src/turtlebot3_simulations/turtlebot3_simulations) by extension 'ignore'
[0.614s] Level 1:colcon.colcon_core.package_identification:_identify(src/turtlebot3_simulations/turtlebot3_simulations) by extension 'ignore_ament_install'
[0.614s] Level 1:colcon.colcon_core.package_identification:_identify(src/turtlebot3_simulations/turtlebot3_simulations) by extensions ['colcon_pkg']
[0.614s] Level 1:colcon.colcon_core.package_identification:_identify(src/turtlebot3_simulations/turtlebot3_simulations) by extension 'colcon_pkg'
[0.614s] Level 1:colcon.colcon_core.package_identification:_identify(src/turtlebot3_simulations/turtlebot3_simulations) by extensions ['colcon_meta']
[0.614s] Level 1:colcon.colcon_core.package_identification:_identify(src/turtlebot3_simulations/turtlebot3_simulations) by extension 'colcon_meta'
[0.615s] Level 1:colcon.colcon_core.package_identification:_identify(src/turtlebot3_simulations/turtlebot3_simulations) by extensions ['ros']
[0.615s] Level 1:colcon.colcon_core.package_identification:_identify(src/turtlebot3_simulations/turtlebot3_simulations) by extension 'ros'
[0.616s] DEBUG:colcon.colcon_core.package_identification:Package 'src/turtlebot3_simulations/turtlebot3_simulations' with type 'ros.ament_cmake' and name 'turtlebot3_simulations'
[0.616s] Level 1:colcon.colcon_core.package_discovery:discover_packages(recursive) using defaults
[0.616s] Level 1:colcon.colcon_core.package_discovery:discover_packages(ignore) discover
[0.616s] Level 1:colcon.colcon_core.package_discovery:discover_packages(ignore) using defaults
[0.616s] Level 1:colcon.colcon_core.package_discovery:discover_packages(path) discover
[0.616s] Level 1:colcon.colcon_core.package_discovery:discover_packages(path) using defaults
[0.668s] Level 1:colcon.colcon_core.package_discovery:discover_packages(prefix_path) check parameters
[0.668s] Level 1:colcon.colcon_core.package_discovery:discover_packages(prefix_path) discover
[0.670s] WARNING:colcon.colcon_core.prefix_path.colcon:The path '/home/cain/turtlebot3_ws/install' in the environment variable COLCON_PREFIX_PATH doesn't exist
[0.671s] WARNING:colcon.colcon_ros.prefix_path.ament:The path '/home/cain/turtlebot3_ws/install/turtlebot3' in the environment variable AMENT_PREFIX_PATH doesn't exist
[0.671s] WARNING:colcon.colcon_ros.prefix_path.ament:The path '/home/cain/turtlebot3_ws/install/turtlebot3_teleop' in the environment variable AMENT_PREFIX_PATH doesn't exist
[0.672s] WARNING:colcon.colcon_ros.prefix_path.ament:The path '/home/cain/turtlebot3_ws/install/turtlebot3_bringup' in the environment variable AMENT_PREFIX_PATH doesn't exist
[0.673s] WARNING:colcon.colcon_ros.prefix_path.ament:The path '/home/cain/turtlebot3_ws/install/turtlebot3_node' in the environment variable AMENT_PREFIX_PATH doesn't exist
[0.674s] WARNING:colcon.colcon_ros.prefix_path.ament:The path '/home/cain/turtlebot3_ws/install/turtlebot3_navigation2' in the environment variable AMENT_PREFIX_PATH doesn't exist
[0.676s] WARNING:colcon.colcon_ros.prefix_path.ament:The path '/home/cain/turtlebot3_ws/install/turtlebot3_example' in the environment variable AMENT_PREFIX_PATH doesn't exist
[0.676s] WARNING:colcon.colcon_ros.prefix_path.ament:The path '/home/cain/turtlebot3_ws/install/turtlebot3_msgs' in the environment variable AMENT_PREFIX_PATH doesn't exist
[0.676s] WARNING:colcon.colcon_ros.prefix_path.ament:The path '/home/cain/turtlebot3_ws/install/turtlebot3_description' in the environment variable AMENT_PREFIX_PATH doesn't exist
[0.676s] WARNING:colcon.colcon_ros.prefix_path.ament:The path '/home/cain/turtlebot3_ws/install/turtlebot3_cartographer' in the environment variable AMENT_PREFIX_PATH doesn't exist
[0.676s] WARNING:colcon.colcon_ros.prefix_path.ament:The path '/home/cain/turtlebot3_ws/install/dynamixel_sdk_examples' in the environment variable AMENT_PREFIX_PATH doesn't exist
[0.676s] WARNING:colcon.colcon_ros.prefix_path.ament:The path '/home/cain/turtlebot3_ws/install/dynamixel_sdk_custom_interfaces' in the environment variable AMENT_PREFIX_PATH doesn't exist
[0.677s] WARNING:colcon.colcon_ros.prefix_path.ament:The path '/home/cain/turtlebot3_ws/install/dynamixel_sdk' in the environment variable AMENT_PREFIX_PATH doesn't exist
[0.677s] WARNING:colcon.colcon_ros.prefix_path.ament:The path '/home/cain/turtlebot3_ws/install/turtlebot3_simulations' in the environment variable AMENT_PREFIX_PATH doesn't exist
[0.677s] WARNING:colcon.colcon_ros.prefix_path.ament:The path '/home/cain/turtlebot3_ws/install/turtlebot3_gazebo' in the environment variable AMENT_PREFIX_PATH doesn't exist
[0.678s] WARNING:colcon.colcon_ros.prefix_path.ament:The path '/home/cain/turtlebot3_ws/install/turtlebot3_fake_node' in the environment variable AMENT_PREFIX_PATH doesn't exist
[0.678s] WARNING:colcon.colcon_ros.prefix_path.catkin:The path '/home/cain/turtlebot3_ws/install/turtlebot3' in the environment variable CMAKE_PREFIX_PATH doesn't exist
[0.678s] WARNING:colcon.colcon_ros.prefix_path.catkin:The path '/home/cain/turtlebot3_ws/install/turtlebot3_bringup' in the environment variable CMAKE_PREFIX_PATH doesn't exist
[0.678s] WARNING:colcon.colcon_ros.prefix_path.catkin:The path '/home/cain/turtlebot3_ws/install/turtlebot3_node' in the environment variable CMAKE_PREFIX_PATH doesn't exist
[0.678s] WARNING:colcon.colcon_ros.prefix_path.catkin:The path '/home/cain/turtlebot3_ws/install/turtlebot3_navigation2' in the environment variable CMAKE_PREFIX_PATH doesn't exist
[0.679s] WARNING:colcon.colcon_ros.prefix_path.catkin:The path '/home/cain/turtlebot3_ws/install/turtlebot3_msgs' in the environment variable CMAKE_PREFIX_PATH doesn't exist
[0.679s] WARNING:colcon.colcon_ros.prefix_path.catkin:The path '/home/cain/turtlebot3_ws/install/turtlebot3_description' in the environment variable CMAKE_PREFIX_PATH doesn't exist
[0.679s] WARNING:colcon.colcon_ros.prefix_path.catkin:The path '/home/cain/turtlebot3_ws/install/turtlebot3_cartographer' in the environment variable CMAKE_PREFIX_PATH doesn't exist
[0.679s] WARNING:colcon.colcon_ros.prefix_path.catkin:The path '/home/cain/turtlebot3_ws/install/dynamixel_sdk_examples' in the environment variable CMAKE_PREFIX_PATH doesn't exist
[0.680s] WARNING:colcon.colcon_ros.prefix_path.catkin:The path '/home/cain/turtlebot3_ws/install/dynamixel_sdk_custom_interfaces' in the environment variable CMAKE_PREFIX_PATH doesn't exist
[0.681s] WARNING:colcon.colcon_ros.prefix_path.catkin:The path '/home/cain/turtlebot3_ws/install/dynamixel_sdk' in the environment variable CMAKE_PREFIX_PATH doesn't exist
[0.681s] WARNING:colcon.colcon_ros.prefix_path.catkin:The path '/home/cain/turtlebot3_ws/install/turtlebot3_simulations' in the environment variable CMAKE_PREFIX_PATH doesn't exist
[0.681s] WARNING:colcon.colcon_ros.prefix_path.catkin:The path '/home/cain/turtlebot3_ws/install/turtlebot3_gazebo' in the environment variable CMAKE_PREFIX_PATH doesn't exist
[0.681s] WARNING:colcon.colcon_ros.prefix_path.catkin:The path '/home/cain/turtlebot3_ws/install/turtlebot3_fake_node' in the environment variable CMAKE_PREFIX_PATH doesn't exist
[0.684s] DEBUG:colcon.colcon_installed_package_information.package_discovery:Found 4 installed packages in /home/cain/ros2_ws/install
[0.690s] DEBUG:colcon.colcon_installed_package_information.package_discovery:Found 382 installed packages in /opt/ros/humble
[0.696s] Level 1:colcon.colcon_core.package_discovery:discover_packages(prefix_path) using defaults
[0.816s] Level 5:colcon.colcon_core.verb:set package 'my_robot_controller' build argument 'cmake_args' from command line to 'None'
[0.816s] Level 5:colcon.colcon_core.verb:set package 'my_robot_controller' build argument 'cmake_target' from command line to 'None'
[0.816s] Level 5:colcon.colcon_core.verb:set package 'my_robot_controller' build argument 'cmake_target_skip_unavailable' from command line to 'False'
[0.816s] Level 5:colcon.colcon_core.verb:set package 'my_robot_controller' build argument 'cmake_clean_cache' from command line to 'False'
[0.816s] Level 5:colcon.colcon_core.verb:set package 'my_robot_controller' build argument 'cmake_clean_first' from command line to 'False'
[0.816s] Level 5:colcon.colcon_core.verb:set package 'my_robot_controller' build argument 'cmake_force_configure' from command line to 'False'
[0.816s] Level 5:colcon.colcon_core.verb:set package 'my_robot_controller' build argument 'ament_cmake_args' from command line to 'None'
[0.816s] Level 5:colcon.colcon_core.verb:set package 'my_robot_controller' build argument 'catkin_cmake_args' from command line to 'None'
[0.816s] Level 5:colcon.colcon_core.verb:set package 'my_robot_controller' build argument 'catkin_skip_building_tests' from command line to 'False'
[0.817s] DEBUG:colcon.colcon_core.verb:Building package 'my_robot_controller' with the following arguments: {'ament_cmake_args': None, 'build_base': '/home/cain/ros2_ws/build/my_robot_controller', 'catkin_cmake_args': None, 'catkin_skip_building_tests': False, 'cmake_args': None, 'cmake_clean_cache': False, 'cmake_clean_first': False, 'cmake_force_configure': False, 'cmake_target': None, 'cmake_target_skip_unavailable': False, 'install_base': '/home/cain/ros2_ws/install/my_robot_controller', 'merge_install': False, 'path': '/home/cain/ros2_ws/src/my_robot_controller', 'symlink_install': False, 'test_result_base': None}
[0.817s] Level 5:colcon.colcon_core.verb:set package 'turtlebot3_fake_node' build argument 'cmake_args' from command line to 'None'
[0.817s] Level 5:colcon.colcon_core.verb:set package 'turtlebot3_fake_node' build argument 'cmake_target' from command line to 'None'
[0.817s] Level 5:colcon.colcon_core.verb:set package 'turtlebot3_fake_node' build argument 'cmake_target_skip_unavailable' from command line to 'False'
[0.817s] Level 5:colcon.colcon_core.verb:set package 'turtlebot3_fake_node' build argument 'cmake_clean_cache' from command line to 'False'
[0.817s] Level 5:colcon.colcon_core.verb:set package 'turtlebot3_fake_node' build argument 'cmake_clean_first' from command line to 'False'
[0.817s] Level 5:colcon.colcon_core.verb:set package 'turtlebot3_fake_node' build argument 'cmake_force_configure' from command line to 'False'
[0.817s] Level 5:colcon.colcon_core.verb:set package 'turtlebot3_fake_node' build argument 'ament_cmake_args' from command line to 'None'
[0.817s] Level 5:colcon.colcon_core.verb:set package 'turtlebot3_fake_node' build argument 'catkin_cmake_args' from command line to 'None'
[0.817s] Level 5:colcon.colcon_core.verb:set package 'turtlebot3_fake_node' build argument 'catkin_skip_building_tests' from command line to 'False'
[0.818s] DEBUG:colcon.colcon_core.verb:Building package 'turtlebot3_fake_node' with the following arguments: {'ament_cmake_args': None, 'build_base': '/home/cain/ros2_ws/build/turtlebot3_fake_node', 'catkin_cmake_args': None, 'catkin_skip_building_tests': False, 'cmake_args': None, 'cmake_clean_cache': False, 'cmake_clean_first': False, 'cmake_force_configure': False, 'cmake_target': None, 'cmake_target_skip_unavailable': False, 'install_base': '/home/cain/ros2_ws/install/turtlebot3_fake_node', 'merge_install': False, 'path': '/home/cain/ros2_ws/src/turtlebot3_simulations/turtlebot3_fake_node', 'symlink_install': False, 'test_result_base': None}
[0.818s] Level 5:colcon.colcon_core.verb:set package 'turtlebot3_gazebo' build argument 'cmake_args' from command line to 'None'
[0.818s] Level 5:colcon.colcon_core.verb:set package 'turtlebot3_gazebo' build argument 'cmake_target' from command line to 'None'
[0.818s] Level 5:colcon.colcon_core.verb:set package 'turtlebot3_gazebo' build argument 'cmake_target_skip_unavailable' from command line to 'False'
[0.818s] Level 5:colcon.colcon_core.verb:set package 'turtlebot3_gazebo' build argument 'cmake_clean_cache' from command line to 'False'
[0.818s] Level 5:colcon.colcon_core.verb:set package 'turtlebot3_gazebo' build argument 'cmake_clean_first' from command line to 'False'
[0.818s] Level 5:colcon.colcon_core.verb:set package 'turtlebot3_gazebo' build argument 'cmake_force_configure' from command line to 'False'
[0.818s] Level 5:colcon.colcon_core.verb:set package 'turtlebot3_gazebo' build argument 'ament_cmake_args' from command line to 'None'
[0.819s] Level 5:colcon.colcon_core.verb:set package 'turtlebot3_gazebo' build argument 'catkin_cmake_args' from command line to 'None'
[0.819s] Level 5:colcon.colcon_core.verb:set package 'turtlebot3_gazebo' build argument 'catkin_skip_building_tests' from command line to 'False'
[0.819s] DEBUG:colcon.colcon_core.verb:Building package 'turtlebot3_gazebo' with the following arguments: {'ament_cmake_args': None, 'build_base': '/home/cain/ros2_ws/build/turtlebot3_gazebo', 'catkin_cmake_args': None, 'catkin_skip_building_tests': False, 'cmake_args': None, 'cmake_clean_cache': False, 'cmake_clean_first': False, 'cmake_force_configure': False, 'cmake_target': None, 'cmake_target_skip_unavailable': False, 'install_base': '/home/cain/ros2_ws/install/turtlebot3_gazebo', 'merge_install': False, 'path': '/home/cain/ros2_ws/src/turtlebot3_simulations/turtlebot3_gazebo', 'symlink_install': False, 'test_result_base': None}
[0.820s] Level 5:colcon.colcon_core.verb:set package 'turtlebot3_simulations' build argument 'cmake_args' from command line to 'None'
[0.820s] Level 5:colcon.colcon_core.verb:set package 'turtlebot3_simulations' build argument 'cmake_target' from command line to 'None'
[0.820s] Level 5:colcon.colcon_core.verb:set package 'turtlebot3_simulations' build argument 'cmake_target_skip_unavailable' from command line to 'False'
[0.820s] Level 5:colcon.colcon_core.verb:set package 'turtlebot3_simulations' build argument 'cmake_clean_cache' from command line to 'False'
[0.820s] Level 5:colcon.colcon_core.verb:set package 'turtlebot3_simulations' build argument 'cmake_clean_first' from command line to 'False'
[0.820s] Level 5:colcon.colcon_core.verb:set package 'turtlebot3_simulations' build argument 'cmake_force_configure' from command line to 'False'
[0.820s] Level 5:colcon.colcon_core.verb:set package 'turtlebot3_simulations' build argument 'ament_cmake_args' from command line to 'None'
[0.820s] Level 5:colcon.colcon_core.verb:set package 'turtlebot3_simulations' build argument 'catkin_cmake_args' from command line to 'None'
[0.820s] Level 5:colcon.colcon_core.verb:set package 'turtlebot3_simulations' build argument 'catkin_skip_building_tests' from command line to 'False'
[0.820s] DEBUG:colcon.colcon_core.verb:Building package 'turtlebot3_simulations' with the following arguments: {'ament_cmake_args': None, 'build_base': '/home/cain/ros2_ws/build/turtlebot3_simulations', 'catkin_cmake_args': None, 'catkin_skip_building_tests': False, 'cmake_args': None, 'cmake_clean_cache': False, 'cmake_clean_first': False, 'cmake_force_configure': False, 'cmake_target': None, 'cmake_target_skip_unavailable': False, 'install_base': '/home/cain/ros2_ws/install/turtlebot3_simulations', 'merge_install': False, 'path': '/home/cain/ros2_ws/src/turtlebot3_simulations/turtlebot3_simulations', 'symlink_install': False, 'test_result_base': None}
[0.820s] INFO:colcon.colcon_core.executor:Executing jobs using 'parallel' executor
[0.823s] DEBUG:colcon.colcon_parallel_executor.executor.parallel:run_until_complete
[0.824s] INFO:colcon.colcon_ros.task.ament_cmake.build:Building ROS package in '/home/cain/ros2_ws/src/turtlebot3_simulations/turtlebot3_fake_node' with build type 'ament_cmake'
[0.824s] INFO:colcon.colcon_cmake.task.cmake.build:Building CMake package in '/home/cain/ros2_ws/src/turtlebot3_simulations/turtlebot3_fake_node'
[0.833s] INFO:colcon.colcon_core.plugin_system:Skipping extension 'colcon_core.shell.bat': Not used on non-Windows systems
[0.834s] INFO:colcon.colcon_core.shell:Skip shell extension 'powershell' for command environment: Not usable outside of PowerShell
[0.834s] DEBUG:colcon.colcon_core.shell:Skip shell extension 'dsv' for command environment
[0.851s] INFO:colcon.colcon_ros.task.ament_cmake.build:Building ROS package in '/home/cain/ros2_ws/src/turtlebot3_simulations/turtlebot3_gazebo' with build type 'ament_cmake'
[0.851s] INFO:colcon.colcon_cmake.task.cmake.build:Building CMake package in '/home/cain/ros2_ws/src/turtlebot3_simulations/turtlebot3_gazebo'
[0.852s] INFO:colcon.colcon_core.shell:Skip shell extension 'powershell' for command environment: Not usable outside of PowerShell
[0.852s] DEBUG:colcon.colcon_core.shell:Skip shell extension 'dsv' for command environment
[0.867s] INFO:colcon.colcon_ros.task.ament_python.build:Building ROS package in '/home/cain/ros2_ws/src/my_robot_controller' with build type 'ament_python'
[0.867s] Level 1:colcon.colcon_core.shell:create_environment_hook('my_robot_controller', 'ament_prefix_path')
[0.868s] INFO:colcon.colcon_core.shell:Creating environment hook '/home/cain/ros2_ws/install/my_robot_controller/share/my_robot_controller/hook/ament_prefix_path.ps1'
[0.877s] INFO:colcon.colcon_core.shell:Creating environment descriptor '/home/cain/ros2_ws/install/my_robot_controller/share/my_robot_controller/hook/ament_prefix_path.dsv'
[0.879s] INFO:colcon.colcon_core.shell:Creating environment hook '/home/cain/ros2_ws/install/my_robot_controller/share/my_robot_controller/hook/ament_prefix_path.sh'
[0.881s] INFO:colcon.colcon_core.shell:Skip shell extension 'powershell' for command environment: Not usable outside of PowerShell
[0.881s] DEBUG:colcon.colcon_core.shell:Skip shell extension 'dsv' for command environment
[0.935s] DEBUG:colcon.colcon_core.event_handler.log_command:Invoking command in '/home/cain/ros2_ws/build/turtlebot3_fake_node': CMAKE_PREFIX_PATH=${CMAKE_PREFIX_PATH}:/home/cain/turtlebot3_ws/install/turtlebot3_teleop:/home/cain/turtlebot3_ws/install/turtlebot3_example:/home/cain/ros2_ws/install/my_robot_controller:/opt/ros/humble /usr/bin/cmake --build /home/cain/ros2_ws/build/turtlebot3_fake_node -- -j4 -l4
[0.982s] DEBUG:colcon.colcon_core.event_handler.log_command:Invoking command in '/home/cain/ros2_ws/build/turtlebot3_gazebo': CMAKE_PREFIX_PATH=${CMAKE_PREFIX_PATH}:/home/cain/turtlebot3_ws/install/turtlebot3_teleop:/home/cain/turtlebot3_ws/install/turtlebot3_example:/home/cain/ros2_ws/install/my_robot_controller:/opt/ros/humble /usr/bin/cmake --build /home/cain/ros2_ws/build/turtlebot3_gazebo -- -j4 -l4
[1.636s] INFO:colcon.colcon_core.task.python.build:Building Python package in '/home/cain/ros2_ws/src/my_robot_controller'
[1.637s] INFO:colcon.colcon_core.shell:Skip shell extension 'powershell' for command environment: Not usable outside of PowerShell
[1.637s] DEBUG:colcon.colcon_core.shell:Skip shell extension 'dsv' for command environment
[1.670s] DEBUG:colcon.colcon_core.event_handler.log_command:Invoked command in '/home/cain/ros2_ws/build/turtlebot3_fake_node' returned '0': CMAKE_PREFIX_PATH=${CMAKE_PREFIX_PATH}:/home/cain/turtlebot3_ws/install/turtlebot3_teleop:/home/cain/turtlebot3_ws/install/turtlebot3_example:/home/cain/ros2_ws/install/my_robot_controller:/opt/ros/humble /usr/bin/cmake --build /home/cain/ros2_ws/build/turtlebot3_fake_node -- -j4 -l4
[1.679s] DEBUG:colcon.colcon_core.event_handler.log_command:Invoked command in '/home/cain/ros2_ws/build/turtlebot3_gazebo' returned '0': CMAKE_PREFIX_PATH=${CMAKE_PREFIX_PATH}:/home/cain/turtlebot3_ws/install/turtlebot3_teleop:/home/cain/turtlebot3_ws/install/turtlebot3_example:/home/cain/ros2_ws/install/my_robot_controller:/opt/ros/humble /usr/bin/cmake --build /home/cain/ros2_ws/build/turtlebot3_gazebo -- -j4 -l4
[1.896s] DEBUG:colcon.colcon_core.event_handler.log_command:Invoking command in '/home/cain/ros2_ws/build/turtlebot3_fake_node': CMAKE_PREFIX_PATH=${CMAKE_PREFIX_PATH}:/home/cain/turtlebot3_ws/install/turtlebot3_teleop:/home/cain/turtlebot3_ws/install/turtlebot3_example:/home/cain/ros2_ws/install/my_robot_controller:/opt/ros/humble /usr/bin/cmake --install /home/cain/ros2_ws/build/turtlebot3_fake_node
[1.964s] DEBUG:colcon.colcon_core.event_handler.log_command:Invoking command in '/home/cain/ros2_ws/build/turtlebot3_gazebo': CMAKE_PREFIX_PATH=${CMAKE_PREFIX_PATH}:/home/cain/turtlebot3_ws/install/turtlebot3_teleop:/home/cain/turtlebot3_ws/install/turtlebot3_example:/home/cain/ros2_ws/install/my_robot_controller:/opt/ros/humble /usr/bin/cmake --install /home/cain/ros2_ws/build/turtlebot3_gazebo
[1.965s] Level 1:colcon.colcon_core.environment:create_environment_scripts_only(turtlebot3_fake_node)
[1.969s] DEBUG:colcon.colcon_core.event_handler.log_command:Invoked command in '/home/cain/ros2_ws/build/turtlebot3_fake_node' returned '0': CMAKE_PREFIX_PATH=${CMAKE_PREFIX_PATH}:/home/cain/turtlebot3_ws/install/turtlebot3_teleop:/home/cain/turtlebot3_ws/install/turtlebot3_example:/home/cain/ros2_ws/install/my_robot_controller:/opt/ros/humble /usr/bin/cmake --install /home/cain/ros2_ws/build/turtlebot3_fake_node
[1.971s] Level 1:colcon.colcon_core.environment:checking '/home/cain/ros2_ws/install/turtlebot3_fake_node' for CMake module files
[1.972s] Level 1:colcon.colcon_core.environment:checking '/home/cain/ros2_ws/install/turtlebot3_fake_node' for CMake config files
[1.973s] Level 1:colcon.colcon_core.shell:create_environment_hook('turtlebot3_fake_node', 'cmake_prefix_path')
[1.973s] INFO:colcon.colcon_core.shell:Creating environment hook '/home/cain/ros2_ws/install/turtlebot3_fake_node/share/turtlebot3_fake_node/hook/cmake_prefix_path.ps1'
[1.990s] INFO:colcon.colcon_core.shell:Creating environment descriptor '/home/cain/ros2_ws/install/turtlebot3_fake_node/share/turtlebot3_fake_node/hook/cmake_prefix_path.dsv'
[2.011s] INFO:colcon.colcon_core.shell:Creating environment hook '/home/cain/ros2_ws/install/turtlebot3_fake_node/share/turtlebot3_fake_node/hook/cmake_prefix_path.sh'
[2.039s] Level 1:colcon.colcon_core.environment:checking '/home/cain/ros2_ws/install/turtlebot3_fake_node/lib'
[2.041s] Level 1:colcon.colcon_core.environment:checking '/home/cain/ros2_ws/install/turtlebot3_fake_node/bin'
[2.042s] Level 1:colcon.colcon_core.environment:checking '/home/cain/ros2_ws/install/turtlebot3_fake_node/lib/pkgconfig/turtlebot3_fake_node.pc'
[2.043s] Level 1:colcon.colcon_core.environment:checking '/home/cain/ros2_ws/install/turtlebot3_fake_node/lib/python3.10/site-packages'
[2.044s] Level 1:colcon.colcon_core.environment:checking '/home/cain/ros2_ws/install/turtlebot3_fake_node/bin'
[2.045s] INFO:colcon.colcon_core.shell:Creating package script '/home/cain/ros2_ws/install/turtlebot3_fake_node/share/turtlebot3_fake_node/package.ps1'
[2.050s] INFO:colcon.colcon_core.shell:Creating package descriptor '/home/cain/ros2_ws/install/turtlebot3_fake_node/share/turtlebot3_fake_node/package.dsv'
[2.051s] INFO:colcon.colcon_core.shell:Creating package script '/home/cain/ros2_ws/install/turtlebot3_fake_node/share/turtlebot3_fake_node/package.sh'
[2.055s] INFO:colcon.colcon_core.shell:Creating package script '/home/cain/ros2_ws/install/turtlebot3_fake_node/share/turtlebot3_fake_node/package.bash'
[2.059s] INFO:colcon.colcon_core.shell:Creating package script '/home/cain/ros2_ws/install/turtlebot3_fake_node/share/turtlebot3_fake_node/package.zsh'
[2.060s] Level 1:colcon.colcon_core.environment:create_file_with_runtime_dependencies(/home/cain/ros2_ws/install/turtlebot3_fake_node/share/colcon-core/packages/turtlebot3_fake_node)
[2.078s] Level 1:colcon.colcon_core.environment:create_environment_scripts_only(turtlebot3_gazebo)
[2.079s] Level 1:colcon.colcon_core.environment:checking '/home/cain/ros2_ws/install/turtlebot3_gazebo' for CMake module files
[2.080s] Level 1:colcon.colcon_core.environment:checking '/home/cain/ros2_ws/install/turtlebot3_gazebo' for CMake config files
[2.081s] Level 1:colcon.colcon_core.shell:create_environment_hook('turtlebot3_gazebo', 'cmake_prefix_path')
[2.082s] INFO:colcon.colcon_core.shell:Creating environment hook '/home/cain/ros2_ws/install/turtlebot3_gazebo/share/turtlebot3_gazebo/hook/cmake_prefix_path.ps1'
[2.083s] INFO:colcon.colcon_core.shell:Creating environment descriptor '/home/cain/ros2_ws/install/turtlebot3_gazebo/share/turtlebot3_gazebo/hook/cmake_prefix_path.dsv'
[2.084s] INFO:colcon.colcon_core.shell:Creating environment hook '/home/cain/ros2_ws/install/turtlebot3_gazebo/share/turtlebot3_gazebo/hook/cmake_prefix_path.sh'
[2.085s] Level 1:colcon.colcon_core.environment:checking '/home/cain/ros2_ws/install/turtlebot3_gazebo/lib'
[2.085s] Level 1:colcon.colcon_core.environment:checking '/home/cain/ros2_ws/install/turtlebot3_gazebo/bin'
[2.085s] Level 1:colcon.colcon_core.environment:checking '/home/cain/ros2_ws/install/turtlebot3_gazebo/lib/pkgconfig/turtlebot3_gazebo.pc'
[2.086s] Level 1:colcon.colcon_core.environment:checking '/home/cain/ros2_ws/install/turtlebot3_gazebo/lib/python3.10/site-packages'
[2.086s] Level 1:colcon.colcon_core.environment:checking '/home/cain/ros2_ws/install/turtlebot3_gazebo/bin'
[2.087s] INFO:colcon.colcon_core.shell:Creating package script '/home/cain/ros2_ws/install/turtlebot3_gazebo/share/turtlebot3_gazebo/package.ps1'
[2.089s] DEBUG:colcon.colcon_core.event_handler.log_command:Invoked command in '/home/cain/ros2_ws/build/turtlebot3_gazebo' returned '0': CMAKE_PREFIX_PATH=${CMAKE_PREFIX_PATH}:/home/cain/turtlebot3_ws/install/turtlebot3_teleop:/home/cain/turtlebot3_ws/install/turtlebot3_example:/home/cain/ros2_ws/install/my_robot_controller:/opt/ros/humble /usr/bin/cmake --install /home/cain/ros2_ws/build/turtlebot3_gazebo
[2.089s] INFO:colcon.colcon_core.shell:Creating package descriptor '/home/cain/ros2_ws/install/turtlebot3_gazebo/share/turtlebot3_gazebo/package.dsv'
[2.090s] INFO:colcon.colcon_core.shell:Creating package script '/home/cain/ros2_ws/install/turtlebot3_gazebo/share/turtlebot3_gazebo/package.sh'
[2.091s] INFO:colcon.colcon_core.shell:Creating package script '/home/cain/ros2_ws/install/turtlebot3_gazebo/share/turtlebot3_gazebo/package.bash'
[2.092s] INFO:colcon.colcon_core.shell:Creating package script '/home/cain/ros2_ws/install/turtlebot3_gazebo/share/turtlebot3_gazebo/package.zsh'
[2.093s] Level 1:colcon.colcon_core.environment:create_file_with_runtime_dependencies(/home/cain/ros2_ws/install/turtlebot3_gazebo/share/colcon-core/packages/turtlebot3_gazebo)
[2.194s] Level 1:colcon.colcon_core.environment:create_environment_scripts_only(turtlebot3_fake_node)
[2.194s] Level 1:colcon.colcon_core.environment:checking '/home/cain/ros2_ws/install/turtlebot3_fake_node' for CMake module files
[2.196s] Level 1:colcon.colcon_core.environment:checking '/home/cain/ros2_ws/install/turtlebot3_fake_node' for CMake config files
[2.196s] Level 1:colcon.colcon_core.shell:create_environment_hook('turtlebot3_fake_node', 'cmake_prefix_path')
[2.197s] INFO:colcon.colcon_core.shell:Creating environment hook '/home/cain/ros2_ws/install/turtlebot3_fake_node/share/turtlebot3_fake_node/hook/cmake_prefix_path.ps1'
[2.198s] INFO:colcon.colcon_core.shell:Creating environment descriptor '/home/cain/ros2_ws/install/turtlebot3_fake_node/share/turtlebot3_fake_node/hook/cmake_prefix_path.dsv'
[2.200s] INFO:colcon.colcon_core.shell:Creating environment hook '/home/cain/ros2_ws/install/turtlebot3_fake_node/share/turtlebot3_fake_node/hook/cmake_prefix_path.sh'
[2.202s] Level 1:colcon.colcon_core.environment:checking '/home/cain/ros2_ws/install/turtlebot3_fake_node/lib'
[2.202s] Level 1:colcon.colcon_core.environment:checking '/home/cain/ros2_ws/install/turtlebot3_fake_node/bin'
[2.203s] Level 1:colcon.colcon_core.environment:checking '/home/cain/ros2_ws/install/turtlebot3_fake_node/lib/pkgconfig/turtlebot3_fake_node.pc'
[2.203s] Level 1:colcon.colcon_core.environment:checking '/home/cain/ros2_ws/install/turtlebot3_fake_node/lib/python3.10/site-packages'
[2.203s] Level 1:colcon.colcon_core.environment:checking '/home/cain/ros2_ws/install/turtlebot3_fake_node/bin'
[2.204s] INFO:colcon.colcon_core.shell:Creating package script '/home/cain/ros2_ws/install/turtlebot3_fake_node/share/turtlebot3_fake_node/package.ps1'
[2.206s] INFO:colcon.colcon_core.shell:Creating package descriptor '/home/cain/ros2_ws/install/turtlebot3_fake_node/share/turtlebot3_fake_node/package.dsv'
[2.208s] INFO:colcon.colcon_core.shell:Creating package script '/home/cain/ros2_ws/install/turtlebot3_fake_node/share/turtlebot3_fake_node/package.sh'
[2.210s] INFO:colcon.colcon_core.shell:Creating package script '/home/cain/ros2_ws/install/turtlebot3_fake_node/share/turtlebot3_fake_node/package.bash'
[2.212s] INFO:colcon.colcon_core.shell:Creating package script '/home/cain/ros2_ws/install/turtlebot3_fake_node/share/turtlebot3_fake_node/package.zsh'
[2.214s] Level 1:colcon.colcon_core.environment:create_file_with_runtime_dependencies(/home/cain/ros2_ws/install/turtlebot3_fake_node/share/colcon-core/packages/turtlebot3_fake_node)
[2.301s] Level 1:colcon.colcon_core.environment:create_environment_scripts_only(turtlebot3_gazebo)
[2.302s] Level 1:colcon.colcon_core.environment:checking '/home/cain/ros2_ws/install/turtlebot3_gazebo' for CMake module files
[2.303s] Level 1:colcon.colcon_core.environment:checking '/home/cain/ros2_ws/install/turtlebot3_gazebo' for CMake config files
[2.305s] Level 1:colcon.colcon_core.shell:create_environment_hook('turtlebot3_gazebo', 'cmake_prefix_path')
[2.306s] INFO:colcon.colcon_core.shell:Creating environment hook '/home/cain/ros2_ws/install/turtlebot3_gazebo/share/turtlebot3_gazebo/hook/cmake_prefix_path.ps1'
[2.308s] INFO:colcon.colcon_core.shell:Creating environment descriptor '/home/cain/ros2_ws/install/turtlebot3_gazebo/share/turtlebot3_gazebo/hook/cmake_prefix_path.dsv'
[2.309s] INFO:colcon.colcon_core.shell:Creating environment hook '/home/cain/ros2_ws/install/turtlebot3_gazebo/share/turtlebot3_gazebo/hook/cmake_prefix_path.sh'
[2.311s] Level 1:colcon.colcon_core.environment:checking '/home/cain/ros2_ws/install/turtlebot3_gazebo/lib'
[2.311s] Level 1:colcon.colcon_core.environment:checking '/home/cain/ros2_ws/install/turtlebot3_gazebo/bin'
[2.311s] Level 1:colcon.colcon_core.environment:checking '/home/cain/ros2_ws/install/turtlebot3_gazebo/lib/pkgconfig/turtlebot3_gazebo.pc'
[2.312s] Level 1:colcon.colcon_core.environment:checking '/home/cain/ros2_ws/install/turtlebot3_gazebo/lib/python3.10/site-packages'
[2.312s] Level 1:colcon.colcon_core.environment:checking '/home/cain/ros2_ws/install/turtlebot3_gazebo/bin'
[2.313s] INFO:colcon.colcon_core.shell:Creating package script '/home/cain/ros2_ws/install/turtlebot3_gazebo/share/turtlebot3_gazebo/package.ps1'
[2.314s] INFO:colcon.colcon_core.shell:Creating package descriptor '/home/cain/ros2_ws/install/turtlebot3_gazebo/share/turtlebot3_gazebo/package.dsv'
[2.315s] INFO:colcon.colcon_core.shell:Creating package script '/home/cain/ros2_ws/install/turtlebot3_gazebo/share/turtlebot3_gazebo/package.sh'
[2.316s] INFO:colcon.colcon_core.shell:Creating package script '/home/cain/ros2_ws/install/turtlebot3_gazebo/share/turtlebot3_gazebo/package.bash'
[2.317s] INFO:colcon.colcon_core.shell:Creating package script '/home/cain/ros2_ws/install/turtlebot3_gazebo/share/turtlebot3_gazebo/package.zsh'
[2.318s] Level 1:colcon.colcon_core.environment:create_file_with_runtime_dependencies(/home/cain/ros2_ws/install/turtlebot3_gazebo/share/colcon-core/packages/turtlebot3_gazebo)
[2.320s] INFO:colcon.colcon_ros.task.ament_cmake.build:Building ROS package in '/home/cain/ros2_ws/src/turtlebot3_simulations/turtlebot3_simulations' with build type 'ament_cmake'
[2.321s] INFO:colcon.colcon_cmake.task.cmake.build:Building CMake package in '/home/cain/ros2_ws/src/turtlebot3_simulations/turtlebot3_simulations'
[2.321s] INFO:colcon.colcon_core.shell:Skip shell extension 'powershell' for command environment: Not usable outside of PowerShell
[2.321s] DEBUG:colcon.colcon_core.shell:Skip shell extension 'dsv' for command environment
[2.379s] DEBUG:colcon.colcon_core.event_handler.log_command:Invoking command in '/home/cain/ros2_ws/build/turtlebot3_simulations': CMAKE_PREFIX_PATH=/home/cain/ros2_ws/install/turtlebot3_gazebo:/home/cain/ros2_ws/install/turtlebot3_fake_node:/home/cain/ros2_ws/install/turtlebot3_simulations:/home/cain/turtlebot3_ws/install/turtlebot3:/home/cain/turtlebot3_ws/install/turtlebot3_bringup:/home/cain/turtlebot3_ws/install/turtlebot3_node:/home/cain/turtlebot3_ws/install/turtlebot3_navigation2:/home/cain/turtlebot3_ws/install/turtlebot3_msgs:/home/cain/turtlebot3_ws/install/turtlebot3_description:/home/cain/turtlebot3_ws/install/turtlebot3_cartographer:/home/cain/turtlebot3_ws/install/dynamixel_sdk_examples:/home/cain/turtlebot3_ws/install/dynamixel_sdk_custom_interfaces:/home/cain/turtlebot3_ws/install/dynamixel_sdk:/home/cain/turtlebot3_ws/install/turtlebot3_simulations:/home/cain/turtlebot3_ws/install/turtlebot3_gazebo:/home/cain/turtlebot3_ws/install/turtlebot3_fake_node:/home/cain/turtlebot3_ws/install/turtlebot3_teleop:/home/cain/turtlebot3_ws/install/turtlebot3_example:/home/cain/ros2_ws/install/my_robot_controller:/opt/ros/humble /usr/bin/cmake --build /home/cain/ros2_ws/build/turtlebot3_simulations -- -j4 -l4
[2.579s] DEBUG:colcon.colcon_core.event_handler.log_command:Invoked command in '/home/cain/ros2_ws/build/turtlebot3_simulations' returned '0': CMAKE_PREFIX_PATH=/home/cain/ros2_ws/install/turtlebot3_gazebo:/home/cain/ros2_ws/install/turtlebot3_fake_node:/home/cain/ros2_ws/install/turtlebot3_simulations:/home/cain/turtlebot3_ws/install/turtlebot3:/home/cain/turtlebot3_ws/install/turtlebot3_bringup:/home/cain/turtlebot3_ws/install/turtlebot3_node:/home/cain/turtlebot3_ws/install/turtlebot3_navigation2:/home/cain/turtlebot3_ws/install/turtlebot3_msgs:/home/cain/turtlebot3_ws/install/turtlebot3_description:/home/cain/turtlebot3_ws/install/turtlebot3_cartographer:/home/cain/turtlebot3_ws/install/dynamixel_sdk_examples:/home/cain/turtlebot3_ws/install/dynamixel_sdk_custom_interfaces:/home/cain/turtlebot3_ws/install/dynamixel_sdk:/home/cain/turtlebot3_ws/install/turtlebot3_simulations:/home/cain/turtlebot3_ws/install/turtlebot3_gazebo:/home/cain/turtlebot3_ws/install/turtlebot3_fake_node:/home/cain/turtlebot3_ws/install/turtlebot3_teleop:/home/cain/turtlebot3_ws/install/turtlebot3_example:/home/cain/ros2_ws/install/my_robot_controller:/opt/ros/humble /usr/bin/cmake --build /home/cain/ros2_ws/build/turtlebot3_simulations -- -j4 -l4
[2.631s] DEBUG:colcon.colcon_core.event_handler.log_command:Invoking command in '/home/cain/ros2_ws/src/my_robot_controller': PYTHONPATH=/home/cain/ros2_ws/build/my_robot_controller/prefix_override:/home/cain/ros2_ws/install/my_robot_controller/lib/python3.10/site-packages:${PYTHONPATH} /usr/bin/python3 -W ignore:setup.py install is deprecated setup.py egg_info --egg-base ../../build/my_robot_controller build --build-base /home/cain/ros2_ws/build/my_robot_controller/build install --record /home/cain/ros2_ws/build/my_robot_controller/install.log --single-version-externally-managed install_data
[2.718s] DEBUG:colcon.colcon_core.event_handler.log_command:Invoking command in '/home/cain/ros2_ws/build/turtlebot3_simulations': CMAKE_PREFIX_PATH=/home/cain/ros2_ws/install/turtlebot3_gazebo:/home/cain/ros2_ws/install/turtlebot3_fake_node:/home/cain/ros2_ws/install/turtlebot3_simulations:/home/cain/turtlebot3_ws/install/turtlebot3:/home/cain/turtlebot3_ws/install/turtlebot3_bringup:/home/cain/turtlebot3_ws/install/turtlebot3_node:/home/cain/turtlebot3_ws/install/turtlebot3_navigation2:/home/cain/turtlebot3_ws/install/turtlebot3_msgs:/home/cain/turtlebot3_ws/install/turtlebot3_description:/home/cain/turtlebot3_ws/install/turtlebot3_cartographer:/home/cain/turtlebot3_ws/install/dynamixel_sdk_examples:/home/cain/turtlebot3_ws/install/dynamixel_sdk_custom_interfaces:/home/cain/turtlebot3_ws/install/dynamixel_sdk:/home/cain/turtlebot3_ws/install/turtlebot3_simulations:/home/cain/turtlebot3_ws/install/turtlebot3_gazebo:/home/cain/turtlebot3_ws/install/turtlebot3_fake_node:/home/cain/turtlebot3_ws/install/turtlebot3_teleop:/home/cain/turtlebot3_ws/install/turtlebot3_example:/home/cain/ros2_ws/install/my_robot_controller:/opt/ros/humble /usr/bin/cmake --install /home/cain/ros2_ws/build/turtlebot3_simulations
[2.754s] Level 1:colcon.colcon_core.environment:create_environment_scripts_only(turtlebot3_simulations)
[2.755s] Level 1:colcon.colcon_core.environment:checking '/home/cain/ros2_ws/install/turtlebot3_simulations' for CMake module files
[2.757s] DEBUG:colcon.colcon_core.event_handler.log_command:Invoked command in '/home/cain/ros2_ws/build/turtlebot3_simulations' returned '0': CMAKE_PREFIX_PATH=/home/cain/ros2_ws/install/turtlebot3_gazebo:/home/cain/ros2_ws/install/turtlebot3_fake_node:/home/cain/ros2_ws/install/turtlebot3_simulations:/home/cain/turtlebot3_ws/install/turtlebot3:/home/cain/turtlebot3_ws/install/turtlebot3_bringup:/home/cain/turtlebot3_ws/install/turtlebot3_node:/home/cain/turtlebot3_ws/install/turtlebot3_navigation2:/home/cain/turtlebot3_ws/install/turtlebot3_msgs:/home/cain/turtlebot3_ws/install/turtlebot3_description:/home/cain/turtlebot3_ws/install/turtlebot3_cartographer:/home/cain/turtlebot3_ws/install/dynamixel_sdk_examples:/home/cain/turtlebot3_ws/install/dynamixel_sdk_custom_interfaces:/home/cain/turtlebot3_ws/install/dynamixel_sdk:/home/cain/turtlebot3_ws/install/turtlebot3_simulations:/home/cain/turtlebot3_ws/install/turtlebot3_gazebo:/home/cain/turtlebot3_ws/install/turtlebot3_fake_node:/home/cain/turtlebot3_ws/install/turtlebot3_teleop:/home/cain/turtlebot3_ws/install/turtlebot3_example:/home/cain/ros2_ws/install/my_robot_controller:/opt/ros/humble /usr/bin/cmake --install /home/cain/ros2_ws/build/turtlebot3_simulations
[2.759s] Level 1:colcon.colcon_core.environment:checking '/home/cain/ros2_ws/install/turtlebot3_simulations' for CMake config files
[2.759s] Level 1:colcon.colcon_core.shell:create_environment_hook('turtlebot3_simulations', 'cmake_prefix_path')
[2.760s] INFO:colcon.colcon_core.shell:Creating environment hook '/home/cain/ros2_ws/install/turtlebot3_simulations/share/turtlebot3_simulations/hook/cmake_prefix_path.ps1'
[2.761s] INFO:colcon.colcon_core.shell:Creating environment descriptor '/home/cain/ros2_ws/install/turtlebot3_simulations/share/turtlebot3_simulations/hook/cmake_prefix_path.dsv'
[2.762s] INFO:colcon.colcon_core.shell:Creating environment hook '/home/cain/ros2_ws/install/turtlebot3_simulations/share/turtlebot3_simulations/hook/cmake_prefix_path.sh'
[2.763s] Level 1:colcon.colcon_core.environment:checking '/home/cain/ros2_ws/install/turtlebot3_simulations/bin'
[2.763s] Level 1:colcon.colcon_core.environment:checking '/home/cain/ros2_ws/install/turtlebot3_simulations/lib/pkgconfig/turtlebot3_simulations.pc'
[2.763s] Level 1:colcon.colcon_core.environment:checking '/home/cain/ros2_ws/install/turtlebot3_simulations/lib/python3.10/site-packages'
[2.764s] Level 1:colcon.colcon_core.environment:checking '/home/cain/ros2_ws/install/turtlebot3_simulations/bin'
[2.764s] INFO:colcon.colcon_core.shell:Creating package script '/home/cain/ros2_ws/install/turtlebot3_simulations/share/turtlebot3_simulations/package.ps1'
[2.765s] INFO:colcon.colcon_core.shell:Creating package descriptor '/home/cain/ros2_ws/install/turtlebot3_simulations/share/turtlebot3_simulations/package.dsv'
[2.766s] INFO:colcon.colcon_core.shell:Creating package script '/home/cain/ros2_ws/install/turtlebot3_simulations/share/turtlebot3_simulations/package.sh'
[2.767s] INFO:colcon.colcon_core.shell:Creating package script '/home/cain/ros2_ws/install/turtlebot3_simulations/share/turtlebot3_simulations/package.bash'
[2.768s] INFO:colcon.colcon_core.shell:Creating package script '/home/cain/ros2_ws/install/turtlebot3_simulations/share/turtlebot3_simulations/package.zsh'
[2.769s] Level 1:colcon.colcon_core.environment:create_file_with_runtime_dependencies(/home/cain/ros2_ws/install/turtlebot3_simulations/share/colcon-core/packages/turtlebot3_simulations)
[2.941s] Level 1:colcon.colcon_core.environment:create_environment_scripts_only(turtlebot3_simulations)
[2.941s] Level 1:colcon.colcon_core.environment:checking '/home/cain/ros2_ws/install/turtlebot3_simulations' for CMake module files
[2.942s] Level 1:colcon.colcon_core.environment:checking '/home/cain/ros2_ws/install/turtlebot3_simulations' for CMake config files
[2.942s] Level 1:colcon.colcon_core.shell:create_environment_hook('turtlebot3_simulations', 'cmake_prefix_path')
[2.943s] INFO:colcon.colcon_core.shell:Creating environment hook '/home/cain/ros2_ws/install/turtlebot3_simulations/share/turtlebot3_simulations/hook/cmake_prefix_path.ps1'
[2.944s] INFO:colcon.colcon_core.shell:Creating environment descriptor '/home/cain/ros2_ws/install/turtlebot3_simulations/share/turtlebot3_simulations/hook/cmake_prefix_path.dsv'
[2.946s] INFO:colcon.colcon_core.shell:Creating environment hook '/home/cain/ros2_ws/install/turtlebot3_simulations/share/turtlebot3_simulations/hook/cmake_prefix_path.sh'
[2.947s] Level 1:colcon.colcon_core.environment:checking '/home/cain/ros2_ws/install/turtlebot3_simulations/bin'
[2.947s] Level 1:colcon.colcon_core.environment:checking '/home/cain/ros2_ws/install/turtlebot3_simulations/lib/pkgconfig/turtlebot3_simulations.pc'
[2.948s] Level 1:colcon.colcon_core.environment:checking '/home/cain/ros2_ws/install/turtlebot3_simulations/lib/python3.10/site-packages'
[2.949s] Level 1:colcon.colcon_core.environment:checking '/home/cain/ros2_ws/install/turtlebot3_simulations/bin'
[2.949s] INFO:colcon.colcon_core.shell:Creating package script '/home/cain/ros2_ws/install/turtlebot3_simulations/share/turtlebot3_simulations/package.ps1'
[2.951s] INFO:colcon.colcon_core.shell:Creating package descriptor '/home/cain/ros2_ws/install/turtlebot3_simulations/share/turtlebot3_simulations/package.dsv'
[2.954s] INFO:colcon.colcon_core.shell:Creating package script '/home/cain/ros2_ws/install/turtlebot3_simulations/share/turtlebot3_simulations/package.sh'
[2.955s] INFO:colcon.colcon_core.shell:Creating package script '/home/cain/ros2_ws/install/turtlebot3_simulations/share/turtlebot3_simulations/package.bash'
[2.956s] INFO:colcon.colcon_core.shell:Creating package script '/home/cain/ros2_ws/install/turtlebot3_simulations/share/turtlebot3_simulations/package.zsh'
[2.958s] Level 1:colcon.colcon_core.environment:create_file_with_runtime_dependencies(/home/cain/ros2_ws/install/turtlebot3_simulations/share/colcon-core/packages/turtlebot3_simulations)
[3.492s] Level 1:colcon.colcon_core.environment:checking '/home/cain/ros2_ws/install/my_robot_controller' for CMake module files
[3.493s] Level 1:colcon.colcon_core.environment:checking '/home/cain/ros2_ws/install/my_robot_controller' for CMake config files
[3.494s] Level 1:colcon.colcon_core.environment:checking '/home/cain/ros2_ws/install/my_robot_controller/lib'
[3.495s] Level 1:colcon.colcon_core.environment:checking '/home/cain/ros2_ws/install/my_robot_controller/bin'
[3.495s] Level 1:colcon.colcon_core.environment:checking '/home/cain/ros2_ws/install/my_robot_controller/lib/pkgconfig/my_robot_controller.pc'
[3.496s] Level 1:colcon.colcon_core.environment:checking '/home/cain/ros2_ws/install/my_robot_controller/lib/python3.10/site-packages'
[3.496s] Level 1:colcon.colcon_core.shell:create_environment_hook('my_robot_controller', 'pythonpath')
[3.497s] INFO:colcon.colcon_core.shell:Creating environment hook '/home/cain/ros2_ws/install/my_robot_controller/share/my_robot_controller/hook/pythonpath.ps1'
[3.498s] INFO:colcon.colcon_core.shell:Creating environment descriptor '/home/cain/ros2_ws/install/my_robot_controller/share/my_robot_controller/hook/pythonpath.dsv'
[3.499s] INFO:colcon.colcon_core.shell:Creating environment hook '/home/cain/ros2_ws/install/my_robot_controller/share/my_robot_controller/hook/pythonpath.sh'
[3.500s] Level 1:colcon.colcon_core.environment:checking '/home/cain/ros2_ws/install/my_robot_controller/bin'
[3.500s] Level 1:colcon.colcon_core.environment:create_environment_scripts_only(my_robot_controller)
[3.501s] INFO:colcon.colcon_core.shell:Creating package script '/home/cain/ros2_ws/install/my_robot_controller/share/my_robot_controller/package.ps1'
[3.502s] INFO:colcon.colcon_core.shell:Creating package descriptor '/home/cain/ros2_ws/install/my_robot_controller/share/my_robot_controller/package.dsv'
[3.503s] INFO:colcon.colcon_core.shell:Creating package script '/home/cain/ros2_ws/install/my_robot_controller/share/my_robot_controller/package.sh'
[3.505s] DEBUG:colcon.colcon_core.event_handler.log_command:Invoked command in '/home/cain/ros2_ws/src/my_robot_controller' returned '0': PYTHONPATH=/home/cain/ros2_ws/build/my_robot_controller/prefix_override:/home/cain/ros2_ws/install/my_robot_controller/lib/python3.10/site-packages:${PYTHONPATH} /usr/bin/python3 -W ignore:setup.py install is deprecated setup.py egg_info --egg-base ../../build/my_robot_controller build --build-base /home/cain/ros2_ws/build/my_robot_controller/build install --record /home/cain/ros2_ws/build/my_robot_controller/install.log --single-version-externally-managed install_data
[3.511s] INFO:colcon.colcon_core.shell:Creating package script '/home/cain/ros2_ws/install/my_robot_controller/share/my_robot_controller/package.bash'
[3.518s] INFO:colcon.colcon_core.shell:Creating package script '/home/cain/ros2_ws/install/my_robot_controller/share/my_robot_controller/package.zsh'
[3.524s] Level 1:colcon.colcon_core.environment:create_file_with_runtime_dependencies(/home/cain/ros2_ws/install/my_robot_controller/share/colcon-core/packages/my_robot_controller)
[3.532s] DEBUG:colcon.colcon_parallel_executor.executor.parallel:closing loop
[3.534s] DEBUG:colcon.colcon_parallel_executor.executor.parallel:loop closed
[3.535s] DEBUG:colcon.colcon_parallel_executor.executor.parallel:run_until_complete finished with '0'
[3.536s] DEBUG:colcon.colcon_core.event_reactor:joining thread
[3.552s] INFO:colcon.colcon_core.plugin_system:Skipping extension 'colcon_notification.desktop_notification.terminal_notifier': Not used on non-Darwin systems
[3.552s] INFO:colcon.colcon_core.plugin_system:Skipping extension 'colcon_notification.desktop_notification.win32': Not used on non-Windows systems
[3.553s] INFO:colcon.colcon_notification.desktop_notification:Sending desktop notification using 'notify2'
[3.626s] DEBUG:colcon.colcon_core.event_reactor:joined thread
[3.627s] INFO:colcon.colcon_core.shell:Creating prefix script '/home/cain/ros2_ws/install/local_setup.ps1'
[3.630s] INFO:colcon.colcon_core.shell:Creating prefix util module '/home/cain/ros2_ws/install/_local_setup_util_ps1.py'
[3.634s] INFO:colcon.colcon_core.shell:Creating prefix chain script '/home/cain/ros2_ws/install/setup.ps1'
[3.636s] INFO:colcon.colcon_core.shell:Creating prefix script '/home/cain/ros2_ws/install/local_setup.sh'
[3.638s] INFO:colcon.colcon_core.shell:Creating prefix util module '/home/cain/ros2_ws/install/_local_setup_util_sh.py'
[3.639s] INFO:colcon.colcon_core.shell:Creating prefix chain script '/home/cain/ros2_ws/install/setup.sh'
[3.642s] INFO:colcon.colcon_core.shell:Creating prefix script '/home/cain/ros2_ws/install/local_setup.bash'
[3.644s] INFO:colcon.colcon_core.shell:Creating prefix chain script '/home/cain/ros2_ws/install/setup.bash'
[3.647s] INFO:colcon.colcon_core.shell:Creating prefix script '/home/cain/ros2_ws/install/local_setup.zsh'
[3.649s] INFO:colcon.colcon_core.shell:Creating prefix chain script '/home/cain/ros2_ws/install/setup.zsh'
