[0.151s] Invoking command in '/home/cain/ros2_ws/build/turtlebot3_fake_node': CMAKE_PREFIX_PATH=${CMAKE_PREFIX_PATH}:/home/cain/turtlebot3_ws/install/turtlebot3_teleop:/home/cain/turtlebot3_ws/install/turtlebot3_example:/home/cain/ros2_ws/install/my_robot_controller:/opt/ros/humble /usr/bin/cmake --build /home/cain/ros2_ws/build/turtlebot3_fake_node -- -j4 -l4
[0.503s] [100%] Built target turtlebot3_fake_node
[0.987s] Invoked command in '/home/cain/ros2_ws/build/turtlebot3_fake_node' returned '0': CMAKE_PREFIX_PATH=${CMAKE_PREFIX_PATH}:/home/cain/turtlebot3_ws/install/turtlebot3_teleop:/home/cain/turtlebot3_ws/install/turtlebot3_example:/home/cain/ros2_ws/install/my_robot_controller:/opt/ros/humble /usr/bin/cmake --build /home/cain/ros2_ws/build/turtlebot3_fake_node -- -j4 -l4
[1.155s] Invoking command in '/home/cain/ros2_ws/build/turtlebot3_fake_node': CMAKE_PREFIX_PATH=${CMAKE_PREFIX_PATH}:/home/cain/turtlebot3_ws/install/turtlebot3_teleop:/home/cain/turtlebot3_ws/install/turtlebot3_example:/home/cain/ros2_ws/install/my_robot_controller:/opt/ros/humble /usr/bin/cmake --install /home/cain/ros2_ws/build/turtlebot3_fake_node
[1.186s] -- Install configuration: ""
[1.186s] -- Up-to-date: /home/cain/ros2_ws/install/turtlebot3_fake_node/lib/turtlebot3_fake_node/turtlebot3_fake_node
[1.186s] -- Up-to-date: /home/cain/ros2_ws/install/turtlebot3_fake_node/share/turtlebot3_fake_node/launch
[1.187s] -- Up-to-date: /home/cain/ros2_ws/install/turtlebot3_fake_node/share/turtlebot3_fake_node/launch/rviz2.launch.py
[1.187s] -- Up-to-date: /home/cain/ros2_ws/install/turtlebot3_fake_node/share/turtlebot3_fake_node/launch/turtlebot3_fake_node.launch.py
[1.188s] -- Up-to-date: /home/cain/ros2_ws/install/turtlebot3_fake_node/share/turtlebot3_fake_node/param
[1.188s] -- Up-to-date: /home/cain/ros2_ws/install/turtlebot3_fake_node/share/turtlebot3_fake_node/param/waffle_pi.yaml
[1.188s] -- Up-to-date: /home/cain/ros2_ws/install/turtlebot3_fake_node/share/turtlebot3_fake_node/param/burger.yaml
[1.188s] -- Up-to-date: /home/cain/ros2_ws/install/turtlebot3_fake_node/share/turtlebot3_fake_node/param/waffle.yaml
[1.189s] -- Up-to-date: /home/cain/ros2_ws/install/turtlebot3_fake_node/include/
[1.189s] -- Up-to-date: /home/cain/ros2_ws/install/turtlebot3_fake_node/include//turtlebot3_fake_node
[1.189s] -- Up-to-date: /home/cain/ros2_ws/install/turtlebot3_fake_node/include//turtlebot3_fake_node/turtlebot3_fake_node.hpp
[1.190s] -- Up-to-date: /home/cain/ros2_ws/install/turtlebot3_fake_node/share/ament_index/resource_index/package_run_dependencies/turtlebot3_fake_node
[1.190s] -- Up-to-date: /home/cain/ros2_ws/install/turtlebot3_fake_node/share/ament_index/resource_index/parent_prefix_path/turtlebot3_fake_node
[1.191s] -- Up-to-date: /home/cain/ros2_ws/install/turtlebot3_fake_node/share/turtlebot3_fake_node/environment/ament_prefix_path.sh
[1.193s] -- Up-to-date: /home/cain/ros2_ws/install/turtlebot3_fake_node/share/turtlebot3_fake_node/environment/ament_prefix_path.dsv
[1.193s] -- Up-to-date: /home/cain/ros2_ws/install/turtlebot3_fake_node/share/turtlebot3_fake_node/environment/path.sh
[1.194s] -- Up-to-date: /home/cain/ros2_ws/install/turtlebot3_fake_node/share/turtlebot3_fake_node/environment/path.dsv
[1.194s] -- Up-to-date: /home/cain/ros2_ws/install/turtlebot3_fake_node/share/turtlebot3_fake_node/local_setup.bash
[1.194s] -- Up-to-date: /home/cain/ros2_ws/install/turtlebot3_fake_node/share/turtlebot3_fake_node/local_setup.sh
[1.194s] -- Up-to-date: /home/cain/ros2_ws/install/turtlebot3_fake_node/share/turtlebot3_fake_node/local_setup.zsh
[1.194s] -- Up-to-date: /home/cain/ros2_ws/install/turtlebot3_fake_node/share/turtlebot3_fake_node/local_setup.dsv
[1.194s] -- Installing: /home/cain/ros2_ws/install/turtlebot3_fake_node/share/turtlebot3_fake_node/package.dsv
[1.195s] -- Up-to-date: /home/cain/ros2_ws/install/turtlebot3_fake_node/share/ament_index/resource_index/packages/turtlebot3_fake_node
[1.195s] -- Up-to-date: /home/cain/ros2_ws/install/turtlebot3_fake_node/share/turtlebot3_fake_node/cmake/ament_cmake_export_include_directories-extras.cmake
[1.195s] -- Up-to-date: /home/cain/ros2_ws/install/turtlebot3_fake_node/share/turtlebot3_fake_node/cmake/ament_cmake_export_dependencies-extras.cmake
[1.195s] -- Up-to-date: /home/cain/ros2_ws/install/turtlebot3_fake_node/share/turtlebot3_fake_node/cmake/turtlebot3_fake_nodeConfig.cmake
[1.197s] -- Up-to-date: /home/cain/ros2_ws/install/turtlebot3_fake_node/share/turtlebot3_fake_node/cmake/turtlebot3_fake_nodeConfig-version.cmake
[1.198s] -- Up-to-date: /home/cain/ros2_ws/install/turtlebot3_fake_node/share/turtlebot3_fake_node/package.xml
[1.204s] Invoked command in '/home/cain/ros2_ws/build/turtlebot3_fake_node' returned '0': CMAKE_PREFIX_PATH=${CMAKE_PREFIX_PATH}:/home/cain/turtlebot3_ws/install/turtlebot3_teleop:/home/cain/turtlebot3_ws/install/turtlebot3_example:/home/cain/ros2_ws/install/my_robot_controller:/opt/ros/humble /usr/bin/cmake --install /home/cain/ros2_ws/build/turtlebot3_fake_node
