[0.180s] Invoking command in '/home/cain/ros2_ws/build/turtlebot3_gazebo': CMAKE_PREFIX_PATH=${CMAKE_PREFIX_PATH}:/home/cain/turtlebot3_ws/install/turtlebot3_teleop:/home/cain/turtlebot3_ws/install/turtlebot3_example:/home/cain/ros2_ws/install/my_robot_controller:/opt/ros/humble /usr/bin/cmake /home/cain/ros2_ws/src/turtlebot3_simulations/turtlebot3_gazebo -DCMAKE_INSTALL_PREFIX=/home/cain/ros2_ws/install/turtlebot3_gazebo
[0.991s] -- The C compiler identification is GNU 11.4.0
[0.991s] -- The CXX compiler identification is GNU 11.4.0
[0.991s] -- Detecting C compiler ABI info
[0.992s] -- Detecting C compiler ABI info - done
[0.992s] -- Check for working C compiler: /usr/bin/cc - skipped
[0.992s] -- Detecting C compile features
[0.992s] -- Detecting C compile features - done
[0.992s] -- Detecting CXX compiler ABI info
[1.170s] -- Detecting CXX compiler ABI info - done
[1.186s] -- Check for working CXX compiler: /usr/bin/c++ - skipped
[1.186s] -- Detecting CXX compile features
[1.188s] -- Detecting CXX compile features - done
[1.195s] -- Found ament_cmake: 1.3.8 (/opt/ros/humble/share/ament_cmake/cmake)
[1.602s] -- Found Python3: /usr/bin/python3 (found version "3.10.12") found components: Interpreter 
[1.857s] [33mCMake Warning (dev) at /usr/share/cmake-3.22/Modules/FindPackageHandleStandardArgs.cmake:438 (message):
[1.858s]   The package name passed to `find_package_handle_standard_args` (PkgConfig)
[1.858s]   does not match the name of the calling package (gazebo).  This can lead to
[1.858s]   problems in calling code that expects `find_package` result variables
[1.858s]   (e.g., `_FOUND`) to follow a certain pattern.
[1.859s] Call Stack (most recent call first):
[1.859s]   /usr/share/cmake-3.22/Modules/FindPkgConfig.cmake:99 (find_package_handle_standard_args)
[1.859s]   /usr/lib/x86_64-linux-gnu/cmake/gazebo/gazebo-config.cmake:72 (include)
[1.859s]   CMakeLists.txt:23 (find_package)
[1.859s] This warning is for project developers.  Use -Wno-dev to suppress it.
[1.859s] [0m
[1.860s] -- Found PkgConfig: /usr/bin/pkg-config (found version "0.29.2") 
[1.867s] -- Checking for module 'bullet>=2.82'
[1.923s] --   Found bullet, version 3.05
[2.338s] -- Found fcl: /usr/include (found suitable version "0.7.0", minimum required is "0.5.0") 
[2.547s] -- Found assimp: /usr/include (found version "5.2.0") 
[2.632s] -- Found DART: /usr/include (Required is at least version "6.6") found components: dart 
[3.317s] -- Found Boost: /usr/lib/x86_64-linux-gnu/cmake/Boost-1.74.0/BoostConfig.cmake (found suitable version "1.74.0", minimum required is "1.40.0") found components: thread system filesystem program_options regex iostreams date_time 
[3.364s] -- Found Protobuf: /usr/lib/x86_64-linux-gnu/libprotobuf.so (found version "3.12.4") 
[3.377s] -- Looking for ignition-math6 -- found version 6.15.1
[3.395s] -- Searching for dependencies of ignition-math6
[3.398s] -- Looking for OGRE...
[3.400s] -- OGRE_PREFIX_WATCH changed.
[3.422s] -- Checking for module 'OGRE'
[3.486s] --   Found OGRE, version 1.9.0
[3.683s] -- Found Ogre Ghadamon (1.9.0)
[3.717s] -- Found OGRE: optimized;/usr/lib/x86_64-linux-gnu/libOgreMain.so;debug;/usr/lib/x86_64-linux-gnu/libOgreMain.so
[3.743s] -- Looking for OGRE_Paging...
[3.782s] -- Found OGRE_Paging: optimized;/usr/lib/x86_64-linux-gnu/libOgrePaging.so;debug;/usr/lib/x86_64-linux-gnu/libOgrePaging.so
[3.782s] -- Looking for OGRE_Terrain...
[3.800s] -- Found OGRE_Terrain: optimized;/usr/lib/x86_64-linux-gnu/libOgreTerrain.so;debug;/usr/lib/x86_64-linux-gnu/libOgreTerrain.so
[3.801s] -- Looking for OGRE_Property...
[3.826s] -- Found OGRE_Property: optimized;/usr/lib/x86_64-linux-gnu/libOgreProperty.so;debug;/usr/lib/x86_64-linux-gnu/libOgreProperty.so
[3.826s] -- Looking for OGRE_RTShaderSystem...
[3.846s] -- Found OGRE_RTShaderSystem: optimized;/usr/lib/x86_64-linux-gnu/libOgreRTShaderSystem.so;debug;/usr/lib/x86_64-linux-gnu/libOgreRTShaderSystem.so
[3.847s] -- Looking for OGRE_Volume...
[3.872s] -- Found OGRE_Volume: optimized;/usr/lib/x86_64-linux-gnu/libOgreVolume.so;debug;/usr/lib/x86_64-linux-gnu/libOgreVolume.so
[3.873s] -- Looking for OGRE_Overlay...
[3.896s] -- Found OGRE_Overlay: optimized;/usr/lib/x86_64-linux-gnu/libOgreOverlay.so;debug;/usr/lib/x86_64-linux-gnu/libOgreOverlay.so
[4.459s] -- Looking for ignition-math6 -- found version 6.15.1
[4.468s] -- Looking for ignition-transport8 -- found version 8.2.1
[4.469s] -- Searching for dependencies of ignition-transport8
[4.534s] -- Found Protobuf: /usr/lib/x86_64-linux-gnu/libprotobuf.so (found suitable version "3.12.4", minimum required is "3") 
[4.570s] -- Config-file not installed for ZeroMQ -- checking for pkg-config
[4.591s] -- Checking for module 'libzmq >= 4'
[4.660s] --   Found libzmq , version 4.3.4
[4.830s] -- Found ZeroMQ: TRUE (Required is at least version "4") 
[4.849s] -- Checking for module 'uuid'
[4.918s] --   Found uuid, version 2.37.2
[5.069s] -- Found UUID: TRUE  
[5.118s] -- Looking for ignition-msgs5 -- found version 5.8.1
[5.119s] -- Searching for dependencies of ignition-msgs5
[5.174s] -- Looking for ignition-math6 -- found version 6.15.1
[5.195s] -- Checking for module 'tinyxml2'
[5.258s] --   Found tinyxml2, version 9.0.0
[5.459s] -- Looking for ignition-msgs5 -- found version 5.8.1
[5.466s] -- Looking for ignition-common3 -- found version 3.14.0
[5.467s] -- Searching for dependencies of ignition-common3
[5.469s] -- Looking for dlfcn.h - found
[5.473s] -- Looking for libdl - found
[5.477s] -- Found DL: TRUE  
[5.522s] -- Found tinyobjloader: /usr/lib/x86_64-linux-gnu/cmake/tinyobjloader/tinyobjloader-config.cmake (found version "2.0.0") 
[5.524s] -- Searching for <ignition-common3> component [graphics]
[5.532s] -- Looking for ignition-common3-graphics -- found version 3.14.0
[5.537s] -- Searching for dependencies of ignition-common3-graphics
[5.538s] -- Looking for ignition-math6 -- found version 6.15.1
[5.551s] -- Looking for ignition-fuel_tools4 -- found version 4.4.0
[5.553s] -- Searching for dependencies of ignition-fuel_tools4
[5.954s] -- Found CURL: /usr/lib/x86_64-linux-gnu/libcurl.so (found version "7.81.0")  
[5.986s] -- Checking for module 'jsoncpp'
[6.048s] --   Found jsoncpp, version 1.9.5
[6.188s] -- Found JSONCPP: TRUE  
[6.208s] -- Checking for module 'libzip'
[6.262s] --   Found libzip, version 1.7.3
[6.420s] -- Found ZIP: TRUE  
[6.422s] -- Looking for ignition-common3 -- found version 3.14.0
[6.423s] -- Looking for ignition-math6 -- found version 6.15.1
[6.425s] -- Looking for ignition-msgs5 -- found version 5.8.1
[6.440s] -- Found gazebo_ros_pkgs: 3.7.0 (/opt/ros/humble/share/gazebo_ros_pkgs/cmake)
[6.446s] -- Found geometry_msgs: 4.2.3 (/opt/ros/humble/share/geometry_msgs/cmake)
[6.527s] -- Found rosidl_generator_c: 3.1.5 (/opt/ros/humble/share/rosidl_generator_c/cmake)
[6.541s] -- Found rosidl_adapter: 3.1.5 (/opt/ros/humble/share/rosidl_adapter/cmake)
[6.563s] -- Found rosidl_generator_cpp: 3.1.5 (/opt/ros/humble/share/rosidl_generator_cpp/cmake)
[6.598s] -- Using all available rosidl_typesupport_c: rosidl_typesupport_fastrtps_c;rosidl_typesupport_introspection_c
[6.648s] -- Using all available rosidl_typesupport_cpp: rosidl_typesupport_fastrtps_cpp;rosidl_typesupport_introspection_cpp
[6.976s] -- Found nav_msgs: 4.2.3 (/opt/ros/humble/share/nav_msgs/cmake)
[7.200s] -- Found rclcpp: 16.0.8 (/opt/ros/humble/share/rclcpp/cmake)
[7.372s] -- Found rmw_implementation_cmake: 6.1.1 (/opt/ros/humble/share/rmw_implementation_cmake/cmake)
[7.384s] -- Found rmw_fastrtps_cpp: 6.2.6 (/opt/ros/humble/share/rmw_fastrtps_cpp/cmake)
[7.702s] -- Found OpenSSL: /usr/lib/x86_64-linux-gnu/libcrypto.so (found version "3.0.2")  
[7.783s] -- Found FastRTPS: /opt/ros/humble/include  
[7.953s] -- Using RMW implementation 'rmw_fastrtps_cpp' as default
[7.989s] -- Found Threads: TRUE  
[8.391s] -- Found sensor_msgs: 4.2.3 (/opt/ros/humble/share/sensor_msgs/cmake)
[8.633s] -- Found tf2: 0.25.6 (/opt/ros/humble/share/tf2/cmake)
[8.896s] -- Configuring done
[9.001s] -- Generating done
[9.008s] -- Build files have been written to: /home/cain/ros2_ws/build/turtlebot3_gazebo
[9.048s] Invoked command in '/home/cain/ros2_ws/build/turtlebot3_gazebo' returned '0': CMAKE_PREFIX_PATH=${CMAKE_PREFIX_PATH}:/home/cain/turtlebot3_ws/install/turtlebot3_teleop:/home/cain/turtlebot3_ws/install/turtlebot3_example:/home/cain/ros2_ws/install/my_robot_controller:/opt/ros/humble /usr/bin/cmake /home/cain/ros2_ws/src/turtlebot3_simulations/turtlebot3_gazebo -DCMAKE_INSTALL_PREFIX=/home/cain/ros2_ws/install/turtlebot3_gazebo
[9.050s] Invoking command in '/home/cain/ros2_ws/build/turtlebot3_gazebo': CMAKE_PREFIX_PATH=${CMAKE_PREFIX_PATH}:/home/cain/turtlebot3_ws/install/turtlebot3_teleop:/home/cain/turtlebot3_ws/install/turtlebot3_example:/home/cain/ros2_ws/install/my_robot_controller:/opt/ros/humble /usr/bin/cmake --build /home/cain/ros2_ws/build/turtlebot3_gazebo -- -j4 -l4
[9.286s] [ 12%] [32mBuilding CXX object CMakeFiles/turtlebot3_drive.dir/src/turtlebot3_drive.cpp.o[0m
[9.286s] [ 25%] [32mBuilding CXX object CMakeFiles/obstacle1.dir/models/turtlebot3_dqn_world/obstacle_plugin/obstacle1.cc.o[0m
[9.292s] [ 37%] [32mBuilding CXX object CMakeFiles/obstacles.dir/models/turtlebot3_dqn_world/obstacle_plugin/obstacles.cc.o[0m
[9.327s] [ 50%] [32mBuilding CXX object CMakeFiles/obstacle2.dir/models/turtlebot3_dqn_world/obstacle_plugin/obstacle2.cc.o[0m
[45.132s] [ 62%] [32m[1mLinking CXX shared library libobstacle2.so[0m
[45.866s] [ 62%] Built target obstacle2
[47.208s] [ 75%] [32m[1mLinking CXX shared library libobstacle1.so[0m
[47.927s] [ 75%] Built target obstacle1
[49.508s] [ 87%] [32m[1mLinking CXX shared library libobstacles.so[0m
[50.190s] [ 87%] Built target obstacles
[51.179s] [100%] [32m[1mLinking CXX executable turtlebot3_drive[0m
[52.799s] [100%] Built target turtlebot3_drive
[52.859s] Invoked command in '/home/cain/ros2_ws/build/turtlebot3_gazebo' returned '0': CMAKE_PREFIX_PATH=${CMAKE_PREFIX_PATH}:/home/cain/turtlebot3_ws/install/turtlebot3_teleop:/home/cain/turtlebot3_ws/install/turtlebot3_example:/home/cain/ros2_ws/install/my_robot_controller:/opt/ros/humble /usr/bin/cmake --build /home/cain/ros2_ws/build/turtlebot3_gazebo -- -j4 -l4
[53.095s] Invoking command in '/home/cain/ros2_ws/build/turtlebot3_gazebo': CMAKE_PREFIX_PATH=${CMAKE_PREFIX_PATH}:/home/cain/turtlebot3_ws/install/turtlebot3_teleop:/home/cain/turtlebot3_ws/install/turtlebot3_example:/home/cain/ros2_ws/install/my_robot_controller:/opt/ros/humble /usr/bin/cmake --install /home/cain/ros2_ws/build/turtlebot3_gazebo
[53.117s] -- Install configuration: ""
[53.118s] -- Installing: /home/cain/ros2_ws/install/turtlebot3_gazebo/lib/turtlebot3_gazebo/turtlebot3_drive
[53.139s] -- Set runtime path of "/home/cain/ros2_ws/install/turtlebot3_gazebo/lib/turtlebot3_gazebo/turtlebot3_drive" to ""
[53.139s] -- Installing: /home/cain/ros2_ws/install/turtlebot3_gazebo/share/turtlebot3_gazebo//launch
[53.140s] -- Installing: /home/cain/ros2_ws/install/turtlebot3_gazebo/share/turtlebot3_gazebo//launch/empty_world.launch.py
[53.140s] -- Installing: /home/cain/ros2_ws/install/turtlebot3_gazebo/share/turtlebot3_gazebo//launch/turtlebot3_world.launch.py
[53.141s] -- Installing: /home/cain/ros2_ws/install/turtlebot3_gazebo/share/turtlebot3_gazebo//launch/turtlebot3_dqn_stage1.launch.py
[53.141s] -- Installing: /home/cain/ros2_ws/install/turtlebot3_gazebo/share/turtlebot3_gazebo//launch/turtlebot3_house.launch.py
[53.143s] -- Installing: /home/cain/ros2_ws/install/turtlebot3_gazebo/share/turtlebot3_gazebo//launch/turtlebot3_dqn_stage3.launch.py
[53.143s] -- Installing: /home/cain/ros2_ws/install/turtlebot3_gazebo/share/turtlebot3_gazebo//launch/turtlebot3_dqn_stage2.launch.py
[53.146s] -- Installing: /home/cain/ros2_ws/install/turtlebot3_gazebo/share/turtlebot3_gazebo//launch/robot_state_publisher.launch.py
[53.147s] -- Installing: /home/cain/ros2_ws/install/turtlebot3_gazebo/share/turtlebot3_gazebo//launch/turtlebot3_dqn_stage4.launch.py
[53.148s] -- Installing: /home/cain/ros2_ws/install/turtlebot3_gazebo/share/turtlebot3_gazebo//launch/spawn_turtlebot3.launch.py
[53.148s] -- Installing: /home/cain/ros2_ws/install/turtlebot3_gazebo/share/turtlebot3_gazebo//models
[53.149s] -- Installing: /home/cain/ros2_ws/install/turtlebot3_gazebo/share/turtlebot3_gazebo//models/turtlebot3_waffle_pi
[53.151s] -- Installing: /home/cain/ros2_ws/install/turtlebot3_gazebo/share/turtlebot3_gazebo//models/turtlebot3_waffle_pi/model-1_4_.sdf
[53.151s] -- Installing: /home/cain/ros2_ws/install/turtlebot3_gazebo/share/turtlebot3_gazebo//models/turtlebot3_waffle_pi/model.config
[53.152s] -- Installing: /home/cain/ros2_ws/install/turtlebot3_gazebo/share/turtlebot3_gazebo//models/turtlebot3_waffle_pi/model.sdf
[53.153s] -- Installing: /home/cain/ros2_ws/install/turtlebot3_gazebo/share/turtlebot3_gazebo//models/turtlebot3_common
[53.153s] -- Installing: /home/cain/ros2_ws/install/turtlebot3_gazebo/share/turtlebot3_gazebo//models/turtlebot3_common/meshes
[53.153s] -- Installing: /home/cain/ros2_ws/install/turtlebot3_gazebo/share/turtlebot3_gazebo//models/turtlebot3_common/meshes/waffle_base.dae
[53.153s] -- Installing: /home/cain/ros2_ws/install/turtlebot3_gazebo/share/turtlebot3_gazebo//models/turtlebot3_common/meshes/burger_base.dae
[53.154s] -- Installing: /home/cain/ros2_ws/install/turtlebot3_gazebo/share/turtlebot3_gazebo//models/turtlebot3_common/meshes/tire.dae
[53.154s] -- Installing: /home/cain/ros2_ws/install/turtlebot3_gazebo/share/turtlebot3_gazebo//models/turtlebot3_common/meshes/waffle_pi_base.dae
[53.154s] -- Installing: /home/cain/ros2_ws/install/turtlebot3_gazebo/share/turtlebot3_gazebo//models/turtlebot3_common/meshes/lds.dae
[53.154s] -- Installing: /home/cain/ros2_ws/install/turtlebot3_gazebo/share/turtlebot3_gazebo//models/turtlebot3_common/meshes/r200.dae
[53.155s] -- Installing: /home/cain/ros2_ws/install/turtlebot3_gazebo/share/turtlebot3_gazebo//models/turtlebot3_common/model.config
[53.156s] -- Installing: /home/cain/ros2_ws/install/turtlebot3_gazebo/share/turtlebot3_gazebo//models/turtlebot3_waffle
[53.156s] -- Installing: /home/cain/ros2_ws/install/turtlebot3_gazebo/share/turtlebot3_gazebo//models/turtlebot3_waffle/model.config
[53.157s] -- Installing: /home/cain/ros2_ws/install/turtlebot3_gazebo/share/turtlebot3_gazebo//models/turtlebot3_waffle/model.sdf
[53.158s] -- Installing: /home/cain/ros2_ws/install/turtlebot3_gazebo/share/turtlebot3_gazebo//models/turtlebot3_waffle/model-1_4.sdf
[53.158s] -- Installing: /home/cain/ros2_ws/install/turtlebot3_gazebo/share/turtlebot3_gazebo//models/turtlebot3_burger
[53.159s] -- Installing: /home/cain/ros2_ws/install/turtlebot3_gazebo/share/turtlebot3_gazebo//models/turtlebot3_burger/model.config
[53.160s] -- Installing: /home/cain/ros2_ws/install/turtlebot3_gazebo/share/turtlebot3_gazebo//models/turtlebot3_burger/model.sdf
[53.160s] -- Installing: /home/cain/ros2_ws/install/turtlebot3_gazebo/share/turtlebot3_gazebo//models/turtlebot3_burger/model-1_4.sdf
[53.160s] -- Installing: /home/cain/ros2_ws/install/turtlebot3_gazebo/share/turtlebot3_gazebo//models/turtlebot3_house
[53.161s] -- Installing: /home/cain/ros2_ws/install/turtlebot3_gazebo/share/turtlebot3_gazebo//models/turtlebot3_house/model.config
[53.161s] -- Installing: /home/cain/ros2_ws/install/turtlebot3_gazebo/share/turtlebot3_gazebo//models/turtlebot3_house/model.sdf
[53.163s] -- Installing: /home/cain/ros2_ws/install/turtlebot3_gazebo/share/turtlebot3_gazebo//models/turtlebot3_dqn_world
[53.163s] -- Installing: /home/cain/ros2_ws/install/turtlebot3_gazebo/share/turtlebot3_gazebo//models/turtlebot3_dqn_world/obstacle2
[53.163s] -- Installing: /home/cain/ros2_ws/install/turtlebot3_gazebo/share/turtlebot3_gazebo//models/turtlebot3_dqn_world/obstacle2/model.config
[53.166s] -- Installing: /home/cain/ros2_ws/install/turtlebot3_gazebo/share/turtlebot3_gazebo//models/turtlebot3_dqn_world/obstacle2/model.sdf
[53.166s] -- Installing: /home/cain/ros2_ws/install/turtlebot3_gazebo/share/turtlebot3_gazebo//models/turtlebot3_dqn_world/obstacles
[53.166s] -- Installing: /home/cain/ros2_ws/install/turtlebot3_gazebo/share/turtlebot3_gazebo//models/turtlebot3_dqn_world/obstacles/model.config
[53.167s] -- Installing: /home/cain/ros2_ws/install/turtlebot3_gazebo/share/turtlebot3_gazebo//models/turtlebot3_dqn_world/obstacles/model.sdf
[53.168s] -- Installing: /home/cain/ros2_ws/install/turtlebot3_gazebo/share/turtlebot3_gazebo//models/turtlebot3_dqn_world/model.config
[53.168s] -- Installing: /home/cain/ros2_ws/install/turtlebot3_gazebo/share/turtlebot3_gazebo//models/turtlebot3_dqn_world/goal_box
[53.168s] -- Installing: /home/cain/ros2_ws/install/turtlebot3_gazebo/share/turtlebot3_gazebo//models/turtlebot3_dqn_world/goal_box/model.config
[53.169s] -- Installing: /home/cain/ros2_ws/install/turtlebot3_gazebo/share/turtlebot3_gazebo//models/turtlebot3_dqn_world/goal_box/model.sdf
[53.169s] -- Installing: /home/cain/ros2_ws/install/turtlebot3_gazebo/share/turtlebot3_gazebo//models/turtlebot3_dqn_world/model.sdf
[53.170s] -- Installing: /home/cain/ros2_ws/install/turtlebot3_gazebo/share/turtlebot3_gazebo//models/turtlebot3_dqn_world/inner_walls
[53.171s] -- Installing: /home/cain/ros2_ws/install/turtlebot3_gazebo/share/turtlebot3_gazebo//models/turtlebot3_dqn_world/inner_walls/model.config
[53.171s] -- Installing: /home/cain/ros2_ws/install/turtlebot3_gazebo/share/turtlebot3_gazebo//models/turtlebot3_dqn_world/inner_walls/model.sdf
[53.171s] -- Installing: /home/cain/ros2_ws/install/turtlebot3_gazebo/share/turtlebot3_gazebo//models/turtlebot3_dqn_world/obstacle_plugin
[53.172s] -- Installing: /home/cain/ros2_ws/install/turtlebot3_gazebo/share/turtlebot3_gazebo//models/turtlebot3_dqn_world/obstacle_plugin/obstacle1.cc
[53.172s] -- Installing: /home/cain/ros2_ws/install/turtlebot3_gazebo/share/turtlebot3_gazebo//models/turtlebot3_dqn_world/obstacle_plugin/CMakeLists.txt
[53.172s] -- Installing: /home/cain/ros2_ws/install/turtlebot3_gazebo/share/turtlebot3_gazebo//models/turtlebot3_dqn_world/obstacle_plugin/obstacle2.cc
[53.173s] -- Installing: /home/cain/ros2_ws/install/turtlebot3_gazebo/share/turtlebot3_gazebo//models/turtlebot3_dqn_world/obstacle_plugin/obstacles.cc
[53.173s] -- Installing: /home/cain/ros2_ws/install/turtlebot3_gazebo/share/turtlebot3_gazebo//models/turtlebot3_dqn_world/obstacle1
[53.174s] -- Installing: /home/cain/ros2_ws/install/turtlebot3_gazebo/share/turtlebot3_gazebo//models/turtlebot3_dqn_world/obstacle1/model.config
[53.175s] -- Installing: /home/cain/ros2_ws/install/turtlebot3_gazebo/share/turtlebot3_gazebo//models/turtlebot3_dqn_world/obstacle1/model.sdf
[53.175s] -- Installing: /home/cain/ros2_ws/install/turtlebot3_gazebo/share/turtlebot3_gazebo//models/turtlebot3_world
[53.176s] -- Installing: /home/cain/ros2_ws/install/turtlebot3_gazebo/share/turtlebot3_gazebo//models/turtlebot3_world/meshes
[53.176s] -- Installing: /home/cain/ros2_ws/install/turtlebot3_gazebo/share/turtlebot3_gazebo//models/turtlebot3_world/meshes/hexagon.dae
[53.176s] -- Installing: /home/cain/ros2_ws/install/turtlebot3_gazebo/share/turtlebot3_gazebo//models/turtlebot3_world/meshes/wall.dae
[53.177s] -- Installing: /home/cain/ros2_ws/install/turtlebot3_gazebo/share/turtlebot3_gazebo//models/turtlebot3_world/model.config
[53.177s] -- Installing: /home/cain/ros2_ws/install/turtlebot3_gazebo/share/turtlebot3_gazebo//models/turtlebot3_world/model.sdf
[53.178s] -- Installing: /home/cain/ros2_ws/install/turtlebot3_gazebo/share/turtlebot3_gazebo//models/turtlebot3_world/model-1_4.sdf
[53.179s] -- Installing: /home/cain/ros2_ws/install/turtlebot3_gazebo/share/turtlebot3_gazebo//rviz
[53.179s] -- Installing: /home/cain/ros2_ws/install/turtlebot3_gazebo/share/turtlebot3_gazebo//rviz/tb3_gazebo.rviz
[53.180s] -- Installing: /home/cain/ros2_ws/install/turtlebot3_gazebo/share/turtlebot3_gazebo//urdf
[53.180s] -- Installing: /home/cain/ros2_ws/install/turtlebot3_gazebo/share/turtlebot3_gazebo//urdf/common_properties.urdf
[53.180s] -- Installing: /home/cain/ros2_ws/install/turtlebot3_gazebo/share/turtlebot3_gazebo//urdf/turtlebot3_burger.urdf
[53.181s] -- Installing: /home/cain/ros2_ws/install/turtlebot3_gazebo/share/turtlebot3_gazebo//urdf/turtlebot3_waffle.urdf
[53.182s] -- Installing: /home/cain/ros2_ws/install/turtlebot3_gazebo/share/turtlebot3_gazebo//urdf/turtlebot3_waffle_pi.urdf
[53.183s] -- Installing: /home/cain/ros2_ws/install/turtlebot3_gazebo/share/turtlebot3_gazebo//worlds
[53.183s] -- Installing: /home/cain/ros2_ws/install/turtlebot3_gazebo/share/turtlebot3_gazebo//worlds/model.world
[53.184s] -- Installing: /home/cain/ros2_ws/install/turtlebot3_gazebo/share/turtlebot3_gazebo//worlds/empty_world.world
[53.184s] -- Installing: /home/cain/ros2_ws/install/turtlebot3_gazebo/share/turtlebot3_gazebo//worlds/turtlebot3_dqn_stage4.world
[53.185s] -- Installing: /home/cain/ros2_ws/install/turtlebot3_gazebo/share/turtlebot3_gazebo//worlds/turtlebot3_dqn_stage2.world
[53.185s] -- Installing: /home/cain/ros2_ws/install/turtlebot3_gazebo/share/turtlebot3_gazebo//worlds/turtlebot3_dqn_stage1.world
[53.186s] -- Installing: /home/cain/ros2_ws/install/turtlebot3_gazebo/share/turtlebot3_gazebo//worlds/turtlebot3_world.world
[53.187s] -- Installing: /home/cain/ros2_ws/install/turtlebot3_gazebo/share/turtlebot3_gazebo//worlds/turtlebot3_house.world
[53.187s] -- Installing: /home/cain/ros2_ws/install/turtlebot3_gazebo/share/turtlebot3_gazebo//worlds/turtlebot3_dqn_stage3.world
[53.189s] -- Installing: /home/cain/ros2_ws/install/turtlebot3_gazebo/include/
[53.189s] -- Installing: /home/cain/ros2_ws/install/turtlebot3_gazebo/include//turtlebot3_gazebo
[53.190s] -- Installing: /home/cain/ros2_ws/install/turtlebot3_gazebo/include//turtlebot3_gazebo/turtlebot3_drive.hpp
[53.191s] -- Installing: /home/cain/ros2_ws/install/turtlebot3_gazebo/share/ament_index/resource_index/package_run_dependencies/turtlebot3_gazebo
[53.192s] -- Installing: /home/cain/ros2_ws/install/turtlebot3_gazebo/share/ament_index/resource_index/parent_prefix_path/turtlebot3_gazebo
[53.193s] -- Installing: /home/cain/ros2_ws/install/turtlebot3_gazebo/share/turtlebot3_gazebo/environment/ament_prefix_path.sh
[53.194s] -- Installing: /home/cain/ros2_ws/install/turtlebot3_gazebo/share/turtlebot3_gazebo/environment/ament_prefix_path.dsv
[53.194s] -- Installing: /home/cain/ros2_ws/install/turtlebot3_gazebo/share/turtlebot3_gazebo/environment/path.sh
[53.195s] -- Installing: /home/cain/ros2_ws/install/turtlebot3_gazebo/share/turtlebot3_gazebo/environment/path.dsv
[53.195s] -- Installing: /home/cain/ros2_ws/install/turtlebot3_gazebo/share/turtlebot3_gazebo/local_setup.bash
[53.196s] -- Installing: /home/cain/ros2_ws/install/turtlebot3_gazebo/share/turtlebot3_gazebo/local_setup.sh
[53.197s] -- Installing: /home/cain/ros2_ws/install/turtlebot3_gazebo/share/turtlebot3_gazebo/local_setup.zsh
[53.197s] -- Installing: /home/cain/ros2_ws/install/turtlebot3_gazebo/share/turtlebot3_gazebo/local_setup.dsv
[53.198s] -- Installing: /home/cain/ros2_ws/install/turtlebot3_gazebo/share/turtlebot3_gazebo/package.dsv
[53.200s] -- Installing: /home/cain/ros2_ws/install/turtlebot3_gazebo/share/ament_index/resource_index/packages/turtlebot3_gazebo
[53.200s] -- Installing: /home/cain/ros2_ws/install/turtlebot3_gazebo/share/turtlebot3_gazebo/cmake/ament_cmake_export_include_directories-extras.cmake
[53.201s] -- Installing: /home/cain/ros2_ws/install/turtlebot3_gazebo/share/turtlebot3_gazebo/cmake/ament_cmake_export_dependencies-extras.cmake
[53.201s] -- Installing: /home/cain/ros2_ws/install/turtlebot3_gazebo/share/turtlebot3_gazebo/cmake/turtlebot3_gazeboConfig.cmake
[53.202s] -- Installing: /home/cain/ros2_ws/install/turtlebot3_gazebo/share/turtlebot3_gazebo/cmake/turtlebot3_gazeboConfig-version.cmake
[53.202s] -- Installing: /home/cain/ros2_ws/install/turtlebot3_gazebo/share/turtlebot3_gazebo/package.xml
[53.212s] Invoked command in '/home/cain/ros2_ws/build/turtlebot3_gazebo' returned '0': CMAKE_PREFIX_PATH=${CMAKE_PREFIX_PATH}:/home/cain/turtlebot3_ws/install/turtlebot3_teleop:/home/cain/turtlebot3_ws/install/turtlebot3_example:/home/cain/ros2_ws/install/my_robot_controller:/opt/ros/humble /usr/bin/cmake --install /home/cain/ros2_ws/build/turtlebot3_gazebo
